#
# There is insufficient memory for the Java Runtime Environment to continue.
# Native memory allocation (mmap) failed to map 168820736 bytes for Failed to commit area from 0x00000000cd700000 to 0x00000000d7800000 of length 168820736.
# Possible reasons:
#   The system is out of physical RAM or swap space
#   The process is running with CompressedOops enabled, and the Java Heap may be blocking the growth of the native heap
# Possible solutions:
#   Reduce memory load on the system
#   Increase physical memory or swap space
#   Check if swap backing store is full
#   Decrease Java heap size (-Xmx/-Xms)
#   Decrease number of Java threads
#   Decrease Java thread stack sizes (-Xss)
#   Set larger code cache with -XX:ReservedCodeCacheSize=
#   JVM is running with Unscaled Compressed Oops mode in which the Java heap is
#     placed in the first 4GB address space. The Java Heap base address is the
#     maximum limit for the native heap growth. Please use -XX:HeapBaseMinAddress
#     to set the Java Heap base and to place the Java Heap above 4GB virtual address.
# This output file may be truncated or incomplete.
#
#  Out of Memory Error (./src/hotspot/os/windows/os_windows.cpp:3387), pid=10316, tid=12832
#
# JRE version: OpenJDK Runtime Environment Corretto-11.0.14.10.1 (11.0.14.1+10) (build 11.0.14.1+10-LTS)
# Java VM: OpenJDK 64-Bit Server VM Corretto-11.0.14.10.1 (11.0.14.1+10-LTS, mixed mode, tiered, compressed oops, g1 gc, windows-amd64)
# No core dump will be written. Minidumps are not enabled by default on client versions of Windows
#

---------------  S U M M A R Y ------------

Command Line: -javaagent:C:\Program Files\JetBrains\IntelliJ IDEA Community Edition 2021.3.2\lib\idea_rt.jar=65392:C:\Program Files\JetBrains\IntelliJ IDEA Community Edition 2021.3.2\bin -Dfile.encoding=UTF-8 Main

Host: Intel(R) Core(TM) i7 CPU       L 640  @ 2.13GHz, 4 cores, 3G,  Windows 10 , 64 bit Build 19041 (10.0.19041.1566)
Time: Mon Mar 28 18:38:04 2022 Астраханское стандартное время elapsed time: 6.338706 seconds (0d 0h 0m 6s)

---------------  T H R E A D  ---------------

Current thread (0x000001c77f8ca800):  VMThread "VM Thread" [stack: 0x0000000bdb200000,0x0000000bdb300000] [id=12832]

Stack: [0x0000000bdb200000,0x0000000bdb300000]
[error occurred during error reporting (printing stack bounds), id 0xc0000005, EXCEPTION_ACCESS_VIOLATION (0xc0000005) at pc=0x000001c70866113d]

Native frames: (J=compiled Java code, j=interpreted, Vv=VM code, C=native code)
V  [jvm.dll+0x61e62a]
V  [jvm.dll+0x7ab569]
V  [jvm.dll+0x7acc58]
V  [jvm.dll+0x7ad295]
V  [jvm.dll+0x7ad24b]
V  [jvm.dll+0x61d9b7]
V  [jvm.dll+0x61e0c8]
C  [ntdll.dll+0xa20cf]
C  [ntdll.dll+0x51454]
C  [ntdll.dll+0xa0bfe]
C  0x000001c70866113d

VM_Operation (0x0000000bdacfc400): G1CollectForAllocation, mode: safepoint, requested by thread 0x000001c77de55000


---------------  P R O C E S S  ---------------

Threads class SMR info:
_java_thread_list=0x000001c71c59c950, length=11, elements={
0x000001c77de55000, 0x000001c77f8cc800, 0x000001c77f8d8800, 0x000001c77f933000,
0x000001c77f935800, 0x000001c77f938800, 0x000001c77f939800, 0x000001c71b15b800,
0x000001c71b15c800, 0x000001c77f874800, 0x000001c71b343000
}

Java Threads: ( => current thread )
  0x000001c77de55000 JavaThread "main" [_thread_blocked, id=12664, stack(0x0000000bdac00000,0x0000000bdad00000)]
  0x000001c77f8cc800 JavaThread "Reference Handler" daemon [_thread_blocked, id=6504, stack(0x0000000bdb300000,0x0000000bdb400000)]
  0x000001c77f8d8800 JavaThread "Finalizer" daemon [_thread_blocked, id=7052, stack(0x0000000bdb400000,0x0000000bdb500000)]
  0x000001c77f933000 JavaThread "Signal Dispatcher" daemon [_thread_blocked, id=240, stack(0x0000000bdb500000,0x0000000bdb600000)]
  0x000001c77f935800 JavaThread "Attach Listener" daemon [_thread_blocked, id=5768, stack(0x0000000bdb600000,0x0000000bdb700000)]
  0x000001c77f938800 JavaThread "Service Thread" daemon [_thread_blocked, id=14972, stack(0x0000000bdb700000,0x0000000bdb800000)]
  0x000001c77f939800 JavaThread "C2 CompilerThread0" daemon [_thread_blocked, id=15068, stack(0x0000000bdb800000,0x0000000bdb900000)]
  0x000001c71b15b800 JavaThread "C1 CompilerThread0" daemon [_thread_blocked, id=3376, stack(0x0000000bdb900000,0x0000000bdba00000)]
  0x000001c71b15c800 JavaThread "Sweeper thread" daemon [_thread_blocked, id=17052, stack(0x0000000bdba00000,0x0000000bdbb00000)]
  0x000001c77f874800 JavaThread "Common-Cleaner" daemon [_thread_blocked, id=17524, stack(0x0000000bdbb00000,0x0000000bdbc00000)]
  0x000001c71b343000 JavaThread "Monitor Ctrl-Break" daemon [_thread_in_native, id=10432, stack(0x0000000bdbc00000,0x0000000bdbd00000)]

Other Threads:
=>0x000001c77f8ca800 VMThread "VM Thread" [stack: 0x0000000bdb200000,0x0000000bdb300000] [id=12832]
  0x000001c71b490800 WatcherThread [stack: 0x0000000bdbd00000,0x0000000bdbe00000] [id=17728]
  0x000001c77de6e000 GCTaskThread "GC Thread#0" [stack: 0x0000000bdad00000,0x0000000bdae00000] [id=2672]
  0x000001c71bc77800 GCTaskThread "GC Thread#1" [stack: 0x0000000bdc000000,0x0000000bdc100000] [id=16600]
  0x000001c71bc73000 GCTaskThread "GC Thread#2" [stack: 0x0000000bdbe00000,0x0000000bdbf00000] [id=14560]
  0x000001c77de88800 ConcurrentGCThread "G1 Main Marker" [stack: 0x0000000bdae00000,0x0000000bdaf00000] [id=14960]
  0x000001c77de8b800 ConcurrentGCThread "G1 Conc#0" [stack: 0x0000000bdaf00000,0x0000000bdb000000] [id=12316]
  0x000001c77ded1800 ConcurrentGCThread "G1 Refine#0" [stack: 0x0000000bdb000000,0x0000000bdb100000] [id=8024]
  0x000001c77ded2800 ConcurrentGCThread "G1 Young RemSet Sampling" [stack: 0x0000000bdb100000,0x0000000bdb200000] [id=2088]

Threads with active compile tasks:

VM state:at safepoint (normal execution)

VM Mutex/Monitor currently owned by a thread:  ([mutex/lock_event])
[0x000001c77de50c20] Threads_lock - owner thread: 0x000001c77f8ca800
[0x000001c77de52060] Heap_lock - owner thread: 0x000001c77de55000

Heap address: 0x00000000c3400000, size: 972 MB, Compressed Oops mode: 32-bit
Narrow klass base: 0x0000000000000000, Narrow klass shift: 3
Compressed class space size: 1073741824 Address: 0x0000000100000000

Heap:
 garbage-first heap   total 331776K, used 41043K [0x00000000c3400000, 0x0000000100000000)
  region size 1024K, 10 young (10240K), 10 survivors (10240K)
 Metaspace       used 11065K, capacity 11323K, committed 11648K, reserved 1060864K
  class space    used 976K, capacity 1044K, committed 1152K, reserved 1048576K
Heap Regions: E=young(eden), S=young(survivor), O=old, HS=humongous(starts), HC=humongous(continues), CS=collection set, F=free, A=archive, TAMS=top-at-mark-start (previous, next)
|   0|0x00000000c3400000, 0x00000000c3500000, 0x00000000c3500000|100%| O|  |TAMS 0x00000000c3400000, 0x00000000c3400000| Untracked 
|   1|0x00000000c3500000, 0x00000000c3600000, 0x00000000c3600000|100%| O|  |TAMS 0x00000000c3500000, 0x00000000c3500000| Untracked 
|   2|0x00000000c3600000, 0x00000000c3700000, 0x00000000c3700000|100%| O|  |TAMS 0x00000000c3600000, 0x00000000c3600000| Untracked 
|   3|0x00000000c3700000, 0x00000000c3800000, 0x00000000c3800000|100%| O|  |TAMS 0x00000000c3700000, 0x00000000c3700000| Untracked 
|   4|0x00000000c3800000, 0x00000000c3900000, 0x00000000c3900000|100%| O|  |TAMS 0x00000000c3800000, 0x00000000c3800000| Untracked 
|   5|0x00000000c3900000, 0x00000000c3a00000, 0x00000000c3a00000|100%| O|  |TAMS 0x00000000c3900000, 0x00000000c3900000| Untracked 
|   6|0x00000000c3a00000, 0x00000000c3b00000, 0x00000000c3b00000|100%| O|  |TAMS 0x00000000c3a00000, 0x00000000c3a00000| Untracked 
|   7|0x00000000c3b00000, 0x00000000c3c00000, 0x00000000c3c00000|100%| O|  |TAMS 0x00000000c3b00000, 0x00000000c3b00000| Untracked 
|   8|0x00000000c3c00000, 0x00000000c3d00000, 0x00000000c3d00000|100%| O|  |TAMS 0x00000000c3c00000, 0x00000000c3c00000| Untracked 
|   9|0x00000000c3d00000, 0x00000000c3e00000, 0x00000000c3e00000|100%| O|  |TAMS 0x00000000c3d00000, 0x00000000c3d00000| Untracked 
|  10|0x00000000c3e00000, 0x00000000c3f00000, 0x00000000c3f00000|100%| O|  |TAMS 0x00000000c3e00000, 0x00000000c3e00000| Untracked 
|  11|0x00000000c3f00000, 0x00000000c4000000, 0x00000000c4000000|100%| O|  |TAMS 0x00000000c3f00000, 0x00000000c3f00000| Untracked 
|  12|0x00000000c4000000, 0x00000000c4100000, 0x00000000c4100000|100%| O|  |TAMS 0x00000000c4000000, 0x00000000c4000000| Untracked 
|  13|0x00000000c4100000, 0x00000000c4200000, 0x00000000c4200000|100%| O|  |TAMS 0x00000000c4100000, 0x00000000c4100000| Untracked 
|  14|0x00000000c4200000, 0x00000000c4300000, 0x00000000c4300000|100%| O|  |TAMS 0x00000000c4200000, 0x00000000c4200000| Untracked 
|  15|0x00000000c4300000, 0x00000000c4400000, 0x00000000c4400000|100%| O|  |TAMS 0x00000000c4300000, 0x00000000c4300000| Untracked 
|  16|0x00000000c4400000, 0x00000000c4500000, 0x00000000c4500000|100%| O|  |TAMS 0x00000000c4400000, 0x00000000c4400000| Untracked 
|  17|0x00000000c4500000, 0x00000000c4600000, 0x00000000c4600000|100%| O|  |TAMS 0x00000000c4500000, 0x00000000c4500000| Untracked 
|  18|0x00000000c4600000, 0x00000000c4700000, 0x00000000c4700000|100%| O|  |TAMS 0x00000000c4600000, 0x00000000c4600000| Untracked 
|  19|0x00000000c4700000, 0x00000000c4800000, 0x00000000c4800000|100%| O|  |TAMS 0x00000000c4700000, 0x00000000c4700000| Untracked 
|  20|0x00000000c4800000, 0x00000000c4900000, 0x00000000c4900000|100%| O|  |TAMS 0x00000000c4800000, 0x00000000c4800000| Untracked 
|  21|0x00000000c4900000, 0x00000000c4a00000, 0x00000000c4a00000|100%| O|  |TAMS 0x00000000c4900000, 0x00000000c4900000| Untracked 
|  22|0x00000000c4a00000, 0x00000000c4b00000, 0x00000000c4b00000|100%| O|  |TAMS 0x00000000c4a00000, 0x00000000c4a00000| Untracked 
|  23|0x00000000c4b00000, 0x00000000c4c00000, 0x00000000c4c00000|100%| O|  |TAMS 0x00000000c4b00000, 0x00000000c4b00000| Untracked 
|  24|0x00000000c4c00000, 0x00000000c4d00000, 0x00000000c4d00000|100%| O|  |TAMS 0x00000000c4c00000, 0x00000000c4c00000| Untracked 
|  25|0x00000000c4d00000, 0x00000000c4e00000, 0x00000000c4e00000|100%| O|  |TAMS 0x00000000c4d00000, 0x00000000c4d00000| Untracked 
|  26|0x00000000c4e00000, 0x00000000c4f00000, 0x00000000c4f00000|100%| O|  |TAMS 0x00000000c4e00000, 0x00000000c4e00000| Untracked 
|  27|0x00000000c4f00000, 0x00000000c5000000, 0x00000000c5000000|100%| O|  |TAMS 0x00000000c4f00000, 0x00000000c4f00000| Untracked 
|  28|0x00000000c5000000, 0x00000000c5100000, 0x00000000c5100000|100%| O|  |TAMS 0x00000000c5000000, 0x00000000c5000000| Untracked 
|  29|0x00000000c5100000, 0x00000000c5200000, 0x00000000c5200000|100%| O|  |TAMS 0x00000000c5100000, 0x00000000c5100000| Untracked 
|  30|0x00000000c5200000, 0x00000000c5294e00, 0x00000000c5300000| 58%| O|  |TAMS 0x00000000c5200000, 0x00000000c5200000| Untracked 
|  31|0x00000000c5300000, 0x00000000c5300000, 0x00000000c5400000|  0%| F|  |TAMS 0x00000000c5300000, 0x00000000c5300000| Untracked 
|  32|0x00000000c5400000, 0x00000000c5400000, 0x00000000c5500000|  0%| F|  |TAMS 0x00000000c5400000, 0x00000000c5400000| Untracked 
|  33|0x00000000c5500000, 0x00000000c5500000, 0x00000000c5600000|  0%| F|  |TAMS 0x00000000c5500000, 0x00000000c5500000| Untracked 
|  34|0x00000000c5600000, 0x00000000c5600000, 0x00000000c5700000|  0%| F|  |TAMS 0x00000000c5600000, 0x00000000c5600000| Untracked 
|  35|0x00000000c5700000, 0x00000000c5700000, 0x00000000c5800000|  0%| F|  |TAMS 0x00000000c5700000, 0x00000000c5700000| Untracked 
|  36|0x00000000c5800000, 0x00000000c5800000, 0x00000000c5900000|  0%| F|  |TAMS 0x00000000c5800000, 0x00000000c5800000| Untracked 
|  37|0x00000000c5900000, 0x00000000c5900000, 0x00000000c5a00000|  0%| F|  |TAMS 0x00000000c5900000, 0x00000000c5900000| Untracked 
|  38|0x00000000c5a00000, 0x00000000c5a00000, 0x00000000c5b00000|  0%| F|  |TAMS 0x00000000c5a00000, 0x00000000c5a00000| Untracked 
|  39|0x00000000c5b00000, 0x00000000c5b00000, 0x00000000c5c00000|  0%| F|  |TAMS 0x00000000c5b00000, 0x00000000c5b00000| Untracked 
|  40|0x00000000c5c00000, 0x00000000c5c00000, 0x00000000c5d00000|  0%| F|  |TAMS 0x00000000c5c00000, 0x00000000c5c00000| Untracked 
|  41|0x00000000c5d00000, 0x00000000c5d00000, 0x00000000c5e00000|  0%| F|  |TAMS 0x00000000c5d00000, 0x00000000c5d00000| Untracked 
|  42|0x00000000c5e00000, 0x00000000c5e00000, 0x00000000c5f00000|  0%| F|  |TAMS 0x00000000c5e00000, 0x00000000c5e00000| Untracked 
|  43|0x00000000c5f00000, 0x00000000c5f00000, 0x00000000c6000000|  0%| F|  |TAMS 0x00000000c5f00000, 0x00000000c5f00000| Untracked 
|  44|0x00000000c6000000, 0x00000000c6000000, 0x00000000c6100000|  0%| F|  |TAMS 0x00000000c6000000, 0x00000000c6000000| Untracked 
|  45|0x00000000c6100000, 0x00000000c6100000, 0x00000000c6200000|  0%| F|  |TAMS 0x00000000c6100000, 0x00000000c6100000| Untracked 
|  46|0x00000000c6200000, 0x00000000c6200000, 0x00000000c6300000|  0%| F|  |TAMS 0x00000000c6200000, 0x00000000c6200000| Untracked 
|  47|0x00000000c6300000, 0x00000000c6300000, 0x00000000c6400000|  0%| F|  |TAMS 0x00000000c6300000, 0x00000000c6300000| Untracked 
|  48|0x00000000c6400000, 0x00000000c6400000, 0x00000000c6500000|  0%| F|  |TAMS 0x00000000c6400000, 0x00000000c6400000| Untracked 
|  49|0x00000000c6500000, 0x00000000c6500000, 0x00000000c6600000|  0%| F|  |TAMS 0x00000000c6500000, 0x00000000c6500000| Untracked 
|  50|0x00000000c6600000, 0x00000000c6600000, 0x00000000c6700000|  0%| F|  |TAMS 0x00000000c6600000, 0x00000000c6600000| Untracked 
|  51|0x00000000c6700000, 0x00000000c6700000, 0x00000000c6800000|  0%| F|  |TAMS 0x00000000c6700000, 0x00000000c6700000| Untracked 
|  52|0x00000000c6800000, 0x00000000c6800000, 0x00000000c6900000|  0%| F|  |TAMS 0x00000000c6800000, 0x00000000c6800000| Untracked 
|  53|0x00000000c6900000, 0x00000000c6900000, 0x00000000c6a00000|  0%| F|  |TAMS 0x00000000c6900000, 0x00000000c6900000| Untracked 
|  54|0x00000000c6a00000, 0x00000000c6a00000, 0x00000000c6b00000|  0%| F|  |TAMS 0x00000000c6a00000, 0x00000000c6a00000| Untracked 
|  55|0x00000000c6b00000, 0x00000000c6b00000, 0x00000000c6c00000|  0%| F|  |TAMS 0x00000000c6b00000, 0x00000000c6b00000| Untracked 
|  56|0x00000000c6c00000, 0x00000000c6c80000, 0x00000000c6d00000| 50%| S|CS|TAMS 0x00000000c6c00000, 0x00000000c6c00000| Complete 
|  57|0x00000000c6d00000, 0x00000000c6d00000, 0x00000000c6e00000|  0%| F|  |TAMS 0x00000000c6d00000, 0x00000000c6d00000| Untracked 
|  58|0x00000000c6e00000, 0x00000000c6e00000, 0x00000000c6f00000|  0%| F|  |TAMS 0x00000000c6e00000, 0x00000000c6e00000| Untracked 
|  59|0x00000000c6f00000, 0x00000000c7000000, 0x00000000c7000000|100%| S|CS|TAMS 0x00000000c6f00000, 0x00000000c6f00000| Complete 
|  60|0x00000000c7000000, 0x00000000c7100000, 0x00000000c7100000|100%| S|CS|TAMS 0x00000000c7000000, 0x00000000c7000000| Complete 
|  61|0x00000000c7100000, 0x00000000c7200000, 0x00000000c7200000|100%| S|CS|TAMS 0x00000000c7100000, 0x00000000c7100000| Complete 
|  62|0x00000000c7200000, 0x00000000c7300000, 0x00000000c7300000|100%| S|CS|TAMS 0x00000000c7200000, 0x00000000c7200000| Complete 
|  63|0x00000000c7300000, 0x00000000c7400000, 0x00000000c7400000|100%| S|CS|TAMS 0x00000000c7300000, 0x00000000c7300000| Complete 
|  64|0x00000000c7400000, 0x00000000c7500000, 0x00000000c7500000|100%| S|CS|TAMS 0x00000000c7400000, 0x00000000c7400000| Complete 
|  65|0x00000000c7500000, 0x00000000c7600000, 0x00000000c7600000|100%| S|CS|TAMS 0x00000000c7500000, 0x00000000c7500000| Complete 
|  66|0x00000000c7600000, 0x00000000c7700000, 0x00000000c7700000|100%| S|CS|TAMS 0x00000000c7600000, 0x00000000c7600000| Complete 
|  67|0x00000000c7700000, 0x00000000c7800000, 0x00000000c7800000|100%| S|CS|TAMS 0x00000000c7700000, 0x00000000c7700000| Complete 
|  68|0x00000000c7800000, 0x00000000c7800000, 0x00000000c7900000|  0%| F|  |TAMS 0x00000000c7800000, 0x00000000c7800000| Untracked 
|  69|0x00000000c7900000, 0x00000000c7900000, 0x00000000c7a00000|  0%| F|  |TAMS 0x00000000c7900000, 0x00000000c7900000| Untracked 
|  70|0x00000000c7a00000, 0x00000000c7a00000, 0x00000000c7b00000|  0%| F|  |TAMS 0x00000000c7a00000, 0x00000000c7a00000| Untracked 
|  71|0x00000000c7b00000, 0x00000000c7b00000, 0x00000000c7c00000|  0%| F|  |TAMS 0x00000000c7b00000, 0x00000000c7b00000| Untracked 
|  72|0x00000000c7c00000, 0x00000000c7c00000, 0x00000000c7d00000|  0%| F|  |TAMS 0x00000000c7c00000, 0x00000000c7c00000| Untracked 
|  73|0x00000000c7d00000, 0x00000000c7d00000, 0x00000000c7e00000|  0%| F|  |TAMS 0x00000000c7d00000, 0x00000000c7d00000| Untracked 
|  74|0x00000000c7e00000, 0x00000000c7e00000, 0x00000000c7f00000|  0%| F|  |TAMS 0x00000000c7e00000, 0x00000000c7e00000| Untracked 
|  75|0x00000000c7f00000, 0x00000000c7f00000, 0x00000000c8000000|  0%| F|  |TAMS 0x00000000c7f00000, 0x00000000c7f00000| Untracked 
|  76|0x00000000c8000000, 0x00000000c8000000, 0x00000000c8100000|  0%| F|  |TAMS 0x00000000c8000000, 0x00000000c8000000| Untracked 
|  77|0x00000000c8100000, 0x00000000c8100000, 0x00000000c8200000|  0%| F|  |TAMS 0x00000000c8100000, 0x00000000c8100000| Untracked 
|  78|0x00000000c8200000, 0x00000000c8200000, 0x00000000c8300000|  0%| F|  |TAMS 0x00000000c8200000, 0x00000000c8200000| Untracked 
|  79|0x00000000c8300000, 0x00000000c8300000, 0x00000000c8400000|  0%| F|  |TAMS 0x00000000c8300000, 0x00000000c8300000| Untracked 
|  80|0x00000000c8400000, 0x00000000c8400000, 0x00000000c8500000|  0%| F|  |TAMS 0x00000000c8400000, 0x00000000c8400000| Untracked 
|  81|0x00000000c8500000, 0x00000000c8500000, 0x00000000c8600000|  0%| F|  |TAMS 0x00000000c8500000, 0x00000000c8500000| Untracked 
|  82|0x00000000c8600000, 0x00000000c8600000, 0x00000000c8700000|  0%| F|  |TAMS 0x00000000c8600000, 0x00000000c8600000| Untracked 
|  83|0x00000000c8700000, 0x00000000c8700000, 0x00000000c8800000|  0%| F|  |TAMS 0x00000000c8700000, 0x00000000c8700000| Untracked 
|  84|0x00000000c8800000, 0x00000000c8800000, 0x00000000c8900000|  0%| F|  |TAMS 0x00000000c8800000, 0x00000000c8800000| Untracked 
|  85|0x00000000c8900000, 0x00000000c8900000, 0x00000000c8a00000|  0%| F|  |TAMS 0x00000000c8900000, 0x00000000c8900000| Untracked 
|  86|0x00000000c8a00000, 0x00000000c8a00000, 0x00000000c8b00000|  0%| F|  |TAMS 0x00000000c8a00000, 0x00000000c8a00000| Untracked 
|  87|0x00000000c8b00000, 0x00000000c8b00000, 0x00000000c8c00000|  0%| F|  |TAMS 0x00000000c8b00000, 0x00000000c8b00000| Untracked 
|  88|0x00000000c8c00000, 0x00000000c8c00000, 0x00000000c8d00000|  0%| F|  |TAMS 0x00000000c8c00000, 0x00000000c8c00000| Untracked 
|  89|0x00000000c8d00000, 0x00000000c8d00000, 0x00000000c8e00000|  0%| F|  |TAMS 0x00000000c8d00000, 0x00000000c8d00000| Untracked 
|  90|0x00000000c8e00000, 0x00000000c8e00000, 0x00000000c8f00000|  0%| F|  |TAMS 0x00000000c8e00000, 0x00000000c8e00000| Untracked 
|  91|0x00000000c8f00000, 0x00000000c8f00000, 0x00000000c9000000|  0%| F|  |TAMS 0x00000000c8f00000, 0x00000000c8f00000| Untracked 
|  92|0x00000000c9000000, 0x00000000c9000000, 0x00000000c9100000|  0%| F|  |TAMS 0x00000000c9000000, 0x00000000c9000000| Untracked 
|  93|0x00000000c9100000, 0x00000000c9100000, 0x00000000c9200000|  0%| F|  |TAMS 0x00000000c9100000, 0x00000000c9100000| Untracked 
|  94|0x00000000c9200000, 0x00000000c9200000, 0x00000000c9300000|  0%| F|  |TAMS 0x00000000c9200000, 0x00000000c9200000| Untracked 
|  95|0x00000000c9300000, 0x00000000c9300000, 0x00000000c9400000|  0%| F|  |TAMS 0x00000000c9300000, 0x00000000c9300000| Untracked 
|  96|0x00000000c9400000, 0x00000000c9400000, 0x00000000c9500000|  0%| F|  |TAMS 0x00000000c9400000, 0x00000000c9400000| Untracked 
|  97|0x00000000c9500000, 0x00000000c9500000, 0x00000000c9600000|  0%| F|  |TAMS 0x00000000c9500000, 0x00000000c9500000| Untracked 
|  98|0x00000000c9600000, 0x00000000c9600000, 0x00000000c9700000|  0%| F|  |TAMS 0x00000000c9600000, 0x00000000c9600000| Untracked 
|  99|0x00000000c9700000, 0x00000000c9700000, 0x00000000c9800000|  0%| F|  |TAMS 0x00000000c9700000, 0x00000000c9700000| Untracked 
| 100|0x00000000c9800000, 0x00000000c9800000, 0x00000000c9900000|  0%| F|  |TAMS 0x00000000c9800000, 0x00000000c9800000| Untracked 
| 101|0x00000000c9900000, 0x00000000c9900000, 0x00000000c9a00000|  0%| F|  |TAMS 0x00000000c9900000, 0x00000000c9900000| Untracked 
| 102|0x00000000c9a00000, 0x00000000c9a00000, 0x00000000c9b00000|  0%| F|  |TAMS 0x00000000c9a00000, 0x00000000c9a00000| Untracked 
| 103|0x00000000c9b00000, 0x00000000c9b00000, 0x00000000c9c00000|  0%| F|  |TAMS 0x00000000c9b00000, 0x00000000c9b00000| Untracked 
| 104|0x00000000c9c00000, 0x00000000c9c00000, 0x00000000c9d00000|  0%| F|  |TAMS 0x00000000c9c00000, 0x00000000c9c00000| Untracked 
| 105|0x00000000c9d00000, 0x00000000c9d00000, 0x00000000c9e00000|  0%| F|  |TAMS 0x00000000c9d00000, 0x00000000c9d00000| Untracked 
| 106|0x00000000c9e00000, 0x00000000c9e00000, 0x00000000c9f00000|  0%| F|  |TAMS 0x00000000c9e00000, 0x00000000c9e00000| Untracked 
| 107|0x00000000c9f00000, 0x00000000c9f00000, 0x00000000ca000000|  0%| F|  |TAMS 0x00000000c9f00000, 0x00000000c9f00000| Untracked 
| 108|0x00000000ca000000, 0x00000000ca000000, 0x00000000ca100000|  0%| F|  |TAMS 0x00000000ca000000, 0x00000000ca000000| Untracked 
| 109|0x00000000ca100000, 0x00000000ca100000, 0x00000000ca200000|  0%| F|  |TAMS 0x00000000ca100000, 0x00000000ca100000| Untracked 
| 110|0x00000000ca200000, 0x00000000ca200000, 0x00000000ca300000|  0%| F|  |TAMS 0x00000000ca200000, 0x00000000ca200000| Untracked 
| 111|0x00000000ca300000, 0x00000000ca300000, 0x00000000ca400000|  0%| F|  |TAMS 0x00000000ca300000, 0x00000000ca300000| Untracked 
| 112|0x00000000ca400000, 0x00000000ca400000, 0x00000000ca500000|  0%| F|  |TAMS 0x00000000ca400000, 0x00000000ca400000| Untracked 
| 113|0x00000000ca500000, 0x00000000ca500000, 0x00000000ca600000|  0%| F|  |TAMS 0x00000000ca500000, 0x00000000ca500000| Untracked 
| 114|0x00000000ca600000, 0x00000000ca600000, 0x00000000ca700000|  0%| F|  |TAMS 0x00000000ca600000, 0x00000000ca600000| Untracked 
| 115|0x00000000ca700000, 0x00000000ca700000, 0x00000000ca800000|  0%| F|  |TAMS 0x00000000ca700000, 0x00000000ca700000| Untracked 
| 116|0x00000000ca800000, 0x00000000ca800000, 0x00000000ca900000|  0%| F|  |TAMS 0x00000000ca800000, 0x00000000ca800000| Untracked 
| 117|0x00000000ca900000, 0x00000000ca900000, 0x00000000caa00000|  0%| F|  |TAMS 0x00000000ca900000, 0x00000000ca900000| Untracked 
| 118|0x00000000caa00000, 0x00000000caa00000, 0x00000000cab00000|  0%| F|  |TAMS 0x00000000caa00000, 0x00000000caa00000| Untracked 
| 119|0x00000000cab00000, 0x00000000cab00000, 0x00000000cac00000|  0%| F|  |TAMS 0x00000000cab00000, 0x00000000cab00000| Untracked 
| 120|0x00000000cac00000, 0x00000000cac00000, 0x00000000cad00000|  0%| F|  |TAMS 0x00000000cac00000, 0x00000000cac00000| Untracked 
| 121|0x00000000cad00000, 0x00000000cad00000, 0x00000000cae00000|  0%| F|  |TAMS 0x00000000cad00000, 0x00000000cad00000| Untracked 
| 122|0x00000000cae00000, 0x00000000cae00000, 0x00000000caf00000|  0%| F|  |TAMS 0x00000000cae00000, 0x00000000cae00000| Untracked 
| 123|0x00000000caf00000, 0x00000000caf00000, 0x00000000cb000000|  0%| F|  |TAMS 0x00000000caf00000, 0x00000000caf00000| Untracked 
| 124|0x00000000cb000000, 0x00000000cb000000, 0x00000000cb100000|  0%| F|  |TAMS 0x00000000cb000000, 0x00000000cb000000| Untracked 
| 125|0x00000000cb100000, 0x00000000cb100000, 0x00000000cb200000|  0%| F|  |TAMS 0x00000000cb100000, 0x00000000cb100000| Untracked 
| 126|0x00000000cb200000, 0x00000000cb200000, 0x00000000cb300000|  0%| F|  |TAMS 0x00000000cb200000, 0x00000000cb200000| Untracked 
| 127|0x00000000cb300000, 0x00000000cb300000, 0x00000000cb400000|  0%| F|  |TAMS 0x00000000cb300000, 0x00000000cb300000| Untracked 
| 128|0x00000000cb400000, 0x00000000cb400000, 0x00000000cb500000|  0%| F|  |TAMS 0x00000000cb400000, 0x00000000cb400000| Untracked 
| 129|0x00000000cb500000, 0x00000000cb500000, 0x00000000cb600000|  0%| F|  |TAMS 0x00000000cb500000, 0x00000000cb500000| Untracked 
| 130|0x00000000cb600000, 0x00000000cb600000, 0x00000000cb700000|  0%| F|  |TAMS 0x00000000cb600000, 0x00000000cb600000| Untracked 
| 131|0x00000000cb700000, 0x00000000cb700000, 0x00000000cb800000|  0%| F|  |TAMS 0x00000000cb700000, 0x00000000cb700000| Untracked 
| 132|0x00000000cb800000, 0x00000000cb800000, 0x00000000cb900000|  0%| F|  |TAMS 0x00000000cb800000, 0x00000000cb800000| Untracked 
| 133|0x00000000cb900000, 0x00000000cb900000, 0x00000000cba00000|  0%| F|  |TAMS 0x00000000cb900000, 0x00000000cb900000| Untracked 
| 134|0x00000000cba00000, 0x00000000cba00000, 0x00000000cbb00000|  0%| F|  |TAMS 0x00000000cba00000, 0x00000000cba00000| Untracked 
| 135|0x00000000cbb00000, 0x00000000cbb00000, 0x00000000cbc00000|  0%| F|  |TAMS 0x00000000cbb00000, 0x00000000cbb00000| Untracked 
| 136|0x00000000cbc00000, 0x00000000cbc00000, 0x00000000cbd00000|  0%| F|  |TAMS 0x00000000cbc00000, 0x00000000cbc00000| Untracked 
| 137|0x00000000cbd00000, 0x00000000cbd00000, 0x00000000cbe00000|  0%| F|  |TAMS 0x00000000cbd00000, 0x00000000cbd00000| Untracked 
| 138|0x00000000cbe00000, 0x00000000cbe00000, 0x00000000cbf00000|  0%| F|  |TAMS 0x00000000cbe00000, 0x00000000cbe00000| Untracked 
| 139|0x00000000cbf00000, 0x00000000cbf00000, 0x00000000cc000000|  0%| F|  |TAMS 0x00000000cbf00000, 0x00000000cbf00000| Untracked 
| 140|0x00000000cc000000, 0x00000000cc000000, 0x00000000cc100000|  0%| F|  |TAMS 0x00000000cc000000, 0x00000000cc000000| Untracked 
| 141|0x00000000cc100000, 0x00000000cc100000, 0x00000000cc200000|  0%| F|  |TAMS 0x00000000cc100000, 0x00000000cc100000| Untracked 
| 142|0x00000000cc200000, 0x00000000cc200000, 0x00000000cc300000|  0%| F|  |TAMS 0x00000000cc200000, 0x00000000cc200000| Untracked 
| 143|0x00000000cc300000, 0x00000000cc300000, 0x00000000cc400000|  0%| F|  |TAMS 0x00000000cc300000, 0x00000000cc300000| Untracked 
| 144|0x00000000cc400000, 0x00000000cc400000, 0x00000000cc500000|  0%| F|  |TAMS 0x00000000cc400000, 0x00000000cc400000| Untracked 
| 145|0x00000000cc500000, 0x00000000cc500000, 0x00000000cc600000|  0%| F|  |TAMS 0x00000000cc500000, 0x00000000cc500000| Untracked 
| 146|0x00000000cc600000, 0x00000000cc600000, 0x00000000cc700000|  0%| F|  |TAMS 0x00000000cc600000, 0x00000000cc600000| Untracked 
| 147|0x00000000cc700000, 0x00000000cc700000, 0x00000000cc800000|  0%| F|  |TAMS 0x00000000cc700000, 0x00000000cc700000| Untracked 
| 148|0x00000000cc800000, 0x00000000cc800000, 0x00000000cc900000|  0%| F|  |TAMS 0x00000000cc800000, 0x00000000cc800000| Untracked 
| 149|0x00000000cc900000, 0x00000000cc900000, 0x00000000cca00000|  0%| F|  |TAMS 0x00000000cc900000, 0x00000000cc900000| Untracked 
| 150|0x00000000cca00000, 0x00000000cca00000, 0x00000000ccb00000|  0%| F|  |TAMS 0x00000000cca00000, 0x00000000cca00000| Untracked 
| 151|0x00000000ccb00000, 0x00000000ccb00000, 0x00000000ccc00000|  0%| F|  |TAMS 0x00000000ccb00000, 0x00000000ccb00000| Untracked 
| 152|0x00000000ccc00000, 0x00000000ccc00000, 0x00000000ccd00000|  0%| F|  |TAMS 0x00000000ccc00000, 0x00000000ccc00000| Untracked 
| 153|0x00000000ccd00000, 0x00000000ccd00000, 0x00000000cce00000|  0%| F|  |TAMS 0x00000000ccd00000, 0x00000000ccd00000| Untracked 
| 154|0x00000000cce00000, 0x00000000cce00000, 0x00000000ccf00000|  0%| F|  |TAMS 0x00000000cce00000, 0x00000000cce00000| Untracked 
| 155|0x00000000ccf00000, 0x00000000ccf00000, 0x00000000cd000000|  0%| F|  |TAMS 0x00000000ccf00000, 0x00000000ccf00000| Untracked 
| 156|0x00000000cd000000, 0x00000000cd000000, 0x00000000cd100000|  0%| F|  |TAMS 0x00000000cd000000, 0x00000000cd000000| Untracked 
| 157|0x00000000cd100000, 0x00000000cd100000, 0x00000000cd200000|  0%| F|  |TAMS 0x00000000cd100000, 0x00000000cd100000| Untracked 
| 158|0x00000000cd200000, 0x00000000cd200000, 0x00000000cd300000|  0%| F|  |TAMS 0x00000000cd200000, 0x00000000cd200000| Untracked 
| 159|0x00000000cd300000, 0x00000000cd300000, 0x00000000cd400000|  0%| F|  |TAMS 0x00000000cd300000, 0x00000000cd300000| Untracked 
| 160|0x00000000cd400000, 0x00000000cd400000, 0x00000000cd500000|  0%| F|  |TAMS 0x00000000cd400000, 0x00000000cd400000| Untracked 
| 161|0x00000000cd500000, 0x00000000cd500000, 0x00000000cd600000|  0%| F|  |TAMS 0x00000000cd500000, 0x00000000cd500000| Untracked 
| 162|0x00000000cd600000, 0x00000000cd600000, 0x00000000cd700000|  0%| F|  |TAMS 0x00000000cd600000, 0x00000000cd600000| Untracked 

Card table byte_map: [0x000001c77e100000,0x000001c77e2f0000] _byte_map_base: 0x000001c77dae6000

Marking Bits (Prev, Next): (CMBitMap*) 0x000001c77de83e48, (CMBitMap*) 0x000001c77de83e80
 Prev Bits: [0x000001c77e4e0000, 0x000001c77f410000)
 Next Bits: [0x000001c717660000, 0x000001c718590000)

Polling page: 0x000001c77bbc0000

Metaspace:

Usage:
  Non-class:     10.04 MB capacity,     9.85 MB ( 98%) used,   176.23 KB (  2%) free+waste,    14.13 KB ( <1%) overhead. 
      Class:      1.02 MB capacity,   976.74 KB ( 94%) used,    61.45 KB (  6%) free+waste,     5.81 KB ( <1%) overhead. 
       Both:     11.06 MB capacity,    10.81 MB ( 98%) used,   237.67 KB (  2%) free+waste,    19.94 KB ( <1%) overhead. 

Virtual space:
  Non-class space:       12.00 MB reserved,      10.25 MB ( 85%) committed 
      Class space:        1.00 GB reserved,       1.13 MB ( <1%) committed 
             Both:        1.01 GB reserved,      11.38 MB (  1%) committed 

Chunk freelists:
   Non-Class:  25.00 KB
       Class:  0 bytes
        Both:  25.00 KB

MaxMetaspaceSize: 17179869184.00 GB
CompressedClassSpaceSize: 1.00 GB
Initial GC threshold: 20.80 MB
Current GC threshold: 20.80 MB
CDS: off

CodeHeap 'non-profiled nmethods': size=120064Kb used=898Kb max_used=898Kb free=119165Kb
 bounds [0x000001c710120000, 0x000001c710390000, 0x000001c717660000]
CodeHeap 'profiled nmethods': size=120000Kb used=3488Kb max_used=3488Kb free=116511Kb
 bounds [0x000001c708bf0000, 0x000001c708f60000, 0x000001c710120000]
CodeHeap 'non-nmethods': size=5696Kb used=1119Kb max_used=1153Kb free=4576Kb
 bounds [0x000001c708660000, 0x000001c7088d0000, 0x000001c708bf0000]
 total_blobs=2034 nmethods=1663 adapters=285
 compilation: enabled
              stopped_count=0, restarted_count=0
 full_count=0

Compilation events (20 events):
Event: 6.227 Thread 0x000001c71b15b800 1669       3       java.util.regex.Matcher::start (65 bytes)
Event: 6.229 Thread 0x000001c71b15b800 nmethod 1669 0x000001c708f4fd10 code [0x000001c708f4ffa0, 0x000001c708f509e8]
Event: 6.229 Thread 0x000001c71b15b800 1671       3       sun.nio.cs.UTF_8::updatePositions (23 bytes)
Event: 6.229 Thread 0x000001c71b15b800 nmethod 1671 0x000001c708f50e10 code [0x000001c708f51000, 0x000001c708f513f8]
Event: 6.229 Thread 0x000001c71b15b800 1670       3       java.util.regex.Matcher::end (67 bytes)
Event: 6.230 Thread 0x000001c71b15b800 nmethod 1670 0x000001c708f51590 code [0x000001c708f51820, 0x000001c708f52288]
Event: 6.242 Thread 0x000001c71b15b800 1672       3       java.util.Random::next (47 bytes)
Event: 6.243 Thread 0x000001c71b15b800 nmethod 1672 0x000001c708f52690 code [0x000001c708f52860, 0x000001c708f52af8]
Event: 6.251 Thread 0x000001c71b15b800 1673       3       Theme::<init> (62 bytes)
Event: 6.253 Thread 0x000001c71b15b800 nmethod 1673 0x000001c708f52c10 code [0x000001c708f52ec0, 0x000001c708f538b8]
Event: 6.253 Thread 0x000001c71b15b800 1674       3       com.github.javafaker.Lorem::sentence (54 bytes)
Event: 6.254 Thread 0x000001c71b15b800 nmethod 1674 0x000001c708f53c90 code [0x000001c708f54000, 0x000001c708f554c8]
Event: 6.255 Thread 0x000001c71b15b800 1675       3       java.lang.Character::toTitleCase (6 bytes)
Event: 6.255 Thread 0x000001c71b15b800 nmethod 1675 0x000001c708f55d90 code [0x000001c708f55f60, 0x000001c708f56198]
Event: 6.255 Thread 0x000001c71b15b800 1676       3       java.lang.Character::toTitleCase (9 bytes)
Event: 6.255 Thread 0x000001c71b15b800 nmethod 1676 0x000001c708f56290 code [0x000001c708f56460, 0x000001c708f56638]
Event: 6.286 Thread 0x000001c71b15b800 1677       3       org.yaml.snakeyaml.events.SequenceEndEvent::is (13 bytes)
Event: 6.286 Thread 0x000001c71b15b800 nmethod 1677 0x000001c708f56710 code [0x000001c708f568c0, 0x000001c708f56a18]
Event: 6.286 Thread 0x000001c71b15b800 1678       3       org.yaml.snakeyaml.constructor.SafeConstructor$ConstructYamlSeq::construct (30 bytes)
Event: 6.288 Thread 0x000001c71b15b800 nmethod 1678 0x000001c708f56a90 code [0x000001c708f56d20, 0x000001c708f57d08]

GC Heap History (20 events):
Event: 3.641 GC heap after
{Heap after GC invocations=7 (full 0):
 garbage-first heap   total 76800K, used 11233K [0x00000000c3400000, 0x0000000100000000)
  region size 1024K, 4 young (4096K), 4 survivors (4096K)
 Metaspace       used 10791K, capacity 10995K, committed 11136K, reserved 1058816K
  class space    used 967K, capacity 1042K, committed 1152K, reserved 1048576K
}
Event: 3.771 GC heap before
{Heap before GC invocations=7 (full 0):
 garbage-first heap   total 76800K, used 53217K [0x00000000c3400000, 0x0000000100000000)
  region size 1024K, 45 young (46080K), 4 survivors (4096K)
 Metaspace       used 10806K, capacity 11059K, committed 11392K, reserved 1058816K
  class space    used 967K, capacity 1042K, committed 1152K, reserved 1048576K
}
Event: 3.789 GC heap after
{Heap after GC invocations=8 (full 0):
 garbage-first heap   total 76800K, used 13644K [0x00000000c3400000, 0x0000000100000000)
  region size 1024K, 5 young (5120K), 5 survivors (5120K)
 Metaspace       used 10806K, capacity 11059K, committed 11392K, reserved 1058816K
  class space    used 967K, capacity 1042K, committed 1152K, reserved 1048576K
}
Event: 4.129 GC heap before
{Heap before GC invocations=8 (full 0):
 garbage-first heap   total 76800K, used 54604K [0x00000000c3400000, 0x0000000100000000)
  region size 1024K, 45 young (46080K), 5 survivors (5120K)
 Metaspace       used 10829K, capacity 11125K, committed 11392K, reserved 1058816K
  class space    used 967K, capacity 1042K, committed 1152K, reserved 1048576K
}
Event: 4.152 GC heap after
{Heap after GC invocations=9 (full 0):
 garbage-first heap   total 106496K, used 15991K [0x00000000c3400000, 0x0000000100000000)
  region size 1024K, 5 young (5120K), 5 survivors (5120K)
 Metaspace       used 10829K, capacity 11125K, committed 11392K, reserved 1058816K
  class space    used 967K, capacity 1042K, committed 1152K, reserved 1048576K
}
Event: 4.407 GC heap before
{Heap before GC invocations=9 (full 0):
 garbage-first heap   total 106496K, used 73335K [0x00000000c3400000, 0x0000000100000000)
  region size 1024K, 61 young (62464K), 5 survivors (5120K)
 Metaspace       used 10934K, capacity 11195K, committed 11392K, reserved 1058816K
  class space    used 976K, capacity 1044K, committed 1152K, reserved 1048576K
}
Event: 4.426 GC heap after
{Heap after GC invocations=10 (full 0):
 garbage-first heap   total 106496K, used 17751K [0x00000000c3400000, 0x0000000100000000)
  region size 1024K, 5 young (5120K), 5 survivors (5120K)
 Metaspace       used 10934K, capacity 11195K, committed 11392K, reserved 1058816K
  class space    used 976K, capacity 1044K, committed 1152K, reserved 1048576K
}
Event: 4.620 GC heap before
{Heap before GC invocations=10 (full 0):
 garbage-first heap   total 106496K, used 76119K [0x00000000c3400000, 0x0000000100000000)
  region size 1024K, 62 young (63488K), 5 survivors (5120K)
 Metaspace       used 10964K, capacity 11195K, committed 11392K, reserved 1058816K
  class space    used 976K, capacity 1044K, committed 1152K, reserved 1048576K
}
Event: 4.643 GC heap after
{Heap after GC invocations=11 (full 0):
 garbage-first heap   total 106496K, used 19621K [0x00000000c3400000, 0x0000000100000000)
  region size 1024K, 5 young (5120K), 5 survivors (5120K)
 Metaspace       used 10964K, capacity 11195K, committed 11392K, reserved 1058816K
  class space    used 976K, capacity 1044K, committed 1152K, reserved 1048576K
}
Event: 4.855 GC heap before
{Heap before GC invocations=11 (full 0):
 garbage-first heap   total 106496K, used 77989K [0x00000000c3400000, 0x0000000100000000)
  region size 1024K, 62 young (63488K), 5 survivors (5120K)
 Metaspace       used 10970K, capacity 11195K, committed 11392K, reserved 1058816K
  class space    used 976K, capacity 1044K, committed 1152K, reserved 1048576K
}
Event: 4.879 GC heap after
{Heap after GC invocations=12 (full 0):
 garbage-first heap   total 106496K, used 22300K [0x00000000c3400000, 0x0000000100000000)
  region size 1024K, 5 young (5120K), 5 survivors (5120K)
 Metaspace       used 10970K, capacity 11195K, committed 11392K, reserved 1058816K
  class space    used 976K, capacity 1044K, committed 1152K, reserved 1048576K
}
Event: 5.178 GC heap before
{Heap before GC invocations=12 (full 0):
 garbage-first heap   total 106496K, used 80668K [0x00000000c3400000, 0x0000000100000000)
  region size 1024K, 62 young (63488K), 5 survivors (5120K)
 Metaspace       used 10972K, capacity 11195K, committed 11392K, reserved 1058816K
  class space    used 976K, capacity 1044K, committed 1152K, reserved 1048576K
}
Event: 5.207 GC heap after
{Heap after GC invocations=13 (full 0):
 garbage-first heap   total 166912K, used 24752K [0x00000000c3400000, 0x0000000100000000)
  region size 1024K, 5 young (5120K), 5 survivors (5120K)
 Metaspace       used 10972K, capacity 11195K, committed 11392K, reserved 1058816K
  class space    used 976K, capacity 1044K, committed 1152K, reserved 1048576K
}
Event: 5.551 GC heap before
{Heap before GC invocations=13 (full 0):
 garbage-first heap   total 166912K, used 102576K [0x00000000c3400000, 0x0000000100000000)
  region size 1024K, 81 young (82944K), 5 survivors (5120K)
 Metaspace       used 10991K, capacity 11259K, committed 11392K, reserved 1058816K
  class space    used 976K, capacity 1044K, committed 1152K, reserved 1048576K
}
Event: 5.587 GC heap after
{Heap after GC invocations=14 (full 0):
 garbage-first heap   total 166912K, used 28182K [0x00000000c3400000, 0x0000000100000000)
  region size 1024K, 9 young (9216K), 9 survivors (9216K)
 Metaspace       used 10991K, capacity 11259K, committed 11392K, reserved 1058816K
  class space    used 976K, capacity 1044K, committed 1152K, reserved 1048576K
}
Event: 5.798 GC heap before
{Heap before GC invocations=14 (full 0):
 garbage-first heap   total 166912K, used 114198K [0x00000000c3400000, 0x0000000100000000)
  region size 1024K, 93 young (95232K), 9 survivors (9216K)
 Metaspace       used 11011K, capacity 11259K, committed 11392K, reserved 1058816K
  class space    used 976K, capacity 1044K, committed 1152K, reserved 1048576K
}
Event: 5.827 GC heap after
{Heap after GC invocations=15 (full 0):
 garbage-first heap   total 166912K, used 32788K [0x00000000c3400000, 0x0000000100000000)
  region size 1024K, 11 young (11264K), 11 survivors (11264K)
 Metaspace       used 11011K, capacity 11259K, committed 11392K, reserved 1058816K
  class space    used 976K, capacity 1044K, committed 1152K, reserved 1048576K
}
Event: 6.077 GC heap before
{Heap before GC invocations=15 (full 0):
 garbage-first heap   total 166912K, used 120852K [0x00000000c3400000, 0x0000000100000000)
  region size 1024K, 97 young (99328K), 11 survivors (11264K)
 Metaspace       used 11057K, capacity 11323K, committed 11648K, reserved 1060864K
  class space    used 976K, capacity 1044K, committed 1152K, reserved 1048576K
}
Event: 6.105 GC heap after
{Heap after GC invocations=16 (full 0):
 garbage-first heap   total 166912K, used 36834K [0x00000000c3400000, 0x0000000100000000)
  region size 1024K, 9 young (9216K), 9 survivors (9216K)
 Metaspace       used 11057K, capacity 11323K, committed 11648K, reserved 1060864K
  class space    used 976K, capacity 1044K, committed 1152K, reserved 1048576K
}
Event: 6.306 GC heap before
{Heap before GC invocations=16 (full 0):
 garbage-first heap   total 166912K, used 126946K [0x00000000c3400000, 0x0000000100000000)
  region size 1024K, 97 young (99328K), 9 survivors (9216K)
 Metaspace       used 11065K, capacity 11323K, committed 11648K, reserved 1060864K
  class space    used 976K, capacity 1044K, committed 1152K, reserved 1048576K
}

Deoptimization events (20 events):
Event: 2.894 Thread 0x000001c77de55000 DEOPT PACKING pc=0x000001c708da4bb7 sp=0x0000000bdacfd640
Event: 2.895 Thread 0x000001c77de55000 DEOPT UNPACKING pc=0x000001c7086aa93f sp=0x0000000bdacfcbc8 mode 0
Event: 3.153 Thread 0x000001c77de55000 DEOPT PACKING pc=0x000001c708c170e5 sp=0x0000000bdacfe090
Event: 3.153 Thread 0x000001c77de55000 DEOPT UNPACKING pc=0x000001c7086aa93f sp=0x0000000bdacfd4f8 mode 0
Event: 3.153 Thread 0x000001c77de55000 DEOPT PACKING pc=0x000001c708def20e sp=0x0000000bdacfeec0
Event: 3.153 Thread 0x000001c77de55000 DEOPT UNPACKING pc=0x000001c7086aa93f sp=0x0000000bdacfe358 mode 0
Event: 3.187 Thread 0x000001c77de55000 DEOPT PACKING pc=0x000001c708dc6b1d sp=0x0000000bdacfe200
Event: 3.187 Thread 0x000001c77de55000 DEOPT UNPACKING pc=0x000001c7086aa93f sp=0x0000000bdacfd6b0 mode 0
Event: 3.203 Thread 0x000001c77de55000 DEOPT PACKING pc=0x000001c708c170e5 sp=0x0000000bdacfe090
Event: 3.203 Thread 0x000001c77de55000 DEOPT UNPACKING pc=0x000001c7086aa93f sp=0x0000000bdacfd4f8 mode 0
Event: 3.264 Thread 0x000001c77de55000 DEOPT PACKING pc=0x000001c708def20e sp=0x0000000bdacfefc0
Event: 3.264 Thread 0x000001c77de55000 DEOPT UNPACKING pc=0x000001c7086aa93f sp=0x0000000bdacfe458 mode 0
Event: 3.729 Thread 0x000001c77de55000 DEOPT PACKING pc=0x000001c708dee02a sp=0x0000000bdacff130
Event: 3.729 Thread 0x000001c77de55000 DEOPT UNPACKING pc=0x000001c7086aa93f sp=0x0000000bdacfe5d8 mode 0
Event: 4.715 Thread 0x000001c77de55000 DEOPT PACKING pc=0x000001c708df05c1 sp=0x0000000bdacfe8a0
Event: 4.715 Thread 0x000001c77de55000 DEOPT UNPACKING pc=0x000001c7086aa93f sp=0x0000000bdacfdde0 mode 0
Event: 4.950 Thread 0x000001c77de55000 DEOPT PACKING pc=0x000001c708e19baa sp=0x0000000bdacfe910
Event: 4.951 Thread 0x000001c77de55000 DEOPT UNPACKING pc=0x000001c7086aa93f sp=0x0000000bdacfdef8 mode 0
Event: 5.168 Thread 0x000001c77de55000 DEOPT PACKING pc=0x000001c708e77e78 sp=0x0000000bdacff130
Event: 5.168 Thread 0x000001c77de55000 DEOPT UNPACKING pc=0x000001c7086aa93f sp=0x0000000bdacfe5d8 mode 0

Classes redefined (0 events):
No events

Internal exceptions (3 events):
Event: 1.143 Thread 0x000001c77f935800 Exception <a 'java/lang/NoSuchMethodError'{0x00000000c66f5090}: 'java.lang.Object java.lang.invoke.DirectMethodHandle$Holder.invokeStaticInit(java.lang.Object, int)'> (0x00000000c66f5090) thrown at [./src/hotspot/share/interpreter/linkResolver.cpp, line 773]
Event: 1.369 Thread 0x000001c77de55000 Exception <a 'java/lang/NoSuchMethodError'{0x00000000c6fd5360}: 'java.lang.Object java.lang.invoke.Invokers$Holder.linkToTargetMethod(java.lang.Object, int, java.lang.Object)'> (0x00000000c6fd5360) thrown at [./src/hotspot/share/interpreter/linkResolver.cpp, line 773]
Event: 1.385 Thread 0x000001c77de55000 Implicit null exception at 0x000001c71015967d to 0x000001c710159cbc

Events (20 events):
Event: 5.588 Executing VM operation: RevokeBias done
Event: 5.588 Executing VM operation: RevokeBias
Event: 5.588 Executing VM operation: RevokeBias done
Event: 5.588 Executing VM operation: RevokeBias
Event: 5.588 Executing VM operation: RevokeBias done
Event: 5.588 Executing VM operation: RevokeBias
Event: 5.589 Executing VM operation: RevokeBias done
Event: 5.589 Executing VM operation: RevokeBias
Event: 5.589 Executing VM operation: RevokeBias done
Event: 5.798 Executing VM operation: G1CollectForAllocation
Event: 5.827 Executing VM operation: G1CollectForAllocation done
Event: 5.828 Executing VM operation: RevokeBias
Event: 5.828 Executing VM operation: RevokeBias done
Event: 6.076 Executing VM operation: G1CollectForAllocation
Event: 6.105 Executing VM operation: G1CollectForAllocation done
Event: 6.105 Executing VM operation: RevokeBias
Event: 6.106 Executing VM operation: RevokeBias done
Event: 6.106 Executing VM operation: RevokeBias
Event: 6.106 Executing VM operation: RevokeBias done
Event: 6.306 Executing VM operation: G1CollectForAllocation


Dynamic libraries:
0x00007ff78c680000 - 0x00007ff78c68d000 	C:\Program Files\Java\jdk-11.0.14.1\bin\java.exe
0x00007ff8a6c70000 - 0x00007ff8a6e65000 	C:\WINDOWS\SYSTEM32\ntdll.dll
0x00007ff8a6a50000 - 0x00007ff8a6b0e000 	C:\WINDOWS\System32\KERNEL32.DLL
0x00007ff8a4580000 - 0x00007ff8a4848000 	C:\WINDOWS\System32\KERNELBASE.dll
0x00007ff8a4a40000 - 0x00007ff8a4b40000 	C:\WINDOWS\System32\ucrtbase.dll
0x00007ff89ed20000 - 0x00007ff89ed37000 	C:\Program Files\Java\jdk-11.0.14.1\bin\jli.dll
0x00007ff8a50b0000 - 0x00007ff8a5250000 	C:\WINDOWS\System32\USER32.dll
0x00007ff8a4a10000 - 0x00007ff8a4a32000 	C:\WINDOWS\System32\win32u.dll
0x00007ff8a57f0000 - 0x00007ff8a581b000 	C:\WINDOWS\System32\GDI32.dll
0x00007ff8a4b70000 - 0x00007ff8a4c7b000 	C:\WINDOWS\System32\gdi32full.dll
0x00007ff8a4850000 - 0x00007ff8a48ed000 	C:\WINDOWS\System32\msvcp_win.dll
0x00007ff89ed00000 - 0x00007ff89ed19000 	C:\Program Files\Java\jdk-11.0.14.1\bin\VCRUNTIME140.dll
0x00007ff88b7a0000 - 0x00007ff88ba3a000 	C:\WINDOWS\WinSxS\amd64_microsoft.windows.common-controls_6595b64144ccf1df_6.0.19041.1110_none_60b5254171f9507e\COMCTL32.dll
0x00007ff8a56e0000 - 0x00007ff8a577e000 	C:\WINDOWS\System32\msvcrt.dll
0x00007ff8a6110000 - 0x00007ff8a6140000 	C:\WINDOWS\System32\IMM32.DLL
0x00007ff882d10000 - 0x00007ff882e46000 	C:\Program Files (x86)\Citrix\ICA Client\epclient64.dll
0x00007ff8a4b40000 - 0x00007ff8a4b67000 	C:\WINDOWS\System32\bcrypt.dll
0x00007ff8941a0000 - 0x00007ff8941aa000 	C:\WINDOWS\SYSTEM32\VERSION.dll
0x00007ff8a4d80000 - 0x00007ff8a4e2e000 	C:\WINDOWS\System32\ADVAPI32.dll
0x00007ff8a5630000 - 0x00007ff8a56cc000 	C:\WINDOWS\System32\sechost.dll
0x00007ff8a4e30000 - 0x00007ff8a4f55000 	C:\WINDOWS\System32\RPCRT4.dll
0x00007ff8a3090000 - 0x00007ff8a30c3000 	C:\WINDOWS\SYSTEM32\ntmarta.dll
0x00007ff887940000 - 0x00007ff8879db000 	C:\Program Files\Java\jdk-11.0.14.1\bin\msvcp140.dll
0x00007ff866bc0000 - 0x00007ff867743000 	C:\Program Files\Java\jdk-11.0.14.1\bin\server\jvm.dll
0x00007ff8a56d0000 - 0x00007ff8a56d8000 	C:\WINDOWS\System32\PSAPI.DLL
0x00007ff8930c0000 - 0x00007ff8930c9000 	C:\WINDOWS\SYSTEM32\WSOCK32.dll
0x00007ff8a4f60000 - 0x00007ff8a4fcb000 	C:\WINDOWS\System32\WS2_32.dll
0x00007ff896780000 - 0x00007ff8967a7000 	C:\WINDOWS\SYSTEM32\WINMM.dll
0x00007ff8a2c60000 - 0x00007ff8a2c72000 	C:\WINDOWS\SYSTEM32\kernel.appcore.dll
0x00007ff89f8b0000 - 0x00007ff89f8c0000 	C:\Program Files\Java\jdk-11.0.14.1\bin\verify.dll
0x00007ff8992d0000 - 0x00007ff8994b4000 	C:\WINDOWS\SYSTEM32\DBGHELP.DLL
0x00007ff897fa0000 - 0x00007ff897fcc000 	C:\WINDOWS\SYSTEM32\dbgcore.DLL
0x00007ff8a4390000 - 0x00007ff8a4412000 	C:\WINDOWS\System32\bcryptPrimitives.dll
0x00007ff89d3f0000 - 0x00007ff89d418000 	C:\Program Files\Java\jdk-11.0.14.1\bin\java.dll
0x00007ff89eca0000 - 0x00007ff89ecaa000 	C:\Program Files\Java\jdk-11.0.14.1\bin\jimage.dll
0x00007ff89e350000 - 0x00007ff89e35e000 	C:\Program Files\Java\jdk-11.0.14.1\bin\instrument.dll
0x00007ff89d3d0000 - 0x00007ff89d3e8000 	C:\Program Files\Java\jdk-11.0.14.1\bin\zip.dll
0x00007ff8a6300000 - 0x00007ff8a6a44000 	C:\WINDOWS\System32\SHELL32.dll
0x00007ff8a2440000 - 0x00007ff8a2bd4000 	C:\WINDOWS\SYSTEM32\windows.storage.dll
0x000001c71ad90000 - 0x000001c71b0e4000 	C:\WINDOWS\System32\combase.dll
0x00007ff8a3df0000 - 0x00007ff8a3e1c000 	C:\WINDOWS\SYSTEM32\Wldp.dll
0x00007ff8a4cd0000 - 0x00007ff8a4d7d000 	C:\WINDOWS\System32\SHCORE.dll
0x00007ff8a5a60000 - 0x00007ff8a5ab5000 	C:\WINDOWS\System32\shlwapi.dll
0x00007ff8a42d0000 - 0x00007ff8a42ef000 	C:\WINDOWS\SYSTEM32\profapi.dll
0x00007ff89d3b0000 - 0x00007ff89d3c9000 	C:\Program Files\Java\jdk-11.0.14.1\bin\net.dll
0x00007ff8976a0000 - 0x00007ff8977a9000 	C:\WINDOWS\SYSTEM32\WINHTTP.dll
0x00007ff8a3b50000 - 0x00007ff8a3bba000 	C:\WINDOWS\system32\mswsock.dll
0x00007ff89ba40000 - 0x00007ff89ba53000 	C:\Program Files\Java\jdk-11.0.14.1\bin\nio.dll
0x00007ff8994c0000 - 0x00007ff8994da000 	C:\Program Files\JetBrains\IntelliJ IDEA Community Edition 2021.3.2\bin\breakgen64.dll

dbghelp: loaded successfully - version: 4.0.5 - missing functions: none
symbol engine: initialized successfully - sym options: 0x614 - pdb path: .;C:\Program Files\Java\jdk-11.0.14.1\bin;C:\WINDOWS\SYSTEM32;C:\WINDOWS\WinSxS\amd64_microsoft.windows.common-controls_6595b64144ccf1df_6.0.19041.1110_none_60b5254171f9507e;C:\Program Files (x86)\Citrix\ICA Client;C:\Program Files\Java\jdk-11.0.14.1\bin\server;C:\Program Files\JetBrains\IntelliJ IDEA Community Edition 2021.3.2\bin

VM Arguments:
jvm_args: -javaagent:C:\Program Files\JetBrains\IntelliJ IDEA Community Edition 2021.3.2\lib\idea_rt.jar=65392:C:\Program Files\JetBrains\IntelliJ IDEA Community Edition 2021.3.2\bin -Dfile.encoding=UTF-8 
java_command: Main
java_class_path (initial): D:\GitHub\Java2HomeTask\target\classes;C:\Users\HP 2540P Intel I7\.m2\repository\com\github\javafaker\javafaker\1.0.2\javafaker-1.0.2.jar;C:\Users\HP 2540P Intel I7\.m2\repository\org\apache\commons\commons-lang3\3.5\commons-lang3-3.5.jar;C:\Users\HP 2540P Intel I7\.m2\repository\org\yaml\snakeyaml\1.23\snakeyaml-1.23-android.jar;C:\Users\HP 2540P Intel I7\.m2\repository\com\github\mifmif\generex\1.0.2\generex-1.0.2.jar;C:\Users\HP 2540P Intel I7\.m2\repository\dk\brics\automaton\automaton\1.11-8\automaton-1.11-8.jar
Launcher Type: SUN_STANDARD

[Global flags]
     intx CICompilerCount                          = 3                                         {product} {ergonomic}
     uint ConcGCThreads                            = 1                                         {product} {ergonomic}
     uint G1ConcRefinementThreads                  = 4                                         {product} {ergonomic}
   size_t G1HeapRegionSize                         = 1048576                                   {product} {ergonomic}
    uintx GCDrainStackTargetSize                   = 64                                        {product} {ergonomic}
   size_t InitialHeapSize                          = 65011712                                  {product} {ergonomic}
   size_t MarkStackSize                            = 4194304                                   {product} {ergonomic}
   size_t MaxHeapSize                              = 1019215872                                {product} {ergonomic}
   size_t MaxNewSize                               = 611319808                                 {product} {ergonomic}
   size_t MinHeapDeltaBytes                        = 1048576                                   {product} {ergonomic}
    uintx NonNMethodCodeHeapSize                   = 5830732                                {pd product} {ergonomic}
    uintx NonProfiledCodeHeapSize                  = 122913754                              {pd product} {ergonomic}
    uintx ProfiledCodeHeapSize                     = 122913754                              {pd product} {ergonomic}
    uintx ReservedCodeCacheSize                    = 251658240                              {pd product} {ergonomic}
     bool SegmentedCodeCache                       = true                                      {product} {ergonomic}
     bool UseCompressedClassPointers               = true                                 {lp64_product} {ergonomic}
     bool UseCompressedOops                        = true                                 {lp64_product} {ergonomic}
     bool UseG1GC                                  = true                                      {product} {ergonomic}
     bool UseLargePagesIndividualAllocation        = false                                  {pd product} {ergonomic}

Logging:
Log output configuration:
 #0: stdout all=warning uptime,level,tags
 #1: stderr all=off uptime,level,tags

Environment Variables:
PATH=C:\Program Files\Common Files\Oracle\Java\javapath;C:\Windows\system32;C:\Windows;C:\Windows\System32\Wbem;C:\Windows\System32\WindowsPowerShell\v1.0\;C:\Program Files (x86)\Git\cmd;C:\Program Files (x86)\Git\bin;C:\WINDOWS\system32;C:\WINDOWS;C:\WINDOWS\System32\Wbem;C:\WINDOWS\System32\WindowsPowerShell\v1.0\;C:\Program Files\Java\tools\apache-maven-3.8.4\bin;D:\App\FarCommander;C:\Users\HP 2540P Intel I7\AppData\Local\Microsoft\WindowsApps;C:\Users\HP 2540P Intel I7\AppData\Local\GitHubDesktop\bin;;C:\Users\HP 2540P Intel I7\AppData\Local\Programs\Microsoft VS Code\bin;C:\Program Files\JetBrains\IntelliJ IDEA Community Edition 2021.3.2\bin;
USERNAME=HP 2540P Intel I7
OS=Windows_NT
PROCESSOR_IDENTIFIER=Intel64 Family 6 Model 37 Stepping 5, GenuineIntel



---------------  S Y S T E M  ---------------

OS: Windows 10 , 64 bit Build 19041 (10.0.19041.1566)
OS uptime: 4 days 21:50 hours

CPU:total 4 (initial active 4) (2 cores per cpu, 2 threads per core) family 6 model 37 stepping 5 microcode 0x7, cmov, cx8, fxsr, mmx, sse, sse2, sse3, ssse3, sse4.1, sse4.2, popcnt, aes, clmul, ht, tsc, tscinvbit

Memory: 4k page, system-wide physical 3887M (358M free)
TotalPageFile size 10802M (AvailPageFile size 68M)
current process WorkingSet (physical memory assigned to process): 214M, peak: 227M
current process commit charge ("private bytes"): 252M, peak: 413M

vm_info: OpenJDK 64-Bit Server VM (11.0.14.1+10-LTS) for windows-amd64 JRE (11.0.14.1+10-LTS), built on Feb  8 2022 00:13:20 by "Administrator" with unknown MS VC++:1916

END.
