#
# There is insufficient memory for the Java Runtime Environment to continue.
# Native memory allocation (mmap) failed to map 158334976 bytes for Failed to commit area from 0x00000000cd700000 to 0x00000000d6e00000 of length 158334976.
# Possible reasons:
#   The system is out of physical RAM or swap space
#   The process is running with CompressedOops enabled, and the Java Heap may be blocking the growth of the native heap
# Possible solutions:
#   Reduce memory load on the system
#   Increase physical memory or swap space
#   Check if swap backing store is full
#   Decrease Java heap size (-Xmx/-Xms)
#   Decrease number of Java threads
#   Decrease Java thread stack sizes (-Xss)
#   Set larger code cache with -XX:ReservedCodeCacheSize=
#   JVM is running with Unscaled Compressed Oops mode in which the Java heap is
#     placed in the first 4GB address space. The Java Heap base address is the
#     maximum limit for the native heap growth. Please use -XX:HeapBaseMinAddress
#     to set the Java Heap base and to place the Java Heap above 4GB virtual address.
# This output file may be truncated or incomplete.
#
#  Out of Memory Error (./src/hotspot/os/windows/os_windows.cpp:3387), pid=10780, tid=15864
#
# JRE version: OpenJDK Runtime Environment Corretto-11.0.14.10.1 (11.0.14.1+10) (build 11.0.14.1+10-LTS)
# Java VM: OpenJDK 64-Bit Server VM Corretto-11.0.14.10.1 (11.0.14.1+10-LTS, mixed mode, tiered, compressed oops, g1 gc, windows-amd64)
# No core dump will be written. Minidumps are not enabled by default on client versions of Windows
#

---------------  S U M M A R Y ------------

Command Line: -javaagent:C:\Program Files\JetBrains\IntelliJ IDEA Community Edition 2021.3.2\lib\idea_rt.jar=65314:C:\Program Files\JetBrains\IntelliJ IDEA Community Edition 2021.3.2\bin -Dfile.encoding=UTF-8 Main

Host: Intel(R) Core(TM) i7 CPU       L 640  @ 2.13GHz, 4 cores, 3G,  Windows 10 , 64 bit Build 19041 (10.0.19041.1566)
Time: Mon Mar 28 18:36:05 2022 Астраханское стандартное время elapsed time: 6.220625 seconds (0d 0h 0m 6s)

---------------  T H R E A D  ---------------

Current thread (0x00000226bb49a800):  VMThread "VM Thread" [stack: 0x000000dcac000000,0x000000dcac100000] [id=15864]

Stack: [0x000000dcac000000,0x000000dcac100000]
[error occurred during error reporting (printing stack bounds), id 0xc0000005, EXCEPTION_ACCESS_VIOLATION (0xc0000005) at pc=0x00000226a7bc113d]

Native frames: (J=compiled Java code, j=interpreted, Vv=VM code, C=native code)
V  [jvm.dll+0x61e62a]
V  [jvm.dll+0x7ab569]
V  [jvm.dll+0x7acc58]
V  [jvm.dll+0x7ad295]
V  [jvm.dll+0x7ad24b]
V  [jvm.dll+0x61d9b7]
V  [jvm.dll+0x61e0c8]
C  [ntdll.dll+0xa20cf]
C  [ntdll.dll+0x51454]
C  [ntdll.dll+0xa0bfe]
C  0x00000226a7bc113d

VM_Operation (0x000000dcabafd410): G1CollectForAllocation, mode: safepoint, requested by thread 0x000002269f4a5000


---------------  P R O C E S S  ---------------

Threads class SMR info:
_java_thread_list=0x00000226bca1d6c0, length=11, elements={
0x000002269f4a5000, 0x00000226bb4b0800, 0x00000226bb4a0000, 0x00000226bb506000,
0x00000226bb508000, 0x00000226bb50b000, 0x00000226bb50c800, 0x00000226bb511800,
0x00000226bb517000, 0x00000226bc1f2800, 0x00000226bc313800
}

Java Threads: ( => current thread )
  0x000002269f4a5000 JavaThread "main" [_thread_blocked, id=11516, stack(0x000000dcaba00000,0x000000dcabb00000)]
  0x00000226bb4b0800 JavaThread "Reference Handler" daemon [_thread_blocked, id=8904, stack(0x000000dcac100000,0x000000dcac200000)]
  0x00000226bb4a0000 JavaThread "Finalizer" daemon [_thread_blocked, id=17752, stack(0x000000dcac200000,0x000000dcac300000)]
  0x00000226bb506000 JavaThread "Signal Dispatcher" daemon [_thread_blocked, id=6996, stack(0x000000dcac300000,0x000000dcac400000)]
  0x00000226bb508000 JavaThread "Attach Listener" daemon [_thread_blocked, id=692, stack(0x000000dcac400000,0x000000dcac500000)]
  0x00000226bb50b000 JavaThread "Service Thread" daemon [_thread_blocked, id=15704, stack(0x000000dcac500000,0x000000dcac600000)]
  0x00000226bb50c800 JavaThread "C2 CompilerThread0" daemon [_thread_blocked, id=16972, stack(0x000000dcac600000,0x000000dcac700000)]
  0x00000226bb511800 JavaThread "C1 CompilerThread0" daemon [_thread_blocked, id=11680, stack(0x000000dcac700000,0x000000dcac800000)]
  0x00000226bb517000 JavaThread "Sweeper thread" daemon [_thread_blocked, id=4940, stack(0x000000dcac800000,0x000000dcac900000)]
  0x00000226bc1f2800 JavaThread "Common-Cleaner" daemon [_thread_blocked, id=18152, stack(0x000000dcac900000,0x000000dcaca00000)]
  0x00000226bc313800 JavaThread "Monitor Ctrl-Break" daemon [_thread_in_native, id=18288, stack(0x000000dcaca00000,0x000000dcacb00000)]

Other Threads:
=>0x00000226bb49a800 VMThread "VM Thread" [stack: 0x000000dcac000000,0x000000dcac100000] [id=15864]
  0x00000226bc318000 WatcherThread [stack: 0x000000dcacb00000,0x000000dcacc00000] [id=14616]
  0x000002269f4be000 GCTaskThread "GC Thread#0" [stack: 0x000000dcabb00000,0x000000dcabc00000] [id=6632]
  0x00000226bcaa4800 GCTaskThread "GC Thread#1" [stack: 0x000000dcacd00000,0x000000dcace00000] [id=11336]
  0x00000226bcaa3000 GCTaskThread "GC Thread#2" [stack: 0x000000dcacc00000,0x000000dcacd00000] [id=4144]
  0x000002269f4d8800 ConcurrentGCThread "G1 Main Marker" [stack: 0x000000dcabc00000,0x000000dcabd00000] [id=4240]
  0x000002269f4db800 ConcurrentGCThread "G1 Conc#0" [stack: 0x000000dcabd00000,0x000000dcabe00000] [id=10244]
  0x000002269f521800 ConcurrentGCThread "G1 Refine#0" [stack: 0x000000dcabe00000,0x000000dcabf00000] [id=14204]
  0x000002269f522800 ConcurrentGCThread "G1 Young RemSet Sampling" [stack: 0x000000dcabf00000,0x000000dcac000000] [id=18352]

Threads with active compile tasks:
C1 CompilerThread0   6243 1647       3       java.util.regex.Pattern::split (290 bytes)

VM state:at safepoint (normal execution)

VM Mutex/Monitor currently owned by a thread:  ([mutex/lock_event])
[0x000002269f4a1640] Threads_lock - owner thread: 0x00000226bb49a800
[0x000002269f4a12e0] Heap_lock - owner thread: 0x000002269f4a5000

Heap address: 0x00000000c3400000, size: 972 MB, Compressed Oops mode: 32-bit
Narrow klass base: 0x0000000000000000, Narrow klass shift: 3
Compressed class space size: 1073741824 Address: 0x0000000100000000

Heap:
 garbage-first heap   total 321536K, used 42942K [0x00000000c3400000, 0x0000000100000000)
  region size 1024K, 9 young (9216K), 9 survivors (9216K)
 Metaspace       used 11065K, capacity 11324K, committed 11648K, reserved 1060864K
  class space    used 976K, capacity 1044K, committed 1152K, reserved 1048576K
Heap Regions: E=young(eden), S=young(survivor), O=old, HS=humongous(starts), HC=humongous(continues), CS=collection set, F=free, A=archive, TAMS=top-at-mark-start (previous, next)
|   0|0x00000000c3400000, 0x00000000c3500000, 0x00000000c3500000|100%| O|  |TAMS 0x00000000c3400000, 0x00000000c3400000| Untracked 
|   1|0x00000000c3500000, 0x00000000c3600000, 0x00000000c3600000|100%| O|  |TAMS 0x00000000c3500000, 0x00000000c3500000| Untracked 
|   2|0x00000000c3600000, 0x00000000c3700000, 0x00000000c3700000|100%| O|  |TAMS 0x00000000c3600000, 0x00000000c3600000| Untracked 
|   3|0x00000000c3700000, 0x00000000c3800000, 0x00000000c3800000|100%| O|  |TAMS 0x00000000c3700000, 0x00000000c3700000| Untracked 
|   4|0x00000000c3800000, 0x00000000c3900000, 0x00000000c3900000|100%| O|  |TAMS 0x00000000c3800000, 0x00000000c3800000| Untracked 
|   5|0x00000000c3900000, 0x00000000c3a00000, 0x00000000c3a00000|100%| O|  |TAMS 0x00000000c3900000, 0x00000000c3900000| Untracked 
|   6|0x00000000c3a00000, 0x00000000c3b00000, 0x00000000c3b00000|100%| O|  |TAMS 0x00000000c3a00000, 0x00000000c3a00000| Untracked 
|   7|0x00000000c3b00000, 0x00000000c3c00000, 0x00000000c3c00000|100%| O|  |TAMS 0x00000000c3b00000, 0x00000000c3b00000| Untracked 
|   8|0x00000000c3c00000, 0x00000000c3d00000, 0x00000000c3d00000|100%| O|  |TAMS 0x00000000c3c00000, 0x00000000c3c00000| Untracked 
|   9|0x00000000c3d00000, 0x00000000c3e00000, 0x00000000c3e00000|100%| O|  |TAMS 0x00000000c3d00000, 0x00000000c3d00000| Untracked 
|  10|0x00000000c3e00000, 0x00000000c3f00000, 0x00000000c3f00000|100%| O|  |TAMS 0x00000000c3e00000, 0x00000000c3e00000| Untracked 
|  11|0x00000000c3f00000, 0x00000000c4000000, 0x00000000c4000000|100%| O|  |TAMS 0x00000000c3f00000, 0x00000000c3f00000| Untracked 
|  12|0x00000000c4000000, 0x00000000c4100000, 0x00000000c4100000|100%| O|  |TAMS 0x00000000c4000000, 0x00000000c4000000| Untracked 
|  13|0x00000000c4100000, 0x00000000c4200000, 0x00000000c4200000|100%| O|  |TAMS 0x00000000c4100000, 0x00000000c4100000| Untracked 
|  14|0x00000000c4200000, 0x00000000c4300000, 0x00000000c4300000|100%| O|  |TAMS 0x00000000c4200000, 0x00000000c4200000| Untracked 
|  15|0x00000000c4300000, 0x00000000c4400000, 0x00000000c4400000|100%| O|  |TAMS 0x00000000c4300000, 0x00000000c4300000| Untracked 
|  16|0x00000000c4400000, 0x00000000c4500000, 0x00000000c4500000|100%| O|  |TAMS 0x00000000c4400000, 0x00000000c4400000| Untracked 
|  17|0x00000000c4500000, 0x00000000c4600000, 0x00000000c4600000|100%| O|  |TAMS 0x00000000c4500000, 0x00000000c4500000| Untracked 
|  18|0x00000000c4600000, 0x00000000c4700000, 0x00000000c4700000|100%| O|  |TAMS 0x00000000c4600000, 0x00000000c4600000| Untracked 
|  19|0x00000000c4700000, 0x00000000c4800000, 0x00000000c4800000|100%| O|  |TAMS 0x00000000c4700000, 0x00000000c4700000| Untracked 
|  20|0x00000000c4800000, 0x00000000c4900000, 0x00000000c4900000|100%| O|  |TAMS 0x00000000c4800000, 0x00000000c4800000| Untracked 
|  21|0x00000000c4900000, 0x00000000c4a00000, 0x00000000c4a00000|100%| O|  |TAMS 0x00000000c4900000, 0x00000000c4900000| Untracked 
|  22|0x00000000c4a00000, 0x00000000c4b00000, 0x00000000c4b00000|100%| O|  |TAMS 0x00000000c4a00000, 0x00000000c4a00000| Untracked 
|  23|0x00000000c4b00000, 0x00000000c4c00000, 0x00000000c4c00000|100%| O|  |TAMS 0x00000000c4b00000, 0x00000000c4b00000| Untracked 
|  24|0x00000000c4c00000, 0x00000000c4d00000, 0x00000000c4d00000|100%| O|  |TAMS 0x00000000c4c00000, 0x00000000c4c00000| Untracked 
|  25|0x00000000c4d00000, 0x00000000c4e00000, 0x00000000c4e00000|100%| O|  |TAMS 0x00000000c4d00000, 0x00000000c4d00000| Untracked 
|  26|0x00000000c4e00000, 0x00000000c4f00000, 0x00000000c4f00000|100%| O|  |TAMS 0x00000000c4e00000, 0x00000000c4e00000| Untracked 
|  27|0x00000000c4f00000, 0x00000000c5000000, 0x00000000c5000000|100%| O|  |TAMS 0x00000000c4f00000, 0x00000000c4f00000| Untracked 
|  28|0x00000000c5000000, 0x00000000c5100000, 0x00000000c5100000|100%| O|  |TAMS 0x00000000c5000000, 0x00000000c5000000| Untracked 
|  29|0x00000000c5100000, 0x00000000c5200000, 0x00000000c5200000|100%| O|  |TAMS 0x00000000c5100000, 0x00000000c5100000| Untracked 
|  30|0x00000000c5200000, 0x00000000c5300000, 0x00000000c5300000|100%| O|  |TAMS 0x00000000c5200000, 0x00000000c5200000| Untracked 
|  31|0x00000000c5300000, 0x00000000c5400000, 0x00000000c5400000|100%| O|  |TAMS 0x00000000c5300000, 0x00000000c5300000| Untracked 
|  32|0x00000000c5400000, 0x00000000c54ef800, 0x00000000c5500000| 93%| O|  |TAMS 0x00000000c5400000, 0x00000000c5400000| Untracked 
|  33|0x00000000c5500000, 0x00000000c5500000, 0x00000000c5600000|  0%| F|  |TAMS 0x00000000c5500000, 0x00000000c5500000| Untracked 
|  34|0x00000000c5600000, 0x00000000c5600000, 0x00000000c5700000|  0%| F|  |TAMS 0x00000000c5600000, 0x00000000c5600000| Untracked 
|  35|0x00000000c5700000, 0x00000000c5700000, 0x00000000c5800000|  0%| F|  |TAMS 0x00000000c5700000, 0x00000000c5700000| Untracked 
|  36|0x00000000c5800000, 0x00000000c5800000, 0x00000000c5900000|  0%| F|  |TAMS 0x00000000c5800000, 0x00000000c5800000| Untracked 
|  37|0x00000000c5900000, 0x00000000c5900000, 0x00000000c5a00000|  0%| F|  |TAMS 0x00000000c5900000, 0x00000000c5900000| Untracked 
|  38|0x00000000c5a00000, 0x00000000c5a00000, 0x00000000c5b00000|  0%| F|  |TAMS 0x00000000c5a00000, 0x00000000c5a00000| Untracked 
|  39|0x00000000c5b00000, 0x00000000c5b00000, 0x00000000c5c00000|  0%| F|  |TAMS 0x00000000c5b00000, 0x00000000c5b00000| Untracked 
|  40|0x00000000c5c00000, 0x00000000c5c00000, 0x00000000c5d00000|  0%| F|  |TAMS 0x00000000c5c00000, 0x00000000c5c00000| Untracked 
|  41|0x00000000c5d00000, 0x00000000c5d00000, 0x00000000c5e00000|  0%| F|  |TAMS 0x00000000c5d00000, 0x00000000c5d00000| Untracked 
|  42|0x00000000c5e00000, 0x00000000c5e00000, 0x00000000c5f00000|  0%| F|  |TAMS 0x00000000c5e00000, 0x00000000c5e00000| Untracked 
|  43|0x00000000c5f00000, 0x00000000c5f00000, 0x00000000c6000000|  0%| F|  |TAMS 0x00000000c5f00000, 0x00000000c5f00000| Untracked 
|  44|0x00000000c6000000, 0x00000000c6000000, 0x00000000c6100000|  0%| F|  |TAMS 0x00000000c6000000, 0x00000000c6000000| Untracked 
|  45|0x00000000c6100000, 0x00000000c6100000, 0x00000000c6200000|  0%| F|  |TAMS 0x00000000c6100000, 0x00000000c6100000| Untracked 
|  46|0x00000000c6200000, 0x00000000c6200000, 0x00000000c6300000|  0%| F|  |TAMS 0x00000000c6200000, 0x00000000c6200000| Untracked 
|  47|0x00000000c6300000, 0x00000000c6300000, 0x00000000c6400000|  0%| F|  |TAMS 0x00000000c6300000, 0x00000000c6300000| Untracked 
|  48|0x00000000c6400000, 0x00000000c6400000, 0x00000000c6500000|  0%| F|  |TAMS 0x00000000c6400000, 0x00000000c6400000| Untracked 
|  49|0x00000000c6500000, 0x00000000c6500000, 0x00000000c6600000|  0%| F|  |TAMS 0x00000000c6500000, 0x00000000c6500000| Untracked 
|  50|0x00000000c6600000, 0x00000000c6600000, 0x00000000c6700000|  0%| F|  |TAMS 0x00000000c6600000, 0x00000000c6600000| Untracked 
|  51|0x00000000c6700000, 0x00000000c6700000, 0x00000000c6800000|  0%| F|  |TAMS 0x00000000c6700000, 0x00000000c6700000| Untracked 
|  52|0x00000000c6800000, 0x00000000c6800000, 0x00000000c6900000|  0%| F|  |TAMS 0x00000000c6800000, 0x00000000c6800000| Untracked 
|  53|0x00000000c6900000, 0x00000000c6900000, 0x00000000c6a00000|  0%| F|  |TAMS 0x00000000c6900000, 0x00000000c6900000| Untracked 
|  54|0x00000000c6a00000, 0x00000000c6a00000, 0x00000000c6b00000|  0%| F|  |TAMS 0x00000000c6a00000, 0x00000000c6a00000| Untracked 
|  55|0x00000000c6b00000, 0x00000000c6b00000, 0x00000000c6c00000|  0%| F|  |TAMS 0x00000000c6b00000, 0x00000000c6b00000| Untracked 
|  56|0x00000000c6c00000, 0x00000000c6c00000, 0x00000000c6d00000|  0%| F|  |TAMS 0x00000000c6c00000, 0x00000000c6c00000| Untracked 
|  57|0x00000000c6d00000, 0x00000000c6e00000, 0x00000000c6e00000|100%| S|CS|TAMS 0x00000000c6d00000, 0x00000000c6d00000| Complete 
|  58|0x00000000c6e00000, 0x00000000c6f00000, 0x00000000c6f00000|100%| S|CS|TAMS 0x00000000c6e00000, 0x00000000c6e00000| Complete 
|  59|0x00000000c6f00000, 0x00000000c7000000, 0x00000000c7000000|100%| S|CS|TAMS 0x00000000c6f00000, 0x00000000c6f00000| Complete 
|  60|0x00000000c7000000, 0x00000000c7100000, 0x00000000c7100000|100%| S|CS|TAMS 0x00000000c7000000, 0x00000000c7000000| Complete 
|  61|0x00000000c7100000, 0x00000000c7200000, 0x00000000c7200000|100%| S|CS|TAMS 0x00000000c7100000, 0x00000000c7100000| Complete 
|  62|0x00000000c7200000, 0x00000000c7300000, 0x00000000c7300000|100%| S|CS|TAMS 0x00000000c7200000, 0x00000000c7200000| Complete 
|  63|0x00000000c7300000, 0x00000000c7400000, 0x00000000c7400000|100%| S|CS|TAMS 0x00000000c7300000, 0x00000000c7300000| Complete 
|  64|0x00000000c7400000, 0x00000000c7500000, 0x00000000c7500000|100%| S|CS|TAMS 0x00000000c7400000, 0x00000000c7400000| Complete 
|  65|0x00000000c7500000, 0x00000000c7600000, 0x00000000c7600000|100%| S|CS|TAMS 0x00000000c7500000, 0x00000000c7500000| Complete 
|  66|0x00000000c7600000, 0x00000000c7600000, 0x00000000c7700000|  0%| F|  |TAMS 0x00000000c7600000, 0x00000000c7600000| Untracked 
|  67|0x00000000c7700000, 0x00000000c7700000, 0x00000000c7800000|  0%| F|  |TAMS 0x00000000c7700000, 0x00000000c7700000| Untracked 
|  68|0x00000000c7800000, 0x00000000c7800000, 0x00000000c7900000|  0%| F|  |TAMS 0x00000000c7800000, 0x00000000c7800000| Untracked 
|  69|0x00000000c7900000, 0x00000000c7900000, 0x00000000c7a00000|  0%| F|  |TAMS 0x00000000c7900000, 0x00000000c7900000| Untracked 
|  70|0x00000000c7a00000, 0x00000000c7a00000, 0x00000000c7b00000|  0%| F|  |TAMS 0x00000000c7a00000, 0x00000000c7a00000| Untracked 
|  71|0x00000000c7b00000, 0x00000000c7b00000, 0x00000000c7c00000|  0%| F|  |TAMS 0x00000000c7b00000, 0x00000000c7b00000| Untracked 
|  72|0x00000000c7c00000, 0x00000000c7c00000, 0x00000000c7d00000|  0%| F|  |TAMS 0x00000000c7c00000, 0x00000000c7c00000| Untracked 
|  73|0x00000000c7d00000, 0x00000000c7d00000, 0x00000000c7e00000|  0%| F|  |TAMS 0x00000000c7d00000, 0x00000000c7d00000| Untracked 
|  74|0x00000000c7e00000, 0x00000000c7e00000, 0x00000000c7f00000|  0%| F|  |TAMS 0x00000000c7e00000, 0x00000000c7e00000| Untracked 
|  75|0x00000000c7f00000, 0x00000000c7f00000, 0x00000000c8000000|  0%| F|  |TAMS 0x00000000c7f00000, 0x00000000c7f00000| Untracked 
|  76|0x00000000c8000000, 0x00000000c8000000, 0x00000000c8100000|  0%| F|  |TAMS 0x00000000c8000000, 0x00000000c8000000| Untracked 
|  77|0x00000000c8100000, 0x00000000c8100000, 0x00000000c8200000|  0%| F|  |TAMS 0x00000000c8100000, 0x00000000c8100000| Untracked 
|  78|0x00000000c8200000, 0x00000000c8200000, 0x00000000c8300000|  0%| F|  |TAMS 0x00000000c8200000, 0x00000000c8200000| Untracked 
|  79|0x00000000c8300000, 0x00000000c8300000, 0x00000000c8400000|  0%| F|  |TAMS 0x00000000c8300000, 0x00000000c8300000| Untracked 
|  80|0x00000000c8400000, 0x00000000c8400000, 0x00000000c8500000|  0%| F|  |TAMS 0x00000000c8400000, 0x00000000c8400000| Untracked 
|  81|0x00000000c8500000, 0x00000000c8500000, 0x00000000c8600000|  0%| F|  |TAMS 0x00000000c8500000, 0x00000000c8500000| Untracked 
|  82|0x00000000c8600000, 0x00000000c8600000, 0x00000000c8700000|  0%| F|  |TAMS 0x00000000c8600000, 0x00000000c8600000| Untracked 
|  83|0x00000000c8700000, 0x00000000c8700000, 0x00000000c8800000|  0%| F|  |TAMS 0x00000000c8700000, 0x00000000c8700000| Untracked 
|  84|0x00000000c8800000, 0x00000000c8800000, 0x00000000c8900000|  0%| F|  |TAMS 0x00000000c8800000, 0x00000000c8800000| Untracked 
|  85|0x00000000c8900000, 0x00000000c8900000, 0x00000000c8a00000|  0%| F|  |TAMS 0x00000000c8900000, 0x00000000c8900000| Untracked 
|  86|0x00000000c8a00000, 0x00000000c8a00000, 0x00000000c8b00000|  0%| F|  |TAMS 0x00000000c8a00000, 0x00000000c8a00000| Untracked 
|  87|0x00000000c8b00000, 0x00000000c8b00000, 0x00000000c8c00000|  0%| F|  |TAMS 0x00000000c8b00000, 0x00000000c8b00000| Untracked 
|  88|0x00000000c8c00000, 0x00000000c8c00000, 0x00000000c8d00000|  0%| F|  |TAMS 0x00000000c8c00000, 0x00000000c8c00000| Untracked 
|  89|0x00000000c8d00000, 0x00000000c8d00000, 0x00000000c8e00000|  0%| F|  |TAMS 0x00000000c8d00000, 0x00000000c8d00000| Untracked 
|  90|0x00000000c8e00000, 0x00000000c8e00000, 0x00000000c8f00000|  0%| F|  |TAMS 0x00000000c8e00000, 0x00000000c8e00000| Untracked 
|  91|0x00000000c8f00000, 0x00000000c8f00000, 0x00000000c9000000|  0%| F|  |TAMS 0x00000000c8f00000, 0x00000000c8f00000| Untracked 
|  92|0x00000000c9000000, 0x00000000c9000000, 0x00000000c9100000|  0%| F|  |TAMS 0x00000000c9000000, 0x00000000c9000000| Untracked 
|  93|0x00000000c9100000, 0x00000000c9100000, 0x00000000c9200000|  0%| F|  |TAMS 0x00000000c9100000, 0x00000000c9100000| Untracked 
|  94|0x00000000c9200000, 0x00000000c9200000, 0x00000000c9300000|  0%| F|  |TAMS 0x00000000c9200000, 0x00000000c9200000| Untracked 
|  95|0x00000000c9300000, 0x00000000c9300000, 0x00000000c9400000|  0%| F|  |TAMS 0x00000000c9300000, 0x00000000c9300000| Untracked 
|  96|0x00000000c9400000, 0x00000000c9400000, 0x00000000c9500000|  0%| F|  |TAMS 0x00000000c9400000, 0x00000000c9400000| Untracked 
|  97|0x00000000c9500000, 0x00000000c9500000, 0x00000000c9600000|  0%| F|  |TAMS 0x00000000c9500000, 0x00000000c9500000| Untracked 
|  98|0x00000000c9600000, 0x00000000c9600000, 0x00000000c9700000|  0%| F|  |TAMS 0x00000000c9600000, 0x00000000c9600000| Untracked 
|  99|0x00000000c9700000, 0x00000000c9700000, 0x00000000c9800000|  0%| F|  |TAMS 0x00000000c9700000, 0x00000000c9700000| Untracked 
| 100|0x00000000c9800000, 0x00000000c9800000, 0x00000000c9900000|  0%| F|  |TAMS 0x00000000c9800000, 0x00000000c9800000| Untracked 
| 101|0x00000000c9900000, 0x00000000c9900000, 0x00000000c9a00000|  0%| F|  |TAMS 0x00000000c9900000, 0x00000000c9900000| Untracked 
| 102|0x00000000c9a00000, 0x00000000c9a00000, 0x00000000c9b00000|  0%| F|  |TAMS 0x00000000c9a00000, 0x00000000c9a00000| Untracked 
| 103|0x00000000c9b00000, 0x00000000c9b00000, 0x00000000c9c00000|  0%| F|  |TAMS 0x00000000c9b00000, 0x00000000c9b00000| Untracked 
| 104|0x00000000c9c00000, 0x00000000c9c00000, 0x00000000c9d00000|  0%| F|  |TAMS 0x00000000c9c00000, 0x00000000c9c00000| Untracked 
| 105|0x00000000c9d00000, 0x00000000c9d00000, 0x00000000c9e00000|  0%| F|  |TAMS 0x00000000c9d00000, 0x00000000c9d00000| Untracked 
| 106|0x00000000c9e00000, 0x00000000c9e00000, 0x00000000c9f00000|  0%| F|  |TAMS 0x00000000c9e00000, 0x00000000c9e00000| Untracked 
| 107|0x00000000c9f00000, 0x00000000c9f00000, 0x00000000ca000000|  0%| F|  |TAMS 0x00000000c9f00000, 0x00000000c9f00000| Untracked 
| 108|0x00000000ca000000, 0x00000000ca000000, 0x00000000ca100000|  0%| F|  |TAMS 0x00000000ca000000, 0x00000000ca000000| Untracked 
| 109|0x00000000ca100000, 0x00000000ca100000, 0x00000000ca200000|  0%| F|  |TAMS 0x00000000ca100000, 0x00000000ca100000| Untracked 
| 110|0x00000000ca200000, 0x00000000ca200000, 0x00000000ca300000|  0%| F|  |TAMS 0x00000000ca200000, 0x00000000ca200000| Untracked 
| 111|0x00000000ca300000, 0x00000000ca300000, 0x00000000ca400000|  0%| F|  |TAMS 0x00000000ca300000, 0x00000000ca300000| Untracked 
| 112|0x00000000ca400000, 0x00000000ca400000, 0x00000000ca500000|  0%| F|  |TAMS 0x00000000ca400000, 0x00000000ca400000| Untracked 
| 113|0x00000000ca500000, 0x00000000ca500000, 0x00000000ca600000|  0%| F|  |TAMS 0x00000000ca500000, 0x00000000ca500000| Untracked 
| 114|0x00000000ca600000, 0x00000000ca600000, 0x00000000ca700000|  0%| F|  |TAMS 0x00000000ca600000, 0x00000000ca600000| Untracked 
| 115|0x00000000ca700000, 0x00000000ca700000, 0x00000000ca800000|  0%| F|  |TAMS 0x00000000ca700000, 0x00000000ca700000| Untracked 
| 116|0x00000000ca800000, 0x00000000ca800000, 0x00000000ca900000|  0%| F|  |TAMS 0x00000000ca800000, 0x00000000ca800000| Untracked 
| 117|0x00000000ca900000, 0x00000000ca900000, 0x00000000caa00000|  0%| F|  |TAMS 0x00000000ca900000, 0x00000000ca900000| Untracked 
| 118|0x00000000caa00000, 0x00000000caa00000, 0x00000000cab00000|  0%| F|  |TAMS 0x00000000caa00000, 0x00000000caa00000| Untracked 
| 119|0x00000000cab00000, 0x00000000cab00000, 0x00000000cac00000|  0%| F|  |TAMS 0x00000000cab00000, 0x00000000cab00000| Untracked 
| 120|0x00000000cac00000, 0x00000000cac00000, 0x00000000cad00000|  0%| F|  |TAMS 0x00000000cac00000, 0x00000000cac00000| Untracked 
| 121|0x00000000cad00000, 0x00000000cad00000, 0x00000000cae00000|  0%| F|  |TAMS 0x00000000cad00000, 0x00000000cad00000| Untracked 
| 122|0x00000000cae00000, 0x00000000cae00000, 0x00000000caf00000|  0%| F|  |TAMS 0x00000000cae00000, 0x00000000cae00000| Untracked 
| 123|0x00000000caf00000, 0x00000000caf00000, 0x00000000cb000000|  0%| F|  |TAMS 0x00000000caf00000, 0x00000000caf00000| Untracked 
| 124|0x00000000cb000000, 0x00000000cb000000, 0x00000000cb100000|  0%| F|  |TAMS 0x00000000cb000000, 0x00000000cb000000| Untracked 
| 125|0x00000000cb100000, 0x00000000cb100000, 0x00000000cb200000|  0%| F|  |TAMS 0x00000000cb100000, 0x00000000cb100000| Untracked 
| 126|0x00000000cb200000, 0x00000000cb200000, 0x00000000cb300000|  0%| F|  |TAMS 0x00000000cb200000, 0x00000000cb200000| Untracked 
| 127|0x00000000cb300000, 0x00000000cb300000, 0x00000000cb400000|  0%| F|  |TAMS 0x00000000cb300000, 0x00000000cb300000| Untracked 
| 128|0x00000000cb400000, 0x00000000cb400000, 0x00000000cb500000|  0%| F|  |TAMS 0x00000000cb400000, 0x00000000cb400000| Untracked 
| 129|0x00000000cb500000, 0x00000000cb500000, 0x00000000cb600000|  0%| F|  |TAMS 0x00000000cb500000, 0x00000000cb500000| Untracked 
| 130|0x00000000cb600000, 0x00000000cb600000, 0x00000000cb700000|  0%| F|  |TAMS 0x00000000cb600000, 0x00000000cb600000| Untracked 
| 131|0x00000000cb700000, 0x00000000cb700000, 0x00000000cb800000|  0%| F|  |TAMS 0x00000000cb700000, 0x00000000cb700000| Untracked 
| 132|0x00000000cb800000, 0x00000000cb800000, 0x00000000cb900000|  0%| F|  |TAMS 0x00000000cb800000, 0x00000000cb800000| Untracked 
| 133|0x00000000cb900000, 0x00000000cb900000, 0x00000000cba00000|  0%| F|  |TAMS 0x00000000cb900000, 0x00000000cb900000| Untracked 
| 134|0x00000000cba00000, 0x00000000cba00000, 0x00000000cbb00000|  0%| F|  |TAMS 0x00000000cba00000, 0x00000000cba00000| Untracked 
| 135|0x00000000cbb00000, 0x00000000cbb00000, 0x00000000cbc00000|  0%| F|  |TAMS 0x00000000cbb00000, 0x00000000cbb00000| Untracked 
| 136|0x00000000cbc00000, 0x00000000cbc00000, 0x00000000cbd00000|  0%| F|  |TAMS 0x00000000cbc00000, 0x00000000cbc00000| Untracked 
| 137|0x00000000cbd00000, 0x00000000cbd00000, 0x00000000cbe00000|  0%| F|  |TAMS 0x00000000cbd00000, 0x00000000cbd00000| Untracked 
| 138|0x00000000cbe00000, 0x00000000cbe00000, 0x00000000cbf00000|  0%| F|  |TAMS 0x00000000cbe00000, 0x00000000cbe00000| Untracked 
| 139|0x00000000cbf00000, 0x00000000cbf00000, 0x00000000cc000000|  0%| F|  |TAMS 0x00000000cbf00000, 0x00000000cbf00000| Untracked 
| 140|0x00000000cc000000, 0x00000000cc000000, 0x00000000cc100000|  0%| F|  |TAMS 0x00000000cc000000, 0x00000000cc000000| Untracked 
| 141|0x00000000cc100000, 0x00000000cc100000, 0x00000000cc200000|  0%| F|  |TAMS 0x00000000cc100000, 0x00000000cc100000| Untracked 
| 142|0x00000000cc200000, 0x00000000cc200000, 0x00000000cc300000|  0%| F|  |TAMS 0x00000000cc200000, 0x00000000cc200000| Untracked 
| 143|0x00000000cc300000, 0x00000000cc300000, 0x00000000cc400000|  0%| F|  |TAMS 0x00000000cc300000, 0x00000000cc300000| Untracked 
| 144|0x00000000cc400000, 0x00000000cc400000, 0x00000000cc500000|  0%| F|  |TAMS 0x00000000cc400000, 0x00000000cc400000| Untracked 
| 145|0x00000000cc500000, 0x00000000cc500000, 0x00000000cc600000|  0%| F|  |TAMS 0x00000000cc500000, 0x00000000cc500000| Untracked 
| 146|0x00000000cc600000, 0x00000000cc600000, 0x00000000cc700000|  0%| F|  |TAMS 0x00000000cc600000, 0x00000000cc600000| Untracked 
| 147|0x00000000cc700000, 0x00000000cc700000, 0x00000000cc800000|  0%| F|  |TAMS 0x00000000cc700000, 0x00000000cc700000| Untracked 
| 148|0x00000000cc800000, 0x00000000cc800000, 0x00000000cc900000|  0%| F|  |TAMS 0x00000000cc800000, 0x00000000cc800000| Untracked 
| 149|0x00000000cc900000, 0x00000000cc900000, 0x00000000cca00000|  0%| F|  |TAMS 0x00000000cc900000, 0x00000000cc900000| Untracked 
| 150|0x00000000cca00000, 0x00000000cca00000, 0x00000000ccb00000|  0%| F|  |TAMS 0x00000000cca00000, 0x00000000cca00000| Untracked 
| 151|0x00000000ccb00000, 0x00000000ccb00000, 0x00000000ccc00000|  0%| F|  |TAMS 0x00000000ccb00000, 0x00000000ccb00000| Untracked 
| 152|0x00000000ccc00000, 0x00000000ccc00000, 0x00000000ccd00000|  0%| F|  |TAMS 0x00000000ccc00000, 0x00000000ccc00000| Untracked 
| 153|0x00000000ccd00000, 0x00000000ccd00000, 0x00000000cce00000|  0%| F|  |TAMS 0x00000000ccd00000, 0x00000000ccd00000| Untracked 
| 154|0x00000000cce00000, 0x00000000cce00000, 0x00000000ccf00000|  0%| F|  |TAMS 0x00000000cce00000, 0x00000000cce00000| Untracked 
| 155|0x00000000ccf00000, 0x00000000ccf00000, 0x00000000cd000000|  0%| F|  |TAMS 0x00000000ccf00000, 0x00000000ccf00000| Untracked 
| 156|0x00000000cd000000, 0x00000000cd000000, 0x00000000cd100000|  0%| F|  |TAMS 0x00000000cd000000, 0x00000000cd000000| Untracked 
| 157|0x00000000cd100000, 0x00000000cd100000, 0x00000000cd200000|  0%| F|  |TAMS 0x00000000cd100000, 0x00000000cd100000| Untracked 
| 158|0x00000000cd200000, 0x00000000cd200000, 0x00000000cd300000|  0%| F|  |TAMS 0x00000000cd200000, 0x00000000cd200000| Untracked 
| 159|0x00000000cd300000, 0x00000000cd300000, 0x00000000cd400000|  0%| F|  |TAMS 0x00000000cd300000, 0x00000000cd300000| Untracked 
| 160|0x00000000cd400000, 0x00000000cd400000, 0x00000000cd500000|  0%| F|  |TAMS 0x00000000cd400000, 0x00000000cd400000| Untracked 
| 161|0x00000000cd500000, 0x00000000cd500000, 0x00000000cd600000|  0%| F|  |TAMS 0x00000000cd500000, 0x00000000cd500000| Untracked 
| 162|0x00000000cd600000, 0x00000000cd600000, 0x00000000cd700000|  0%| F|  |TAMS 0x00000000cd600000, 0x00000000cd600000| Untracked 

Card table byte_map: [0x00000226b6db0000,0x00000226b6fa0000] _byte_map_base: 0x00000226b6796000

Marking Bits (Prev, Next): (CMBitMap*) 0x000002269f4d3e48, (CMBitMap*) 0x000002269f4d3e80
 Prev Bits: [0x00000226b7190000, 0x00000226b80c0000)
 Next Bits: [0x00000226b80c0000, 0x00000226b8ff0000)

Polling page: 0x000002269ec60000

Metaspace:

Usage:
  Non-class:     10.04 MB capacity,     9.85 MB ( 98%) used,   176.71 KB (  2%) free+waste,    14.19 KB ( <1%) overhead. 
      Class:      1.02 MB capacity,   976.74 KB ( 94%) used,    61.45 KB (  6%) free+waste,     5.81 KB ( <1%) overhead. 
       Both:     11.06 MB capacity,    10.81 MB ( 98%) used,   238.16 KB (  2%) free+waste,    20.00 KB ( <1%) overhead. 

Virtual space:
  Non-class space:       12.00 MB reserved,      10.25 MB ( 85%) committed 
      Class space:        1.00 GB reserved,       1.13 MB ( <1%) committed 
             Both:        1.01 GB reserved,      11.38 MB (  1%) committed 

Chunk freelists:
   Non-Class:  24.00 KB
       Class:  0 bytes
        Both:  24.00 KB

MaxMetaspaceSize: 17179869184.00 GB
CompressedClassSpaceSize: 1.00 GB
Initial GC threshold: 20.80 MB
Current GC threshold: 20.80 MB
CDS: off

CodeHeap 'non-profiled nmethods': size=120064Kb used=924Kb max_used=924Kb free=119140Kb
 bounds [0x00000226af680000, 0x00000226af8f0000, 0x00000226b6bc0000]
CodeHeap 'profiled nmethods': size=120000Kb used=3333Kb max_used=3333Kb free=116666Kb
 bounds [0x00000226a8150000, 0x00000226a84a0000, 0x00000226af680000]
CodeHeap 'non-nmethods': size=5696Kb used=1119Kb max_used=1166Kb free=4576Kb
 bounds [0x00000226a7bc0000, 0x00000226a7e30000, 0x00000226a8150000]
 total_blobs=2000 nmethods=1629 adapters=285
 compilation: enabled
              stopped_count=0, restarted_count=0
 full_count=0

Compilation events (20 events):
Event: 6.020 Thread 0x00000226bb511800 nmethod 1638 0x00000226a8486c90 code [0x00000226a8486e80, 0x00000226a84871b8]
Event: 6.020 Thread 0x00000226bb511800 1637       3       java.util.regex.Pattern::Range (36 bytes)
Event: 6.021 Thread 0x00000226bb511800 nmethod 1637 0x00000226a8487310 code [0x00000226a8487520, 0x00000226a8487b48]
Event: 6.041 Thread 0x00000226bb50c800 1639       4       org.yaml.snakeyaml.resolver.Resolver::addImplicitResolver (176 bytes)
Event: 6.106 Thread 0x00000226bb50c800 nmethod 1639 0x00000226af764090 code [0x00000226af7642e0, 0x00000226af765dc8]
Event: 6.106 Thread 0x00000226bb50c800 1640       4       org.yaml.snakeyaml.tokens.BlockSequenceStartToken::getTokenId (4 bytes)
Event: 6.107 Thread 0x00000226bb50c800 nmethod 1640 0x00000226af766a10 code [0x00000226af766ba0, 0x00000226af766c18]
Event: 6.139 Thread 0x00000226bb511800 1641       3       com.github.javafaker.Lorem::words (34 bytes)
Event: 6.140 Thread 0x00000226bb511800 nmethod 1641 0x00000226a8487d90 code [0x00000226a8488000, 0x00000226a8488a28]
Event: 6.142 Thread 0x00000226bb511800 1642       3       Theme::<init> (62 bytes)
Event: 6.143 Thread 0x00000226bb511800 nmethod 1642 0x00000226a8488e90 code [0x00000226a8489140, 0x00000226a8489b38]
Event: 6.143 Thread 0x00000226bb511800 1643       3       com.github.javafaker.Lorem::sentence (54 bytes)
Event: 6.146 Thread 0x00000226bb511800 nmethod 1643 0x00000226a8489f10 code [0x00000226a848a280, 0x00000226a848b748]
Event: 6.146 Thread 0x00000226bb511800 1644       3       java.lang.Character::toTitleCase (6 bytes)
Event: 6.147 Thread 0x00000226bb511800 nmethod 1644 0x00000226a848c010 code [0x00000226a848c1e0, 0x00000226a848c418]
Event: 6.147 Thread 0x00000226bb511800 1645       3       java.lang.Character::toTitleCase (9 bytes)
Event: 6.147 Thread 0x00000226bb511800 nmethod 1645 0x00000226a848c510 code [0x00000226a848c6e0, 0x00000226a848c8b8]
Event: 6.148 Thread 0x00000226bb50c800 1646       4       org.yaml.snakeyaml.events.SequenceStartEvent::is (13 bytes)
Event: 6.148 Thread 0x00000226bb50c800 nmethod 1646 0x00000226af766d10 code [0x00000226af766ea0, 0x00000226af766f18]
Event: 6.177 Thread 0x00000226bb511800 1647       3       java.util.regex.Pattern::split (290 bytes)

GC Heap History (20 events):
Event: 3.663 GC heap after
{Heap after GC invocations=7 (full 0):
 garbage-first heap   total 76800K, used 12244K [0x00000000c3400000, 0x0000000100000000)
  region size 1024K, 5 young (5120K), 5 survivors (5120K)
 Metaspace       used 10781K, capacity 10995K, committed 11136K, reserved 1058816K
  class space    used 967K, capacity 1042K, committed 1152K, reserved 1048576K
}
Event: 3.898 GC heap before
{Heap before GC invocations=7 (full 0):
 garbage-first heap   total 76800K, used 53204K [0x00000000c3400000, 0x0000000100000000)
  region size 1024K, 45 young (46080K), 5 survivors (5120K)
 Metaspace       used 10809K, capacity 10997K, committed 11136K, reserved 1058816K
  class space    used 967K, capacity 1042K, committed 1152K, reserved 1048576K
}
Event: 3.916 GC heap after
{Heap after GC invocations=8 (full 0):
 garbage-first heap   total 76800K, used 14102K [0x00000000c3400000, 0x0000000100000000)
  region size 1024K, 5 young (5120K), 5 survivors (5120K)
 Metaspace       used 10809K, capacity 10997K, committed 11136K, reserved 1058816K
  class space    used 967K, capacity 1042K, committed 1152K, reserved 1048576K
}
Event: 4.031 GC heap before
{Heap before GC invocations=8 (full 0):
 garbage-first heap   total 76800K, used 55062K [0x00000000c3400000, 0x0000000100000000)
  region size 1024K, 45 young (46080K), 5 survivors (5120K)
 Metaspace       used 10821K, capacity 11061K, committed 11392K, reserved 1058816K
  class space    used 967K, capacity 1042K, committed 1152K, reserved 1048576K
}
Event: 4.054 GC heap after
{Heap after GC invocations=9 (full 0):
 garbage-first heap   total 101376K, used 16705K [0x00000000c3400000, 0x0000000100000000)
  region size 1024K, 5 young (5120K), 5 survivors (5120K)
 Metaspace       used 10821K, capacity 11061K, committed 11392K, reserved 1058816K
  class space    used 967K, capacity 1042K, committed 1152K, reserved 1048576K
}
Event: 4.393 GC heap before
{Heap before GC invocations=9 (full 0):
 garbage-first heap   total 101376K, used 69953K [0x00000000c3400000, 0x0000000100000000)
  region size 1024K, 57 young (58368K), 5 survivors (5120K)
 Metaspace       used 10931K, capacity 11195K, committed 11392K, reserved 1058816K
  class space    used 976K, capacity 1044K, committed 1152K, reserved 1048576K
}
Event: 4.416 GC heap after
{Heap after GC invocations=10 (full 0):
 garbage-first heap   total 101376K, used 18685K [0x00000000c3400000, 0x0000000100000000)
  region size 1024K, 5 young (5120K), 5 survivors (5120K)
 Metaspace       used 10931K, capacity 11195K, committed 11392K, reserved 1058816K
  class space    used 976K, capacity 1044K, committed 1152K, reserved 1048576K
}
Event: 4.621 GC heap before
{Heap before GC invocations=10 (full 0):
 garbage-first heap   total 101376K, used 72957K [0x00000000c3400000, 0x0000000100000000)
  region size 1024K, 58 young (59392K), 5 survivors (5120K)
 Metaspace       used 10952K, capacity 11195K, committed 11392K, reserved 1058816K
  class space    used 976K, capacity 1044K, committed 1152K, reserved 1048576K
}
Event: 4.647 GC heap after
{Heap after GC invocations=11 (full 0):
 garbage-first heap   total 101376K, used 21574K [0x00000000c3400000, 0x0000000100000000)
  region size 1024K, 6 young (6144K), 6 survivors (6144K)
 Metaspace       used 10952K, capacity 11195K, committed 11392K, reserved 1058816K
  class space    used 976K, capacity 1044K, committed 1152K, reserved 1048576K
}
Event: 4.890 GC heap before
{Heap before GC invocations=11 (full 0):
 garbage-first heap   total 101376K, used 75846K [0x00000000c3400000, 0x0000000100000000)
  region size 1024K, 59 young (60416K), 6 survivors (6144K)
 Metaspace       used 10967K, capacity 11195K, committed 11392K, reserved 1058816K
  class space    used 976K, capacity 1044K, committed 1152K, reserved 1048576K
}
Event: 4.915 GC heap after
{Heap after GC invocations=12 (full 0):
 garbage-first heap   total 101376K, used 24264K [0x00000000c3400000, 0x0000000100000000)
  region size 1024K, 6 young (6144K), 6 survivors (6144K)
 Metaspace       used 10967K, capacity 11195K, committed 11392K, reserved 1058816K
  class space    used 976K, capacity 1044K, committed 1152K, reserved 1048576K
}
Event: 5.163 GC heap before
{Heap before GC invocations=12 (full 0):
 garbage-first heap   total 101376K, used 77512K [0x00000000c3400000, 0x0000000100000000)
  region size 1024K, 58 young (59392K), 6 survivors (6144K)
 Metaspace       used 10970K, capacity 11195K, committed 11392K, reserved 1058816K
  class space    used 976K, capacity 1044K, committed 1152K, reserved 1048576K
}
Event: 5.193 GC heap after
{Heap after GC invocations=13 (full 0):
 garbage-first heap   total 166912K, used 26336K [0x00000000c3400000, 0x0000000100000000)
  region size 1024K, 6 young (6144K), 6 survivors (6144K)
 Metaspace       used 10970K, capacity 11195K, committed 11392K, reserved 1058816K
  class space    used 976K, capacity 1044K, committed 1152K, reserved 1048576K
}
Event: 5.523 GC heap before
{Heap before GC invocations=13 (full 0):
 garbage-first heap   total 166912K, used 103136K [0x00000000c3400000, 0x0000000100000000)
  region size 1024K, 81 young (82944K), 6 survivors (6144K)
 Metaspace       used 10979K, capacity 11195K, committed 11392K, reserved 1058816K
  class space    used 976K, capacity 1044K, committed 1152K, reserved 1048576K
}
Event: 5.543 GC heap after
{Heap after GC invocations=14 (full 0):
 garbage-first heap   total 166912K, used 29595K [0x00000000c3400000, 0x0000000100000000)
  region size 1024K, 9 young (9216K), 9 survivors (9216K)
 Metaspace       used 10979K, capacity 11195K, committed 11392K, reserved 1058816K
  class space    used 976K, capacity 1044K, committed 1152K, reserved 1048576K
}
Event: 5.765 GC heap before
{Heap before GC invocations=14 (full 0):
 garbage-first heap   total 166912K, used 119707K [0x00000000c3400000, 0x0000000100000000)
  region size 1024K, 97 young (99328K), 9 survivors (9216K)
 Metaspace       used 11027K, capacity 11259K, committed 11392K, reserved 1058816K
  class space    used 976K, capacity 1044K, committed 1152K, reserved 1048576K
}
Event: 5.794 GC heap after
{Heap after GC invocations=15 (full 0):
 garbage-first heap   total 166912K, used 34968K [0x00000000c3400000, 0x0000000100000000)
  region size 1024K, 12 young (12288K), 12 survivors (12288K)
 Metaspace       used 11027K, capacity 11259K, committed 11392K, reserved 1058816K
  class space    used 976K, capacity 1044K, committed 1152K, reserved 1048576K
}
Event: 5.970 GC heap before
{Heap before GC invocations=15 (full 0):
 garbage-first heap   total 166912K, used 122008K [0x00000000c3400000, 0x0000000100000000)
  region size 1024K, 97 young (99328K), 12 survivors (12288K)
 Metaspace       used 11053K, capacity 11259K, committed 11392K, reserved 1058816K
  class space    used 976K, capacity 1044K, committed 1152K, reserved 1048576K
}
Event: 5.998 GC heap after
{Heap after GC invocations=16 (full 0):
 garbage-first heap   total 166912K, used 38915K [0x00000000c3400000, 0x0000000100000000)
  region size 1024K, 10 young (10240K), 10 survivors (10240K)
 Metaspace       used 11053K, capacity 11259K, committed 11392K, reserved 1058816K
  class space    used 976K, capacity 1044K, committed 1152K, reserved 1048576K
}
Event: 6.183 GC heap before
{Heap before GC invocations=16 (full 0):
 garbage-first heap   total 166912K, used 128003K [0x00000000c3400000, 0x0000000100000000)
  region size 1024K, 97 young (99328K), 10 survivors (10240K)
 Metaspace       used 11065K, capacity 11324K, committed 11648K, reserved 1060864K
  class space    used 976K, capacity 1044K, committed 1152K, reserved 1048576K
}

Deoptimization events (20 events):
Event: 2.266 Thread 0x000002269f4a5000 DEOPT PACKING pc=0x00000226a8326088 sp=0x000000dcabafda50
Event: 2.266 Thread 0x000002269f4a5000 DEOPT UNPACKING pc=0x00000226a7c0a93f sp=0x000000dcabafcf18 mode 0
Event: 2.271 Thread 0x000002269f4a5000 DEOPT PACKING pc=0x00000226a82e51b7 sp=0x000000dcabafe0a0
Event: 2.271 Thread 0x000002269f4a5000 DEOPT UNPACKING pc=0x00000226a7c0a93f sp=0x000000dcabafd628 mode 0
Event: 2.917 Thread 0x000002269f4a5000 DEOPT PACKING pc=0x00000226a83254d1 sp=0x000000dcabafdae0
Event: 2.917 Thread 0x000002269f4a5000 DEOPT UNPACKING pc=0x00000226a7c0a93f sp=0x000000dcabafd080 mode 0
Event: 2.974 Thread 0x000002269f4a5000 DEOPT PACKING pc=0x00000226a81780e5 sp=0x000000dcabafdb50
Event: 2.974 Thread 0x000002269f4a5000 DEOPT UNPACKING pc=0x00000226a7c0a93f sp=0x000000dcabafcfb8 mode 0
Event: 3.038 Thread 0x000002269f4a5000 DEOPT PACKING pc=0x00000226a832e20e sp=0x000000dcabafe8e0
Event: 3.038 Thread 0x000002269f4a5000 DEOPT UNPACKING pc=0x00000226a7c0a93f sp=0x000000dcabafdd78 mode 0
Event: 3.294 Thread 0x000002269f4a5000 DEOPT PACKING pc=0x00000226a832fbd8 sp=0x000000dcabafe470
Event: 3.294 Thread 0x000002269f4a5000 DEOPT UNPACKING pc=0x00000226a7c0a93f sp=0x000000dcabafda60 mode 0
Event: 3.413 Thread 0x000002269f4a5000 DEOPT PACKING pc=0x00000226a832bb2d sp=0x000000dcabafdd20
Event: 3.413 Thread 0x000002269f4a5000 DEOPT UNPACKING pc=0x00000226a7c0a93f sp=0x000000dcabafd1d0 mode 0
Event: 3.734 Thread 0x000002269f4a5000 DEOPT PACKING pc=0x00000226a83477aa sp=0x000000dcabafeb50
Event: 3.734 Thread 0x000002269f4a5000 DEOPT UNPACKING pc=0x00000226a7c0a93f sp=0x000000dcabafdff8 mode 0
Event: 4.831 Thread 0x000002269f4a5000 DEOPT PACKING pc=0x00000226a83b2e98 sp=0x000000dcabafeb50
Event: 4.831 Thread 0x000002269f4a5000 DEOPT UNPACKING pc=0x00000226a7c0a93f sp=0x000000dcabafdff8 mode 0
Event: 4.885 Thread 0x000002269f4a5000 DEOPT PACKING pc=0x00000226a837747a sp=0x000000dcabafe390
Event: 4.885 Thread 0x000002269f4a5000 DEOPT UNPACKING pc=0x00000226a7c0a93f sp=0x000000dcabafd978 mode 0

Classes redefined (0 events):
No events

Internal exceptions (4 events):
Event: 1.030 Thread 0x00000226bb508000 Exception <a 'java/lang/NoSuchMethodError'{0x00000000c691e900}: 'java.lang.Object java.lang.invoke.DirectMethodHandle$Holder.invokeStaticInit(java.lang.Object, int)'> (0x00000000c691e900) thrown at [./src/hotspot/share/interpreter/linkResolver.cpp, line 773]
Event: 1.420 Thread 0x000002269f4a5000 Exception <a 'java/lang/NoSuchMethodError'{0x00000000c6f9bdb0}: 'java.lang.Object java.lang.invoke.Invokers$Holder.linkToTargetMethod(java.lang.Object, int, java.lang.Object)'> (0x00000000c6f9bdb0) thrown at [./src/hotspot/share/interpreter/linkResolver.cpp, line 773]
Event: 1.437 Thread 0x000002269f4a5000 Implicit null exception at 0x00000226af6baefd to 0x00000226af6bb53c
Event: 1.437 Thread 0x000002269f4a5000 Implicit null exception at 0x00000226af6c5097 to 0x00000226af6c5b28

Events (20 events):
Event: 5.193 Executing VM operation: G1CollectForAllocation done
Event: 5.523 Executing VM operation: G1CollectForAllocation
Event: 5.544 Executing VM operation: G1CollectForAllocation done
Event: 5.544 Executing VM operation: RevokeBias
Event: 5.544 Executing VM operation: RevokeBias done
Event: 5.544 Executing VM operation: RevokeBias
Event: 5.544 Executing VM operation: RevokeBias done
Event: 5.765 Executing VM operation: G1CollectForAllocation
Event: 5.794 Executing VM operation: G1CollectForAllocation done
Event: 5.795 Executing VM operation: RevokeBias
Event: 5.795 Executing VM operation: RevokeBias done
Event: 5.795 Executing VM operation: RevokeBias
Event: 5.795 Executing VM operation: RevokeBias done
Event: 5.795 Executing VM operation: RevokeBias
Event: 5.795 Executing VM operation: RevokeBias done
Event: 5.970 Executing VM operation: G1CollectForAllocation
Event: 5.998 Executing VM operation: G1CollectForAllocation done
Event: 5.999 Executing VM operation: RevokeBias
Event: 5.999 Executing VM operation: RevokeBias done
Event: 6.183 Executing VM operation: G1CollectForAllocation


Dynamic libraries:
0x00007ff78c680000 - 0x00007ff78c68d000 	C:\Program Files\Java\jdk-11.0.14.1\bin\java.exe
0x00007ff8a6c70000 - 0x00007ff8a6e65000 	C:\WINDOWS\SYSTEM32\ntdll.dll
0x00007ff8a6a50000 - 0x00007ff8a6b0e000 	C:\WINDOWS\System32\KERNEL32.DLL
0x00007ff8a4580000 - 0x00007ff8a4848000 	C:\WINDOWS\System32\KERNELBASE.dll
0x00007ff8a4a40000 - 0x00007ff8a4b40000 	C:\WINDOWS\System32\ucrtbase.dll
0x00007ff89ed20000 - 0x00007ff89ed37000 	C:\Program Files\Java\jdk-11.0.14.1\bin\jli.dll
0x00007ff8a50b0000 - 0x00007ff8a5250000 	C:\WINDOWS\System32\USER32.dll
0x00007ff8a4a10000 - 0x00007ff8a4a32000 	C:\WINDOWS\System32\win32u.dll
0x00007ff8a57f0000 - 0x00007ff8a581b000 	C:\WINDOWS\System32\GDI32.dll
0x00007ff8a4b70000 - 0x00007ff8a4c7b000 	C:\WINDOWS\System32\gdi32full.dll
0x00007ff8a4850000 - 0x00007ff8a48ed000 	C:\WINDOWS\System32\msvcp_win.dll
0x00007ff89ed00000 - 0x00007ff89ed19000 	C:\Program Files\Java\jdk-11.0.14.1\bin\VCRUNTIME140.dll
0x00007ff88b7a0000 - 0x00007ff88ba3a000 	C:\WINDOWS\WinSxS\amd64_microsoft.windows.common-controls_6595b64144ccf1df_6.0.19041.1110_none_60b5254171f9507e\COMCTL32.dll
0x00007ff8a56e0000 - 0x00007ff8a577e000 	C:\WINDOWS\System32\msvcrt.dll
0x00007ff8a6110000 - 0x00007ff8a6140000 	C:\WINDOWS\System32\IMM32.DLL
0x00007ff882d10000 - 0x00007ff882e46000 	C:\Program Files (x86)\Citrix\ICA Client\epclient64.dll
0x00007ff8a4b40000 - 0x00007ff8a4b67000 	C:\WINDOWS\System32\bcrypt.dll
0x00007ff8941a0000 - 0x00007ff8941aa000 	C:\WINDOWS\SYSTEM32\VERSION.dll
0x00007ff8a4d80000 - 0x00007ff8a4e2e000 	C:\WINDOWS\System32\ADVAPI32.dll
0x00007ff8a5630000 - 0x00007ff8a56cc000 	C:\WINDOWS\System32\sechost.dll
0x00007ff8a4e30000 - 0x00007ff8a4f55000 	C:\WINDOWS\System32\RPCRT4.dll
0x00007ff8a3090000 - 0x00007ff8a30c3000 	C:\WINDOWS\SYSTEM32\ntmarta.dll
0x00007ff887940000 - 0x00007ff8879db000 	C:\Program Files\Java\jdk-11.0.14.1\bin\msvcp140.dll
0x00007ff866bc0000 - 0x00007ff867743000 	C:\Program Files\Java\jdk-11.0.14.1\bin\server\jvm.dll
0x00007ff8a56d0000 - 0x00007ff8a56d8000 	C:\WINDOWS\System32\PSAPI.DLL
0x00007ff8930c0000 - 0x00007ff8930c9000 	C:\WINDOWS\SYSTEM32\WSOCK32.dll
0x00007ff8a4f60000 - 0x00007ff8a4fcb000 	C:\WINDOWS\System32\WS2_32.dll
0x00007ff896780000 - 0x00007ff8967a7000 	C:\WINDOWS\SYSTEM32\WINMM.dll
0x00007ff8a2c60000 - 0x00007ff8a2c72000 	C:\WINDOWS\SYSTEM32\kernel.appcore.dll
0x00007ff89f8b0000 - 0x00007ff89f8c0000 	C:\Program Files\Java\jdk-11.0.14.1\bin\verify.dll
0x00007ff8992d0000 - 0x00007ff8994b4000 	C:\WINDOWS\SYSTEM32\DBGHELP.DLL
0x00007ff897fa0000 - 0x00007ff897fcc000 	C:\WINDOWS\SYSTEM32\dbgcore.DLL
0x00007ff8a4390000 - 0x00007ff8a4412000 	C:\WINDOWS\System32\bcryptPrimitives.dll
0x00007ff89d3f0000 - 0x00007ff89d418000 	C:\Program Files\Java\jdk-11.0.14.1\bin\java.dll
0x00007ff89eca0000 - 0x00007ff89ecaa000 	C:\Program Files\Java\jdk-11.0.14.1\bin\jimage.dll
0x00007ff89e350000 - 0x00007ff89e35e000 	C:\Program Files\Java\jdk-11.0.14.1\bin\instrument.dll
0x00007ff89d3d0000 - 0x00007ff89d3e8000 	C:\Program Files\Java\jdk-11.0.14.1\bin\zip.dll
0x00007ff8a6300000 - 0x00007ff8a6a44000 	C:\WINDOWS\System32\SHELL32.dll
0x00007ff8a2440000 - 0x00007ff8a2bd4000 	C:\WINDOWS\SYSTEM32\windows.storage.dll
0x00000226bbd20000 - 0x00000226bc074000 	C:\WINDOWS\System32\combase.dll
0x00007ff8a3df0000 - 0x00007ff8a3e1c000 	C:\WINDOWS\SYSTEM32\Wldp.dll
0x00007ff8a4cd0000 - 0x00007ff8a4d7d000 	C:\WINDOWS\System32\SHCORE.dll
0x00007ff8a5a60000 - 0x00007ff8a5ab5000 	C:\WINDOWS\System32\shlwapi.dll
0x00007ff8a42d0000 - 0x00007ff8a42ef000 	C:\WINDOWS\SYSTEM32\profapi.dll
0x00007ff89d3b0000 - 0x00007ff89d3c9000 	C:\Program Files\Java\jdk-11.0.14.1\bin\net.dll
0x00007ff8976a0000 - 0x00007ff8977a9000 	C:\WINDOWS\SYSTEM32\WINHTTP.dll
0x00007ff8a3b50000 - 0x00007ff8a3bba000 	C:\WINDOWS\system32\mswsock.dll
0x00007ff89ba40000 - 0x00007ff89ba53000 	C:\Program Files\Java\jdk-11.0.14.1\bin\nio.dll
0x00007ff8994c0000 - 0x00007ff8994da000 	C:\Program Files\JetBrains\IntelliJ IDEA Community Edition 2021.3.2\bin\breakgen64.dll

dbghelp: loaded successfully - version: 4.0.5 - missing functions: none
symbol engine: initialized successfully - sym options: 0x614 - pdb path: .;C:\Program Files\Java\jdk-11.0.14.1\bin;C:\WINDOWS\SYSTEM32;C:\WINDOWS\WinSxS\amd64_microsoft.windows.common-controls_6595b64144ccf1df_6.0.19041.1110_none_60b5254171f9507e;C:\Program Files (x86)\Citrix\ICA Client;C:\Program Files\Java\jdk-11.0.14.1\bin\server;C:\Program Files\JetBrains\IntelliJ IDEA Community Edition 2021.3.2\bin

VM Arguments:
jvm_args: -javaagent:C:\Program Files\JetBrains\IntelliJ IDEA Community Edition 2021.3.2\lib\idea_rt.jar=65314:C:\Program Files\JetBrains\IntelliJ IDEA Community Edition 2021.3.2\bin -Dfile.encoding=UTF-8 
java_command: Main
java_class_path (initial): D:\GitHub\Java2HomeTask\target\classes;C:\Users\HP 2540P Intel I7\.m2\repository\com\github\javafaker\javafaker\1.0.2\javafaker-1.0.2.jar;C:\Users\HP 2540P Intel I7\.m2\repository\org\apache\commons\commons-lang3\3.5\commons-lang3-3.5.jar;C:\Users\HP 2540P Intel I7\.m2\repository\org\yaml\snakeyaml\1.23\snakeyaml-1.23-android.jar;C:\Users\HP 2540P Intel I7\.m2\repository\com\github\mifmif\generex\1.0.2\generex-1.0.2.jar;C:\Users\HP 2540P Intel I7\.m2\repository\dk\brics\automaton\automaton\1.11-8\automaton-1.11-8.jar
Launcher Type: SUN_STANDARD

[Global flags]
     intx CICompilerCount                          = 3                                         {product} {ergonomic}
     uint ConcGCThreads                            = 1                                         {product} {ergonomic}
     uint G1ConcRefinementThreads                  = 4                                         {product} {ergonomic}
   size_t G1HeapRegionSize                         = 1048576                                   {product} {ergonomic}
    uintx GCDrainStackTargetSize                   = 64                                        {product} {ergonomic}
   size_t InitialHeapSize                          = 65011712                                  {product} {ergonomic}
   size_t MarkStackSize                            = 4194304                                   {product} {ergonomic}
   size_t MaxHeapSize                              = 1019215872                                {product} {ergonomic}
   size_t MaxNewSize                               = 611319808                                 {product} {ergonomic}
   size_t MinHeapDeltaBytes                        = 1048576                                   {product} {ergonomic}
    uintx NonNMethodCodeHeapSize                   = 5830732                                {pd product} {ergonomic}
    uintx NonProfiledCodeHeapSize                  = 122913754                              {pd product} {ergonomic}
    uintx ProfiledCodeHeapSize                     = 122913754                              {pd product} {ergonomic}
    uintx ReservedCodeCacheSize                    = 251658240                              {pd product} {ergonomic}
     bool SegmentedCodeCache                       = true                                      {product} {ergonomic}
     bool UseCompressedClassPointers               = true                                 {lp64_product} {ergonomic}
     bool UseCompressedOops                        = true                                 {lp64_product} {ergonomic}
     bool UseG1GC                                  = true                                      {product} {ergonomic}
     bool UseLargePagesIndividualAllocation        = false                                  {pd product} {ergonomic}

Logging:
Log output configuration:
 #0: stdout all=warning uptime,level,tags
 #1: stderr all=off uptime,level,tags

Environment Variables:
PATH=C:\Program Files\Common Files\Oracle\Java\javapath;C:\Windows\system32;C:\Windows;C:\Windows\System32\Wbem;C:\Windows\System32\WindowsPowerShell\v1.0\;C:\Program Files (x86)\Git\cmd;C:\Program Files (x86)\Git\bin;C:\WINDOWS\system32;C:\WINDOWS;C:\WINDOWS\System32\Wbem;C:\WINDOWS\System32\WindowsPowerShell\v1.0\;C:\Program Files\Java\tools\apache-maven-3.8.4\bin;D:\App\FarCommander;C:\Users\HP 2540P Intel I7\AppData\Local\Microsoft\WindowsApps;C:\Users\HP 2540P Intel I7\AppData\Local\GitHubDesktop\bin;;C:\Users\HP 2540P Intel I7\AppData\Local\Programs\Microsoft VS Code\bin;C:\Program Files\JetBrains\IntelliJ IDEA Community Edition 2021.3.2\bin;
USERNAME=HP 2540P Intel I7
OS=Windows_NT
PROCESSOR_IDENTIFIER=Intel64 Family 6 Model 37 Stepping 5, GenuineIntel



---------------  S Y S T E M  ---------------

OS: Windows 10 , 64 bit Build 19041 (10.0.19041.1566)
OS uptime: 4 days 21:48 hours

CPU:total 4 (initial active 4) (2 cores per cpu, 2 threads per core) family 6 model 37 stepping 5 microcode 0x7, cmov, cx8, fxsr, mmx, sse, sse2, sse3, ssse3, sse4.1, sse4.2, popcnt, aes, clmul, ht, tsc, tscinvbit

Memory: 4k page, system-wide physical 3887M (364M free)
TotalPageFile size 10802M (AvailPageFile size 98M)
current process WorkingSet (physical memory assigned to process): 213M, peak: 222M
current process commit charge ("private bytes"): 247M, peak: 398M

vm_info: OpenJDK 64-Bit Server VM (11.0.14.1+10-LTS) for windows-amd64 JRE (11.0.14.1+10-LTS), built on Feb  8 2022 00:13:20 by "Administrator" with unknown MS VC++:1916

END.
