#
# There is insufficient memory for the Java Runtime Environment to continue.
# Native memory allocation (mmap) failed to map 168820736 bytes for Failed to commit area from 0x00000000cd500000 to 0x00000000d7600000 of length 168820736.
# Possible reasons:
#   The system is out of physical RAM or swap space
#   The process is running with CompressedOops enabled, and the Java Heap may be blocking the growth of the native heap
# Possible solutions:
#   Reduce memory load on the system
#   Increase physical memory or swap space
#   Check if swap backing store is full
#   Decrease Java heap size (-Xmx/-Xms)
#   Decrease number of Java threads
#   Decrease Java thread stack sizes (-Xss)
#   Set larger code cache with -XX:ReservedCodeCacheSize=
#   JVM is running with Unscaled Compressed Oops mode in which the Java heap is
#     placed in the first 4GB address space. The Java Heap base address is the
#     maximum limit for the native heap growth. Please use -XX:HeapBaseMinAddress
#     to set the Java Heap base and to place the Java Heap above 4GB virtual address.
# This output file may be truncated or incomplete.
#
#  Out of Memory Error (./src/hotspot/os/windows/os_windows.cpp:3387), pid=12588, tid=14224
#
# JRE version: OpenJDK Runtime Environment Corretto-11.0.14.10.1 (11.0.14.1+10) (build 11.0.14.1+10-LTS)
# Java VM: OpenJDK 64-Bit Server VM Corretto-11.0.14.10.1 (11.0.14.1+10-LTS, mixed mode, tiered, compressed oops, g1 gc, windows-amd64)
# No core dump will be written. Minidumps are not enabled by default on client versions of Windows
#

---------------  S U M M A R Y ------------

Command Line: -javaagent:C:\Program Files\JetBrains\IntelliJ IDEA Community Edition 2021.3.2\lib\idea_rt.jar=65280:C:\Program Files\JetBrains\IntelliJ IDEA Community Edition 2021.3.2\bin -Dfile.encoding=UTF-8 Main

Host: Intel(R) Core(TM) i7 CPU       L 640  @ 2.13GHz, 4 cores, 3G,  Windows 10 , 64 bit Build 19041 (10.0.19041.1566)
Time: Mon Mar 28 18:35:13 2022 Астраханское стандартное время elapsed time: 6.424178 seconds (0d 0h 0m 6s)

---------------  T H R E A D  ---------------

Current thread (0x0000021fdc78a000):  VMThread "VM Thread" [stack: 0x0000007ef3d00000,0x0000007ef3e00000] [id=14224]

Stack: [0x0000007ef3d00000,0x0000007ef3e00000]
[error occurred during error reporting (printing stack bounds), id 0xc0000005, EXCEPTION_ACCESS_VIOLATION (0xc0000005) at pc=0x0000021fc8ed113d]

Native frames: (J=compiled Java code, j=interpreted, Vv=VM code, C=native code)
V  [jvm.dll+0x61e62a]
V  [jvm.dll+0x7ab569]
V  [jvm.dll+0x7acc58]
V  [jvm.dll+0x7ad295]
V  [jvm.dll+0x7ad24b]
V  [jvm.dll+0x61d9b7]
V  [jvm.dll+0x61e0c8]
C  [ntdll.dll+0xa20cf]
C  [ntdll.dll+0x51454]
C  [ntdll.dll+0xa0bfe]
C  0x0000021fc8ed113d

VM_Operation (0x0000007ef37fdb20): G1CollectForAllocation, mode: safepoint, requested by thread 0x0000021fc07b5000


---------------  P R O C E S S  ---------------

Threads class SMR info:
_java_thread_list=0x0000021fde666e20, length=11, elements={
0x0000021fc07b5000, 0x0000021fdc7ac000, 0x0000021fdc7b8800, 0x0000021fdc813000,
0x0000021fdc815800, 0x0000021fdc81b000, 0x0000021fdc820000, 0x0000021fdd399000,
0x0000021fdd39a000, 0x0000021fdc753800, 0x0000021fdd669800
}

Java Threads: ( => current thread )
  0x0000021fc07b5000 JavaThread "main" [_thread_blocked, id=15412, stack(0x0000007ef3700000,0x0000007ef3800000)]
  0x0000021fdc7ac000 JavaThread "Reference Handler" daemon [_thread_blocked, id=8088, stack(0x0000007ef3e00000,0x0000007ef3f00000)]
  0x0000021fdc7b8800 JavaThread "Finalizer" daemon [_thread_blocked, id=4888, stack(0x0000007ef3f00000,0x0000007ef4000000)]
  0x0000021fdc813000 JavaThread "Signal Dispatcher" daemon [_thread_blocked, id=12364, stack(0x0000007ef4000000,0x0000007ef4100000)]
  0x0000021fdc815800 JavaThread "Attach Listener" daemon [_thread_blocked, id=9500, stack(0x0000007ef4100000,0x0000007ef4200000)]
  0x0000021fdc81b000 JavaThread "Service Thread" daemon [_thread_blocked, id=3136, stack(0x0000007ef4200000,0x0000007ef4300000)]
  0x0000021fdc820000 JavaThread "C2 CompilerThread0" daemon [_thread_blocked, id=7300, stack(0x0000007ef4300000,0x0000007ef4400000)]
  0x0000021fdd399000 JavaThread "C1 CompilerThread0" daemon [_thread_blocked, id=11464, stack(0x0000007ef4400000,0x0000007ef4500000)]
  0x0000021fdd39a000 JavaThread "Sweeper thread" daemon [_thread_blocked, id=17720, stack(0x0000007ef4500000,0x0000007ef4600000)]
  0x0000021fdc753800 JavaThread "Common-Cleaner" daemon [_thread_blocked, id=3584, stack(0x0000007ef4600000,0x0000007ef4700000)]
  0x0000021fdd669800 JavaThread "Monitor Ctrl-Break" daemon [_thread_in_native, id=12392, stack(0x0000007ef4700000,0x0000007ef4800000)]

Other Threads:
=>0x0000021fdc78a000 VMThread "VM Thread" [stack: 0x0000007ef3d00000,0x0000007ef3e00000] [id=14224]
  0x0000021fdd672000 WatcherThread [stack: 0x0000007ef4800000,0x0000007ef4900000] [id=8624]
  0x0000021fc07ce000 GCTaskThread "GC Thread#0" [stack: 0x0000007ef3800000,0x0000007ef3900000] [id=15352]
  0x0000021fddf3e800 GCTaskThread "GC Thread#1" [stack: 0x0000007ef4a00000,0x0000007ef4b00000] [id=5728]
  0x0000021fddd3a800 GCTaskThread "GC Thread#2" [stack: 0x0000007ef4900000,0x0000007ef4a00000] [id=11448]
  0x0000021fc07e9800 ConcurrentGCThread "G1 Main Marker" [stack: 0x0000007ef3900000,0x0000007ef3a00000] [id=14996]
  0x0000021fc07ec800 ConcurrentGCThread "G1 Conc#0" [stack: 0x0000007ef3a00000,0x0000007ef3b00000] [id=13948]
  0x0000021fc0832800 ConcurrentGCThread "G1 Refine#0" [stack: 0x0000007ef3b00000,0x0000007ef3c00000] [id=4112]
  0x0000021fc0833800 ConcurrentGCThread "G1 Young RemSet Sampling" [stack: 0x0000007ef3c00000,0x0000007ef3d00000] [id=16512]

Threads with active compile tasks:
C2 CompilerThread0   6463 1647       4       org.yaml.snakeyaml.resolver.Resolver::addImplicitResolver (176 bytes)

VM state:at safepoint (normal execution)

VM Mutex/Monitor currently owned by a thread:  ([mutex/lock_event])
[0x0000021fc07b0c20] Threads_lock - owner thread: 0x0000021fdc78a000
[0x0000021fc07b20f0] Heap_lock - owner thread: 0x0000021fc07b5000

Heap address: 0x00000000c3400000, size: 972 MB, Compressed Oops mode: 32-bit
Narrow klass base: 0x0000000000000000, Narrow klass shift: 3
Compressed class space size: 1073741824 Address: 0x0000000100000000

Heap:
 garbage-first heap   total 329728K, used 38970K [0x00000000c3400000, 0x0000000100000000)
  region size 1024K, 9 young (9216K), 9 survivors (9216K)
 Metaspace       used 11071K, capacity 11323K, committed 11648K, reserved 1060864K
  class space    used 976K, capacity 1044K, committed 1152K, reserved 1048576K
Heap Regions: E=young(eden), S=young(survivor), O=old, HS=humongous(starts), HC=humongous(continues), CS=collection set, F=free, A=archive, TAMS=top-at-mark-start (previous, next)
|   0|0x00000000c3400000, 0x00000000c3500000, 0x00000000c3500000|100%| O|  |TAMS 0x00000000c3400000, 0x00000000c3400000| Untracked 
|   1|0x00000000c3500000, 0x00000000c3600000, 0x00000000c3600000|100%| O|  |TAMS 0x00000000c3500000, 0x00000000c3500000| Untracked 
|   2|0x00000000c3600000, 0x00000000c3700000, 0x00000000c3700000|100%| O|  |TAMS 0x00000000c3600000, 0x00000000c3600000| Untracked 
|   3|0x00000000c3700000, 0x00000000c3800000, 0x00000000c3800000|100%| O|  |TAMS 0x00000000c3700000, 0x00000000c3700000| Untracked 
|   4|0x00000000c3800000, 0x00000000c3900000, 0x00000000c3900000|100%| O|  |TAMS 0x00000000c3800000, 0x00000000c3800000| Untracked 
|   5|0x00000000c3900000, 0x00000000c3a00000, 0x00000000c3a00000|100%| O|  |TAMS 0x00000000c3900000, 0x00000000c3900000| Untracked 
|   6|0x00000000c3a00000, 0x00000000c3b00000, 0x00000000c3b00000|100%| O|  |TAMS 0x00000000c3a00000, 0x00000000c3a00000| Untracked 
|   7|0x00000000c3b00000, 0x00000000c3c00000, 0x00000000c3c00000|100%| O|  |TAMS 0x00000000c3b00000, 0x00000000c3b00000| Untracked 
|   8|0x00000000c3c00000, 0x00000000c3d00000, 0x00000000c3d00000|100%| O|  |TAMS 0x00000000c3c00000, 0x00000000c3c00000| Untracked 
|   9|0x00000000c3d00000, 0x00000000c3e00000, 0x00000000c3e00000|100%| O|  |TAMS 0x00000000c3d00000, 0x00000000c3d00000| Untracked 
|  10|0x00000000c3e00000, 0x00000000c3f00000, 0x00000000c3f00000|100%| O|  |TAMS 0x00000000c3e00000, 0x00000000c3e00000| Untracked 
|  11|0x00000000c3f00000, 0x00000000c4000000, 0x00000000c4000000|100%| O|  |TAMS 0x00000000c3f00000, 0x00000000c3f00000| Untracked 
|  12|0x00000000c4000000, 0x00000000c4100000, 0x00000000c4100000|100%| O|  |TAMS 0x00000000c4000000, 0x00000000c4000000| Untracked 
|  13|0x00000000c4100000, 0x00000000c4200000, 0x00000000c4200000|100%| O|  |TAMS 0x00000000c4100000, 0x00000000c4100000| Untracked 
|  14|0x00000000c4200000, 0x00000000c4300000, 0x00000000c4300000|100%| O|  |TAMS 0x00000000c4200000, 0x00000000c4200000| Untracked 
|  15|0x00000000c4300000, 0x00000000c4400000, 0x00000000c4400000|100%| O|  |TAMS 0x00000000c4300000, 0x00000000c4300000| Untracked 
|  16|0x00000000c4400000, 0x00000000c4500000, 0x00000000c4500000|100%| O|  |TAMS 0x00000000c4400000, 0x00000000c4400000| Untracked 
|  17|0x00000000c4500000, 0x00000000c4600000, 0x00000000c4600000|100%| O|  |TAMS 0x00000000c4500000, 0x00000000c4500000| Untracked 
|  18|0x00000000c4600000, 0x00000000c4700000, 0x00000000c4700000|100%| O|  |TAMS 0x00000000c4600000, 0x00000000c4600000| Untracked 
|  19|0x00000000c4700000, 0x00000000c4800000, 0x00000000c4800000|100%| O|  |TAMS 0x00000000c4700000, 0x00000000c4700000| Untracked 
|  20|0x00000000c4800000, 0x00000000c4900000, 0x00000000c4900000|100%| O|  |TAMS 0x00000000c4800000, 0x00000000c4800000| Untracked 
|  21|0x00000000c4900000, 0x00000000c4a00000, 0x00000000c4a00000|100%| O|  |TAMS 0x00000000c4900000, 0x00000000c4900000| Untracked 
|  22|0x00000000c4a00000, 0x00000000c4b00000, 0x00000000c4b00000|100%| O|  |TAMS 0x00000000c4a00000, 0x00000000c4a00000| Untracked 
|  23|0x00000000c4b00000, 0x00000000c4c00000, 0x00000000c4c00000|100%| O|  |TAMS 0x00000000c4b00000, 0x00000000c4b00000| Untracked 
|  24|0x00000000c4c00000, 0x00000000c4d00000, 0x00000000c4d00000|100%| O|  |TAMS 0x00000000c4c00000, 0x00000000c4c00000| Untracked 
|  25|0x00000000c4d00000, 0x00000000c4e00000, 0x00000000c4e00000|100%| O|  |TAMS 0x00000000c4d00000, 0x00000000c4d00000| Untracked 
|  26|0x00000000c4e00000, 0x00000000c4f00000, 0x00000000c4f00000|100%| O|  |TAMS 0x00000000c4e00000, 0x00000000c4e00000| Untracked 
|  27|0x00000000c4f00000, 0x00000000c5000000, 0x00000000c5000000|100%| O|  |TAMS 0x00000000c4f00000, 0x00000000c4f00000| Untracked 
|  28|0x00000000c5000000, 0x00000000c5100000, 0x00000000c5100000|100%| O|  |TAMS 0x00000000c5000000, 0x00000000c5000000| Untracked 
|  29|0x00000000c5100000, 0x00000000c518e800, 0x00000000c5200000| 55%| O|  |TAMS 0x00000000c5100000, 0x00000000c5100000| Untracked 
|  30|0x00000000c5200000, 0x00000000c5200000, 0x00000000c5300000|  0%| F|  |TAMS 0x00000000c5200000, 0x00000000c5200000| Untracked 
|  31|0x00000000c5300000, 0x00000000c5300000, 0x00000000c5400000|  0%| F|  |TAMS 0x00000000c5300000, 0x00000000c5300000| Untracked 
|  32|0x00000000c5400000, 0x00000000c5400000, 0x00000000c5500000|  0%| F|  |TAMS 0x00000000c5400000, 0x00000000c5400000| Untracked 
|  33|0x00000000c5500000, 0x00000000c5500000, 0x00000000c5600000|  0%| F|  |TAMS 0x00000000c5500000, 0x00000000c5500000| Untracked 
|  34|0x00000000c5600000, 0x00000000c5600000, 0x00000000c5700000|  0%| F|  |TAMS 0x00000000c5600000, 0x00000000c5600000| Untracked 
|  35|0x00000000c5700000, 0x00000000c5700000, 0x00000000c5800000|  0%| F|  |TAMS 0x00000000c5700000, 0x00000000c5700000| Untracked 
|  36|0x00000000c5800000, 0x00000000c5800000, 0x00000000c5900000|  0%| F|  |TAMS 0x00000000c5800000, 0x00000000c5800000| Untracked 
|  37|0x00000000c5900000, 0x00000000c5900000, 0x00000000c5a00000|  0%| F|  |TAMS 0x00000000c5900000, 0x00000000c5900000| Untracked 
|  38|0x00000000c5a00000, 0x00000000c5a00000, 0x00000000c5b00000|  0%| F|  |TAMS 0x00000000c5a00000, 0x00000000c5a00000| Untracked 
|  39|0x00000000c5b00000, 0x00000000c5b00000, 0x00000000c5c00000|  0%| F|  |TAMS 0x00000000c5b00000, 0x00000000c5b00000| Untracked 
|  40|0x00000000c5c00000, 0x00000000c5c00000, 0x00000000c5d00000|  0%| F|  |TAMS 0x00000000c5c00000, 0x00000000c5c00000| Untracked 
|  41|0x00000000c5d00000, 0x00000000c5d00000, 0x00000000c5e00000|  0%| F|  |TAMS 0x00000000c5d00000, 0x00000000c5d00000| Untracked 
|  42|0x00000000c5e00000, 0x00000000c5e00000, 0x00000000c5f00000|  0%| F|  |TAMS 0x00000000c5e00000, 0x00000000c5e00000| Untracked 
|  43|0x00000000c5f00000, 0x00000000c5f00000, 0x00000000c6000000|  0%| F|  |TAMS 0x00000000c5f00000, 0x00000000c5f00000| Untracked 
|  44|0x00000000c6000000, 0x00000000c6000000, 0x00000000c6100000|  0%| F|  |TAMS 0x00000000c6000000, 0x00000000c6000000| Untracked 
|  45|0x00000000c6100000, 0x00000000c6100000, 0x00000000c6200000|  0%| F|  |TAMS 0x00000000c6100000, 0x00000000c6100000| Untracked 
|  46|0x00000000c6200000, 0x00000000c6200000, 0x00000000c6300000|  0%| F|  |TAMS 0x00000000c6200000, 0x00000000c6200000| Untracked 
|  47|0x00000000c6300000, 0x00000000c6300000, 0x00000000c6400000|  0%| F|  |TAMS 0x00000000c6300000, 0x00000000c6300000| Untracked 
|  48|0x00000000c6400000, 0x00000000c6400000, 0x00000000c6500000|  0%| F|  |TAMS 0x00000000c6400000, 0x00000000c6400000| Untracked 
|  49|0x00000000c6500000, 0x00000000c6500000, 0x00000000c6600000|  0%| F|  |TAMS 0x00000000c6500000, 0x00000000c6500000| Untracked 
|  50|0x00000000c6600000, 0x00000000c6600000, 0x00000000c6700000|  0%| F|  |TAMS 0x00000000c6600000, 0x00000000c6600000| Untracked 
|  51|0x00000000c6700000, 0x00000000c6700000, 0x00000000c6800000|  0%| F|  |TAMS 0x00000000c6700000, 0x00000000c6700000| Untracked 
|  52|0x00000000c6800000, 0x00000000c6800000, 0x00000000c6900000|  0%| F|  |TAMS 0x00000000c6800000, 0x00000000c6800000| Untracked 
|  53|0x00000000c6900000, 0x00000000c6900000, 0x00000000c6a00000|  0%| F|  |TAMS 0x00000000c6900000, 0x00000000c6900000| Untracked 
|  54|0x00000000c6a00000, 0x00000000c6a00000, 0x00000000c6b00000|  0%| F|  |TAMS 0x00000000c6a00000, 0x00000000c6a00000| Untracked 
|  55|0x00000000c6b00000, 0x00000000c6b00000, 0x00000000c6c00000|  0%| F|  |TAMS 0x00000000c6b00000, 0x00000000c6b00000| Untracked 
|  56|0x00000000c6c00000, 0x00000000c6c80000, 0x00000000c6d00000| 50%| S|CS|TAMS 0x00000000c6c00000, 0x00000000c6c00000| Complete 
|  57|0x00000000c6d00000, 0x00000000c6e00000, 0x00000000c6e00000|100%| S|CS|TAMS 0x00000000c6d00000, 0x00000000c6d00000| Complete 
|  58|0x00000000c6e00000, 0x00000000c6f00000, 0x00000000c6f00000|100%| S|CS|TAMS 0x00000000c6e00000, 0x00000000c6e00000| Complete 
|  59|0x00000000c6f00000, 0x00000000c7000000, 0x00000000c7000000|100%| S|CS|TAMS 0x00000000c6f00000, 0x00000000c6f00000| Complete 
|  60|0x00000000c7000000, 0x00000000c7100000, 0x00000000c7100000|100%| S|CS|TAMS 0x00000000c7000000, 0x00000000c7000000| Complete 
|  61|0x00000000c7100000, 0x00000000c7200000, 0x00000000c7200000|100%| S|CS|TAMS 0x00000000c7100000, 0x00000000c7100000| Complete 
|  62|0x00000000c7200000, 0x00000000c7300000, 0x00000000c7300000|100%| S|CS|TAMS 0x00000000c7200000, 0x00000000c7200000| Complete 
|  63|0x00000000c7300000, 0x00000000c7400000, 0x00000000c7400000|100%| S|CS|TAMS 0x00000000c7300000, 0x00000000c7300000| Complete 
|  64|0x00000000c7400000, 0x00000000c7500000, 0x00000000c7500000|100%| S|CS|TAMS 0x00000000c7400000, 0x00000000c7400000| Complete 
|  65|0x00000000c7500000, 0x00000000c7500000, 0x00000000c7600000|  0%| F|  |TAMS 0x00000000c7500000, 0x00000000c7500000| Untracked 
|  66|0x00000000c7600000, 0x00000000c7600000, 0x00000000c7700000|  0%| F|  |TAMS 0x00000000c7600000, 0x00000000c7600000| Untracked 
|  67|0x00000000c7700000, 0x00000000c7700000, 0x00000000c7800000|  0%| F|  |TAMS 0x00000000c7700000, 0x00000000c7700000| Untracked 
|  68|0x00000000c7800000, 0x00000000c7800000, 0x00000000c7900000|  0%| F|  |TAMS 0x00000000c7800000, 0x00000000c7800000| Untracked 
|  69|0x00000000c7900000, 0x00000000c7900000, 0x00000000c7a00000|  0%| F|  |TAMS 0x00000000c7900000, 0x00000000c7900000| Untracked 
|  70|0x00000000c7a00000, 0x00000000c7a00000, 0x00000000c7b00000|  0%| F|  |TAMS 0x00000000c7a00000, 0x00000000c7a00000| Untracked 
|  71|0x00000000c7b00000, 0x00000000c7b00000, 0x00000000c7c00000|  0%| F|  |TAMS 0x00000000c7b00000, 0x00000000c7b00000| Untracked 
|  72|0x00000000c7c00000, 0x00000000c7c00000, 0x00000000c7d00000|  0%| F|  |TAMS 0x00000000c7c00000, 0x00000000c7c00000| Untracked 
|  73|0x00000000c7d00000, 0x00000000c7d00000, 0x00000000c7e00000|  0%| F|  |TAMS 0x00000000c7d00000, 0x00000000c7d00000| Untracked 
|  74|0x00000000c7e00000, 0x00000000c7e00000, 0x00000000c7f00000|  0%| F|  |TAMS 0x00000000c7e00000, 0x00000000c7e00000| Untracked 
|  75|0x00000000c7f00000, 0x00000000c7f00000, 0x00000000c8000000|  0%| F|  |TAMS 0x00000000c7f00000, 0x00000000c7f00000| Untracked 
|  76|0x00000000c8000000, 0x00000000c8000000, 0x00000000c8100000|  0%| F|  |TAMS 0x00000000c8000000, 0x00000000c8000000| Untracked 
|  77|0x00000000c8100000, 0x00000000c8100000, 0x00000000c8200000|  0%| F|  |TAMS 0x00000000c8100000, 0x00000000c8100000| Untracked 
|  78|0x00000000c8200000, 0x00000000c8200000, 0x00000000c8300000|  0%| F|  |TAMS 0x00000000c8200000, 0x00000000c8200000| Untracked 
|  79|0x00000000c8300000, 0x00000000c8300000, 0x00000000c8400000|  0%| F|  |TAMS 0x00000000c8300000, 0x00000000c8300000| Untracked 
|  80|0x00000000c8400000, 0x00000000c8400000, 0x00000000c8500000|  0%| F|  |TAMS 0x00000000c8400000, 0x00000000c8400000| Untracked 
|  81|0x00000000c8500000, 0x00000000c8500000, 0x00000000c8600000|  0%| F|  |TAMS 0x00000000c8500000, 0x00000000c8500000| Untracked 
|  82|0x00000000c8600000, 0x00000000c8600000, 0x00000000c8700000|  0%| F|  |TAMS 0x00000000c8600000, 0x00000000c8600000| Untracked 
|  83|0x00000000c8700000, 0x00000000c8700000, 0x00000000c8800000|  0%| F|  |TAMS 0x00000000c8700000, 0x00000000c8700000| Untracked 
|  84|0x00000000c8800000, 0x00000000c8800000, 0x00000000c8900000|  0%| F|  |TAMS 0x00000000c8800000, 0x00000000c8800000| Untracked 
|  85|0x00000000c8900000, 0x00000000c8900000, 0x00000000c8a00000|  0%| F|  |TAMS 0x00000000c8900000, 0x00000000c8900000| Untracked 
|  86|0x00000000c8a00000, 0x00000000c8a00000, 0x00000000c8b00000|  0%| F|  |TAMS 0x00000000c8a00000, 0x00000000c8a00000| Untracked 
|  87|0x00000000c8b00000, 0x00000000c8b00000, 0x00000000c8c00000|  0%| F|  |TAMS 0x00000000c8b00000, 0x00000000c8b00000| Untracked 
|  88|0x00000000c8c00000, 0x00000000c8c00000, 0x00000000c8d00000|  0%| F|  |TAMS 0x00000000c8c00000, 0x00000000c8c00000| Untracked 
|  89|0x00000000c8d00000, 0x00000000c8d00000, 0x00000000c8e00000|  0%| F|  |TAMS 0x00000000c8d00000, 0x00000000c8d00000| Untracked 
|  90|0x00000000c8e00000, 0x00000000c8e00000, 0x00000000c8f00000|  0%| F|  |TAMS 0x00000000c8e00000, 0x00000000c8e00000| Untracked 
|  91|0x00000000c8f00000, 0x00000000c8f00000, 0x00000000c9000000|  0%| F|  |TAMS 0x00000000c8f00000, 0x00000000c8f00000| Untracked 
|  92|0x00000000c9000000, 0x00000000c9000000, 0x00000000c9100000|  0%| F|  |TAMS 0x00000000c9000000, 0x00000000c9000000| Untracked 
|  93|0x00000000c9100000, 0x00000000c9100000, 0x00000000c9200000|  0%| F|  |TAMS 0x00000000c9100000, 0x00000000c9100000| Untracked 
|  94|0x00000000c9200000, 0x00000000c9200000, 0x00000000c9300000|  0%| F|  |TAMS 0x00000000c9200000, 0x00000000c9200000| Untracked 
|  95|0x00000000c9300000, 0x00000000c9300000, 0x00000000c9400000|  0%| F|  |TAMS 0x00000000c9300000, 0x00000000c9300000| Untracked 
|  96|0x00000000c9400000, 0x00000000c9400000, 0x00000000c9500000|  0%| F|  |TAMS 0x00000000c9400000, 0x00000000c9400000| Untracked 
|  97|0x00000000c9500000, 0x00000000c9500000, 0x00000000c9600000|  0%| F|  |TAMS 0x00000000c9500000, 0x00000000c9500000| Untracked 
|  98|0x00000000c9600000, 0x00000000c9600000, 0x00000000c9700000|  0%| F|  |TAMS 0x00000000c9600000, 0x00000000c9600000| Untracked 
|  99|0x00000000c9700000, 0x00000000c9700000, 0x00000000c9800000|  0%| F|  |TAMS 0x00000000c9700000, 0x00000000c9700000| Untracked 
| 100|0x00000000c9800000, 0x00000000c9800000, 0x00000000c9900000|  0%| F|  |TAMS 0x00000000c9800000, 0x00000000c9800000| Untracked 
| 101|0x00000000c9900000, 0x00000000c9900000, 0x00000000c9a00000|  0%| F|  |TAMS 0x00000000c9900000, 0x00000000c9900000| Untracked 
| 102|0x00000000c9a00000, 0x00000000c9a00000, 0x00000000c9b00000|  0%| F|  |TAMS 0x00000000c9a00000, 0x00000000c9a00000| Untracked 
| 103|0x00000000c9b00000, 0x00000000c9b00000, 0x00000000c9c00000|  0%| F|  |TAMS 0x00000000c9b00000, 0x00000000c9b00000| Untracked 
| 104|0x00000000c9c00000, 0x00000000c9c00000, 0x00000000c9d00000|  0%| F|  |TAMS 0x00000000c9c00000, 0x00000000c9c00000| Untracked 
| 105|0x00000000c9d00000, 0x00000000c9d00000, 0x00000000c9e00000|  0%| F|  |TAMS 0x00000000c9d00000, 0x00000000c9d00000| Untracked 
| 106|0x00000000c9e00000, 0x00000000c9e00000, 0x00000000c9f00000|  0%| F|  |TAMS 0x00000000c9e00000, 0x00000000c9e00000| Untracked 
| 107|0x00000000c9f00000, 0x00000000c9f00000, 0x00000000ca000000|  0%| F|  |TAMS 0x00000000c9f00000, 0x00000000c9f00000| Untracked 
| 108|0x00000000ca000000, 0x00000000ca000000, 0x00000000ca100000|  0%| F|  |TAMS 0x00000000ca000000, 0x00000000ca000000| Untracked 
| 109|0x00000000ca100000, 0x00000000ca100000, 0x00000000ca200000|  0%| F|  |TAMS 0x00000000ca100000, 0x00000000ca100000| Untracked 
| 110|0x00000000ca200000, 0x00000000ca200000, 0x00000000ca300000|  0%| F|  |TAMS 0x00000000ca200000, 0x00000000ca200000| Untracked 
| 111|0x00000000ca300000, 0x00000000ca300000, 0x00000000ca400000|  0%| F|  |TAMS 0x00000000ca300000, 0x00000000ca300000| Untracked 
| 112|0x00000000ca400000, 0x00000000ca400000, 0x00000000ca500000|  0%| F|  |TAMS 0x00000000ca400000, 0x00000000ca400000| Untracked 
| 113|0x00000000ca500000, 0x00000000ca500000, 0x00000000ca600000|  0%| F|  |TAMS 0x00000000ca500000, 0x00000000ca500000| Untracked 
| 114|0x00000000ca600000, 0x00000000ca600000, 0x00000000ca700000|  0%| F|  |TAMS 0x00000000ca600000, 0x00000000ca600000| Untracked 
| 115|0x00000000ca700000, 0x00000000ca700000, 0x00000000ca800000|  0%| F|  |TAMS 0x00000000ca700000, 0x00000000ca700000| Untracked 
| 116|0x00000000ca800000, 0x00000000ca800000, 0x00000000ca900000|  0%| F|  |TAMS 0x00000000ca800000, 0x00000000ca800000| Untracked 
| 117|0x00000000ca900000, 0x00000000ca900000, 0x00000000caa00000|  0%| F|  |TAMS 0x00000000ca900000, 0x00000000ca900000| Untracked 
| 118|0x00000000caa00000, 0x00000000caa00000, 0x00000000cab00000|  0%| F|  |TAMS 0x00000000caa00000, 0x00000000caa00000| Untracked 
| 119|0x00000000cab00000, 0x00000000cab00000, 0x00000000cac00000|  0%| F|  |TAMS 0x00000000cab00000, 0x00000000cab00000| Untracked 
| 120|0x00000000cac00000, 0x00000000cac00000, 0x00000000cad00000|  0%| F|  |TAMS 0x00000000cac00000, 0x00000000cac00000| Untracked 
| 121|0x00000000cad00000, 0x00000000cad00000, 0x00000000cae00000|  0%| F|  |TAMS 0x00000000cad00000, 0x00000000cad00000| Untracked 
| 122|0x00000000cae00000, 0x00000000cae00000, 0x00000000caf00000|  0%| F|  |TAMS 0x00000000cae00000, 0x00000000cae00000| Untracked 
| 123|0x00000000caf00000, 0x00000000caf00000, 0x00000000cb000000|  0%| F|  |TAMS 0x00000000caf00000, 0x00000000caf00000| Untracked 
| 124|0x00000000cb000000, 0x00000000cb000000, 0x00000000cb100000|  0%| F|  |TAMS 0x00000000cb000000, 0x00000000cb000000| Untracked 
| 125|0x00000000cb100000, 0x00000000cb100000, 0x00000000cb200000|  0%| F|  |TAMS 0x00000000cb100000, 0x00000000cb100000| Untracked 
| 126|0x00000000cb200000, 0x00000000cb200000, 0x00000000cb300000|  0%| F|  |TAMS 0x00000000cb200000, 0x00000000cb200000| Untracked 
| 127|0x00000000cb300000, 0x00000000cb300000, 0x00000000cb400000|  0%| F|  |TAMS 0x00000000cb300000, 0x00000000cb300000| Untracked 
| 128|0x00000000cb400000, 0x00000000cb400000, 0x00000000cb500000|  0%| F|  |TAMS 0x00000000cb400000, 0x00000000cb400000| Untracked 
| 129|0x00000000cb500000, 0x00000000cb500000, 0x00000000cb600000|  0%| F|  |TAMS 0x00000000cb500000, 0x00000000cb500000| Untracked 
| 130|0x00000000cb600000, 0x00000000cb600000, 0x00000000cb700000|  0%| F|  |TAMS 0x00000000cb600000, 0x00000000cb600000| Untracked 
| 131|0x00000000cb700000, 0x00000000cb700000, 0x00000000cb800000|  0%| F|  |TAMS 0x00000000cb700000, 0x00000000cb700000| Untracked 
| 132|0x00000000cb800000, 0x00000000cb800000, 0x00000000cb900000|  0%| F|  |TAMS 0x00000000cb800000, 0x00000000cb800000| Untracked 
| 133|0x00000000cb900000, 0x00000000cb900000, 0x00000000cba00000|  0%| F|  |TAMS 0x00000000cb900000, 0x00000000cb900000| Untracked 
| 134|0x00000000cba00000, 0x00000000cba00000, 0x00000000cbb00000|  0%| F|  |TAMS 0x00000000cba00000, 0x00000000cba00000| Untracked 
| 135|0x00000000cbb00000, 0x00000000cbb00000, 0x00000000cbc00000|  0%| F|  |TAMS 0x00000000cbb00000, 0x00000000cbb00000| Untracked 
| 136|0x00000000cbc00000, 0x00000000cbc00000, 0x00000000cbd00000|  0%| F|  |TAMS 0x00000000cbc00000, 0x00000000cbc00000| Untracked 
| 137|0x00000000cbd00000, 0x00000000cbd00000, 0x00000000cbe00000|  0%| F|  |TAMS 0x00000000cbd00000, 0x00000000cbd00000| Untracked 
| 138|0x00000000cbe00000, 0x00000000cbe00000, 0x00000000cbf00000|  0%| F|  |TAMS 0x00000000cbe00000, 0x00000000cbe00000| Untracked 
| 139|0x00000000cbf00000, 0x00000000cbf00000, 0x00000000cc000000|  0%| F|  |TAMS 0x00000000cbf00000, 0x00000000cbf00000| Untracked 
| 140|0x00000000cc000000, 0x00000000cc000000, 0x00000000cc100000|  0%| F|  |TAMS 0x00000000cc000000, 0x00000000cc000000| Untracked 
| 141|0x00000000cc100000, 0x00000000cc100000, 0x00000000cc200000|  0%| F|  |TAMS 0x00000000cc100000, 0x00000000cc100000| Untracked 
| 142|0x00000000cc200000, 0x00000000cc200000, 0x00000000cc300000|  0%| F|  |TAMS 0x00000000cc200000, 0x00000000cc200000| Untracked 
| 143|0x00000000cc300000, 0x00000000cc300000, 0x00000000cc400000|  0%| F|  |TAMS 0x00000000cc300000, 0x00000000cc300000| Untracked 
| 144|0x00000000cc400000, 0x00000000cc400000, 0x00000000cc500000|  0%| F|  |TAMS 0x00000000cc400000, 0x00000000cc400000| Untracked 
| 145|0x00000000cc500000, 0x00000000cc500000, 0x00000000cc600000|  0%| F|  |TAMS 0x00000000cc500000, 0x00000000cc500000| Untracked 
| 146|0x00000000cc600000, 0x00000000cc600000, 0x00000000cc700000|  0%| F|  |TAMS 0x00000000cc600000, 0x00000000cc600000| Untracked 
| 147|0x00000000cc700000, 0x00000000cc700000, 0x00000000cc800000|  0%| F|  |TAMS 0x00000000cc700000, 0x00000000cc700000| Untracked 
| 148|0x00000000cc800000, 0x00000000cc800000, 0x00000000cc900000|  0%| F|  |TAMS 0x00000000cc800000, 0x00000000cc800000| Untracked 
| 149|0x00000000cc900000, 0x00000000cc900000, 0x00000000cca00000|  0%| F|  |TAMS 0x00000000cc900000, 0x00000000cc900000| Untracked 
| 150|0x00000000cca00000, 0x00000000cca00000, 0x00000000ccb00000|  0%| F|  |TAMS 0x00000000cca00000, 0x00000000cca00000| Untracked 
| 151|0x00000000ccb00000, 0x00000000ccb00000, 0x00000000ccc00000|  0%| F|  |TAMS 0x00000000ccb00000, 0x00000000ccb00000| Untracked 
| 152|0x00000000ccc00000, 0x00000000ccc00000, 0x00000000ccd00000|  0%| F|  |TAMS 0x00000000ccc00000, 0x00000000ccc00000| Untracked 
| 153|0x00000000ccd00000, 0x00000000ccd00000, 0x00000000cce00000|  0%| F|  |TAMS 0x00000000ccd00000, 0x00000000ccd00000| Untracked 
| 154|0x00000000cce00000, 0x00000000cce00000, 0x00000000ccf00000|  0%| F|  |TAMS 0x00000000cce00000, 0x00000000cce00000| Untracked 
| 155|0x00000000ccf00000, 0x00000000ccf00000, 0x00000000cd000000|  0%| F|  |TAMS 0x00000000ccf00000, 0x00000000ccf00000| Untracked 
| 156|0x00000000cd000000, 0x00000000cd000000, 0x00000000cd100000|  0%| F|  |TAMS 0x00000000cd000000, 0x00000000cd000000| Untracked 
| 157|0x00000000cd100000, 0x00000000cd100000, 0x00000000cd200000|  0%| F|  |TAMS 0x00000000cd100000, 0x00000000cd100000| Untracked 
| 158|0x00000000cd200000, 0x00000000cd200000, 0x00000000cd300000|  0%| F|  |TAMS 0x00000000cd200000, 0x00000000cd200000| Untracked 
| 159|0x00000000cd300000, 0x00000000cd300000, 0x00000000cd400000|  0%| F|  |TAMS 0x00000000cd300000, 0x00000000cd300000| Untracked 
| 160|0x00000000cd400000, 0x00000000cd400000, 0x00000000cd500000|  0%| F|  |TAMS 0x00000000cd400000, 0x00000000cd400000| Untracked 

Card table byte_map: [0x0000021fd80c0000,0x0000021fd82b0000] _byte_map_base: 0x0000021fd7aa6000

Marking Bits (Prev, Next): (CMBitMap*) 0x0000021fc07e4c98, (CMBitMap*) 0x0000021fc07e4cd0
 Prev Bits: [0x0000021fd84a0000, 0x0000021fd93d0000)
 Next Bits: [0x0000021fd93d0000, 0x0000021fda300000)

Polling page: 0x0000021fbe790000

Metaspace:

Usage:
  Non-class:     10.04 MB capacity,     9.86 MB ( 98%) used,   170.45 KB (  2%) free+waste,    14.13 KB ( <1%) overhead. 
      Class:      1.02 MB capacity,   976.74 KB ( 94%) used,    61.45 KB (  6%) free+waste,     5.81 KB ( <1%) overhead. 
       Both:     11.06 MB capacity,    10.81 MB ( 98%) used,   231.90 KB (  2%) free+waste,    19.94 KB ( <1%) overhead. 

Virtual space:
  Non-class space:       12.00 MB reserved,      10.25 MB ( 85%) committed 
      Class space:        1.00 GB reserved,       1.13 MB ( <1%) committed 
             Both:        1.01 GB reserved,      11.38 MB (  1%) committed 

Chunk freelists:
   Non-Class:  25.00 KB
       Class:  0 bytes
        Both:  25.00 KB

MaxMetaspaceSize: 17179869184.00 GB
CompressedClassSpaceSize: 1.00 GB
Initial GC threshold: 20.80 MB
Current GC threshold: 20.80 MB
CDS: off

CodeHeap 'non-profiled nmethods': size=120064Kb used=882Kb max_used=882Kb free=119182Kb
 bounds [0x0000021fd0990000, 0x0000021fd0c00000, 0x0000021fd7ed0000]
CodeHeap 'profiled nmethods': size=120000Kb used=3278Kb max_used=3278Kb free=116721Kb
 bounds [0x0000021fc9460000, 0x0000021fc97a0000, 0x0000021fd0990000]
CodeHeap 'non-nmethods': size=5696Kb used=1119Kb max_used=1153Kb free=4576Kb
 bounds [0x0000021fc8ed0000, 0x0000021fc9140000, 0x0000021fc9460000]
 total_blobs=2000 nmethods=1629 adapters=285
 compilation: enabled
              stopped_count=0, restarted_count=0
 full_count=0

Compilation events (20 events):
Event: 6.266 Thread 0x0000021fdd399000 1639       3       java.util.regex.Matcher::end (67 bytes)
Event: 6.267 Thread 0x0000021fdd399000 nmethod 1639 0x0000021fc978cf10 code [0x0000021fc978d1a0, 0x0000021fc978dc08]
Event: 6.271 Thread 0x0000021fdd399000 1640   !   3       jdk.internal.loader.URLClassPath::check (123 bytes)
Event: 6.273 Thread 0x0000021fdd399000 nmethod 1640 0x0000021fc978e010 code [0x0000021fc978e2c0, 0x0000021fc978f128]
Event: 6.296 Thread 0x0000021fdc820000 nmethod 1632 0x0000021fd0a68f90 code [0x0000021fd0a691c0, 0x0000021fd0a6a590]
Event: 6.296 Thread 0x0000021fdc820000 1641       4       sun.net.www.ParseUtil::firstEncodeIndex (86 bytes)
Event: 6.301 Thread 0x0000021fdc820000 nmethod 1641 0x0000021fd0a6b810 code [0x0000021fd0a6b9c0, 0x0000021fd0a6bb78]
Event: 6.301 Thread 0x0000021fdc820000 1633   !   4       java.nio.charset.CharsetDecoder::decode (287 bytes)
Event: 6.303 Thread 0x0000021fdd399000 1642       3       java.util.AbstractCollection::toString (89 bytes)
Event: 6.305 Thread 0x0000021fdd399000 nmethod 1642 0x0000021fc978f510 code [0x0000021fc978f820, 0x0000021fc97907a8]
Event: 6.306 Thread 0x0000021fdc820000 nmethod 1633 0x0000021fd0a6bd90 code [0x0000021fd0a6bf40, 0x0000021fd0a6c1e8]
Event: 6.322 Thread 0x0000021fdc820000 1643       4       java.util.HashMap::<init> (11 bytes)
Event: 6.323 Thread 0x0000021fdc820000 nmethod 1643 0x0000021fd0a6c510 code [0x0000021fd0a6c6a0, 0x0000021fd0a6c718]
Event: 6.326 Thread 0x0000021fdd399000 1644       3       java.io.PushbackInputStream::unread (47 bytes)
Event: 6.327 Thread 0x0000021fdd399000 nmethod 1644 0x0000021fc9790c90 code [0x0000021fc9790e80, 0x0000021fc97912e8]
Event: 6.327 Thread 0x0000021fdd399000 1645       3       sun.nio.cs.StreamDecoder::<init> (59 bytes)
Event: 6.327 Thread 0x0000021fdd399000 nmethod 1645 0x0000021fc9791490 code [0x0000021fc97916c0, 0x0000021fc9791f28]
Event: 6.380 Thread 0x0000021fdd399000 1646       3       java.lang.Class::privateGetPublicMethods (224 bytes)
Event: 6.381 Thread 0x0000021fdd399000 nmethod 1646 0x0000021fc9792210 code [0x0000021fc97924e0, 0x0000021fc97931d8]
Event: 6.385 Thread 0x0000021fdc820000 1647       4       org.yaml.snakeyaml.resolver.Resolver::addImplicitResolver (176 bytes)

GC Heap History (20 events):
Event: 3.714 GC heap after
{Heap after GC invocations=7 (full 0):
 garbage-first heap   total 76800K, used 11236K [0x00000000c3400000, 0x0000000100000000)
  region size 1024K, 4 young (4096K), 4 survivors (4096K)
 Metaspace       used 10782K, capacity 10995K, committed 11136K, reserved 1058816K
  class space    used 967K, capacity 1042K, committed 1152K, reserved 1048576K
}
Event: 3.858 GC heap before
{Heap before GC invocations=7 (full 0):
 garbage-first heap   total 76800K, used 53220K [0x00000000c3400000, 0x0000000100000000)
  region size 1024K, 45 young (46080K), 4 survivors (4096K)
 Metaspace       used 10793K, capacity 10995K, committed 11136K, reserved 1058816K
  class space    used 967K, capacity 1042K, committed 1152K, reserved 1048576K
}
Event: 3.874 GC heap after
{Heap after GC invocations=8 (full 0):
 garbage-first heap   total 76800K, used 13026K [0x00000000c3400000, 0x0000000100000000)
  region size 1024K, 4 young (4096K), 4 survivors (4096K)
 Metaspace       used 10793K, capacity 10995K, committed 11136K, reserved 1058816K
  class space    used 967K, capacity 1042K, committed 1152K, reserved 1048576K
}
Event: 3.999 GC heap before
{Heap before GC invocations=8 (full 0):
 garbage-first heap   total 76800K, used 55010K [0x00000000c3400000, 0x0000000100000000)
  region size 1024K, 45 young (46080K), 4 survivors (4096K)
 Metaspace       used 10819K, capacity 11061K, committed 11392K, reserved 1058816K
  class space    used 967K, capacity 1042K, committed 1152K, reserved 1048576K
}
Event: 4.018 GC heap after
{Heap after GC invocations=9 (full 0):
 garbage-first heap   total 100352K, used 14711K [0x00000000c3400000, 0x0000000100000000)
  region size 1024K, 4 young (4096K), 4 survivors (4096K)
 Metaspace       used 10819K, capacity 11061K, committed 11392K, reserved 1058816K
  class space    used 967K, capacity 1042K, committed 1152K, reserved 1048576K
}
Event: 4.244 GC heap before
{Heap before GC invocations=9 (full 0):
 garbage-first heap   total 100352K, used 70007K [0x00000000c3400000, 0x0000000100000000)
  region size 1024K, 58 young (59392K), 4 survivors (4096K)
 Metaspace       used 10929K, capacity 11195K, committed 11392K, reserved 1058816K
  class space    used 976K, capacity 1044K, committed 1152K, reserved 1048576K
}
Event: 4.265 GC heap after
{Heap after GC invocations=10 (full 0):
 garbage-first heap   total 100352K, used 17792K [0x00000000c3400000, 0x0000000100000000)
  region size 1024K, 7 young (7168K), 7 survivors (7168K)
 Metaspace       used 10929K, capacity 11195K, committed 11392K, reserved 1058816K
  class space    used 976K, capacity 1044K, committed 1152K, reserved 1048576K
}
Event: 4.656 GC heap before
{Heap before GC invocations=10 (full 0):
 garbage-first heap   total 100352K, used 70016K [0x00000000c3400000, 0x0000000100000000)
  region size 1024K, 58 young (59392K), 7 survivors (7168K)
 Metaspace       used 10948K, capacity 11195K, committed 11392K, reserved 1058816K
  class space    used 976K, capacity 1044K, committed 1152K, reserved 1048576K
}
Event: 4.682 GC heap after
{Heap after GC invocations=11 (full 0):
 garbage-first heap   total 100352K, used 19383K [0x00000000c3400000, 0x0000000100000000)
  region size 1024K, 5 young (5120K), 5 survivors (5120K)
 Metaspace       used 10948K, capacity 11195K, committed 11392K, reserved 1058816K
  class space    used 976K, capacity 1044K, committed 1152K, reserved 1048576K
}
Event: 4.850 GC heap before
{Heap before GC invocations=11 (full 0):
 garbage-first heap   total 100352K, used 73655K [0x00000000c3400000, 0x0000000100000000)
  region size 1024K, 58 young (59392K), 5 survivors (5120K)
 Metaspace       used 10970K, capacity 11195K, committed 11392K, reserved 1058816K
  class space    used 976K, capacity 1044K, committed 1152K, reserved 1048576K
}
Event: 4.874 GC heap after
{Heap after GC invocations=12 (full 0):
 garbage-first heap   total 100352K, used 21689K [0x00000000c3400000, 0x0000000100000000)
  region size 1024K, 5 young (5120K), 5 survivors (5120K)
 Metaspace       used 10970K, capacity 11195K, committed 11392K, reserved 1058816K
  class space    used 976K, capacity 1044K, committed 1152K, reserved 1048576K
}
Event: 5.056 GC heap before
{Heap before GC invocations=12 (full 0):
 garbage-first heap   total 100352K, used 75961K [0x00000000c3400000, 0x0000000100000000)
  region size 1024K, 58 young (59392K), 5 survivors (5120K)
 Metaspace       used 10973K, capacity 11195K, committed 11392K, reserved 1058816K
  class space    used 976K, capacity 1044K, committed 1152K, reserved 1048576K
}
Event: 5.083 GC heap after
{Heap after GC invocations=13 (full 0):
 garbage-first heap   total 164864K, used 24723K [0x00000000c3400000, 0x0000000100000000)
  region size 1024K, 6 young (6144K), 6 survivors (6144K)
 Metaspace       used 10973K, capacity 11195K, committed 11392K, reserved 1058816K
  class space    used 976K, capacity 1044K, committed 1152K, reserved 1048576K
}
Event: 5.606 GC heap before
{Heap before GC invocations=13 (full 0):
 garbage-first heap   total 164864K, used 102547K [0x00000000c3400000, 0x0000000100000000)
  region size 1024K, 82 young (83968K), 6 survivors (6144K)
 Metaspace       used 10979K, capacity 11195K, committed 11392K, reserved 1058816K
  class space    used 976K, capacity 1044K, committed 1152K, reserved 1048576K
}
Event: 5.647 GC heap after
{Heap after GC invocations=14 (full 0):
 garbage-first heap   total 164864K, used 26846K [0x00000000c3400000, 0x0000000100000000)
  region size 1024K, 8 young (8192K), 8 survivors (8192K)
 Metaspace       used 10979K, capacity 11195K, committed 11392K, reserved 1058816K
  class space    used 976K, capacity 1044K, committed 1152K, reserved 1048576K
}
Event: 5.922 GC heap before
{Heap before GC invocations=14 (full 0):
 garbage-first heap   total 164864K, used 116958K [0x00000000c3400000, 0x0000000100000000)
  region size 1024K, 96 young (98304K), 8 survivors (8192K)
 Metaspace       used 10996K, capacity 11259K, committed 11392K, reserved 1058816K
  class space    used 976K, capacity 1044K, committed 1152K, reserved 1048576K
}
Event: 5.950 GC heap after
{Heap after GC invocations=15 (full 0):
 garbage-first heap   total 164864K, used 31080K [0x00000000c3400000, 0x0000000100000000)
  region size 1024K, 10 young (10240K), 10 survivors (10240K)
 Metaspace       used 10996K, capacity 11259K, committed 11392K, reserved 1058816K
  class space    used 976K, capacity 1044K, committed 1152K, reserved 1048576K
}
Event: 6.193 GC heap before
{Heap before GC invocations=15 (full 0):
 garbage-first heap   total 164864K, used 119144K [0x00000000c3400000, 0x0000000100000000)
  region size 1024K, 96 young (98304K), 10 survivors (10240K)
 Metaspace       used 11065K, capacity 11323K, committed 11648K, reserved 1060864K
  class space    used 976K, capacity 1044K, committed 1152K, reserved 1048576K
}
Event: 6.221 GC heap after
{Heap after GC invocations=16 (full 0):
 garbage-first heap   total 164864K, used 34868K [0x00000000c3400000, 0x0000000100000000)
  region size 1024K, 9 young (9216K), 9 survivors (9216K)
 Metaspace       used 11065K, capacity 11323K, committed 11648K, reserved 1060864K
  class space    used 976K, capacity 1044K, committed 1152K, reserved 1048576K
}
Event: 6.393 GC heap before
{Heap before GC invocations=16 (full 0):
 garbage-first heap   total 164864K, used 123956K [0x00000000c3400000, 0x0000000100000000)
  region size 1024K, 96 young (98304K), 9 survivors (9216K)
 Metaspace       used 11071K, capacity 11323K, committed 11648K, reserved 1060864K
  class space    used 976K, capacity 1044K, committed 1152K, reserved 1048576K
}

Deoptimization events (20 events):
Event: 2.702 Thread 0x0000021fc07b5000 DEOPT PACKING pc=0x0000021fc95d3197 sp=0x0000007ef37fef50
Event: 2.702 Thread 0x0000021fc07b5000 DEOPT UNPACKING pc=0x0000021fc8f1a93f sp=0x0000007ef37fe420 mode 0
Event: 2.706 Thread 0x0000021fc07b5000 DEOPT PACKING pc=0x0000021fc9487ce5 sp=0x0000007ef37fed00
Event: 2.706 Thread 0x0000021fc07b5000 DEOPT UNPACKING pc=0x0000021fc8f1a93f sp=0x0000007ef37fe168 mode 0
Event: 2.911 Thread 0x0000021fc07b5000 DEOPT PACKING pc=0x0000021fc9639808 sp=0x0000007ef37fe2a0
Event: 2.912 Thread 0x0000021fc07b5000 DEOPT UNPACKING pc=0x0000021fc8f1a93f sp=0x0000007ef37fd768 mode 0
Event: 3.002 Thread 0x0000021fc07b5000 DEOPT PACKING pc=0x0000021fc9638c51 sp=0x0000007ef37fe460
Event: 3.002 Thread 0x0000021fc07b5000 DEOPT UNPACKING pc=0x0000021fc8f1a93f sp=0x0000007ef37fda00 mode 0
Event: 3.042 Thread 0x0000021fc07b5000 DEOPT PACKING pc=0x0000021fc964050e sp=0x0000007ef37fedf0
Event: 3.042 Thread 0x0000021fc07b5000 DEOPT UNPACKING pc=0x0000021fc8f1a93f sp=0x0000007ef37fe288 mode 0
Event: 3.256 Thread 0x0000021fc07b5000 DEOPT PACKING pc=0x0000021fc96a195e sp=0x0000007ef37fe460
Event: 3.256 Thread 0x0000021fc07b5000 DEOPT UNPACKING pc=0x0000021fc8f1a93f sp=0x0000007ef37fda00 mode 0
Event: 3.520 Thread 0x0000021fc07b5000 DEOPT PACKING pc=0x0000021fc9682aad sp=0x0000007ef37fe000
Event: 3.520 Thread 0x0000021fc07b5000 DEOPT UNPACKING pc=0x0000021fc8f1a93f sp=0x0000007ef37fd4b0 mode 0
Event: 4.103 Thread 0x0000021fc07b5000 DEOPT PACKING pc=0x0000021fc9683798 sp=0x0000007ef37ff060
Event: 4.103 Thread 0x0000021fc07b5000 DEOPT UNPACKING pc=0x0000021fc8f1a93f sp=0x0000007ef37fe508 mode 0
Event: 4.810 Thread 0x0000021fc07b5000 DEOPT PACKING pc=0x0000021fc96447fa sp=0x0000007ef37fe8a0
Event: 4.810 Thread 0x0000021fc07b5000 DEOPT UNPACKING pc=0x0000021fc8f1a93f sp=0x0000007ef37fde88 mode 0
Event: 5.034 Thread 0x0000021fc07b5000 DEOPT PACKING pc=0x0000021fc96447d9 sp=0x0000007ef37fe980
Event: 5.034 Thread 0x0000021fc07b5000 DEOPT UNPACKING pc=0x0000021fc8f1a93f sp=0x0000007ef37fdf68 mode 0

Classes redefined (0 events):
No events

Internal exceptions (4 events):
Event: 1.104 Thread 0x0000021fdc815800 Exception <a 'java/lang/NoSuchMethodError'{0x00000000c6bb0940}: 'java.lang.Object java.lang.invoke.DirectMethodHandle$Holder.invokeStaticInit(java.lang.Object, int)'> (0x00000000c6bb0940) thrown at [./src/hotspot/share/interpreter/linkResolver.cpp, line 773]
Event: 1.673 Thread 0x0000021fc07b5000 Exception <a 'java/lang/NoSuchMethodError'{0x00000000c6fce908}: 'java.lang.Object java.lang.invoke.Invokers$Holder.linkToTargetMethod(java.lang.Object, int, java.lang.Object)'> (0x00000000c6fce908) thrown at [./src/hotspot/share/interpreter/linkResolver.cpp, line 773]
Event: 1.691 Thread 0x0000021fc07b5000 Implicit null exception at 0x0000021fd09ce3fd to 0x0000021fd09cea40
Event: 1.691 Thread 0x0000021fc07b5000 Implicit null exception at 0x0000021fd09db91b to 0x0000021fd09dc37c

Events (20 events):
Event: 5.649 Executing VM operation: RevokeBias done
Event: 5.649 Executing VM operation: RevokeBias
Event: 5.649 Executing VM operation: RevokeBias done
Event: 5.649 Executing VM operation: RevokeBias
Event: 5.649 Executing VM operation: RevokeBias done
Event: 5.922 Executing VM operation: G1CollectForAllocation
Event: 5.950 Executing VM operation: G1CollectForAllocation done
Event: 5.951 Executing VM operation: RevokeBias
Event: 5.951 Executing VM operation: RevokeBias done
Event: 5.951 Executing VM operation: RevokeBias
Event: 5.951 Executing VM operation: RevokeBias done
Event: 6.193 Executing VM operation: G1CollectForAllocation
Event: 6.221 Executing VM operation: G1CollectForAllocation done
Event: 6.221 Executing VM operation: RevokeBias
Event: 6.222 Executing VM operation: RevokeBias done
Event: 6.222 Executing VM operation: RevokeBias
Event: 6.222 Executing VM operation: RevokeBias done
Event: 6.222 Executing VM operation: RevokeBias
Event: 6.222 Executing VM operation: RevokeBias done
Event: 6.393 Executing VM operation: G1CollectForAllocation


Dynamic libraries:
0x00007ff78c680000 - 0x00007ff78c68d000 	C:\Program Files\Java\jdk-11.0.14.1\bin\java.exe
0x00007ff8a6c70000 - 0x00007ff8a6e65000 	C:\WINDOWS\SYSTEM32\ntdll.dll
0x00007ff8a6a50000 - 0x00007ff8a6b0e000 	C:\WINDOWS\System32\KERNEL32.DLL
0x00007ff8a4580000 - 0x00007ff8a4848000 	C:\WINDOWS\System32\KERNELBASE.dll
0x00007ff8a4a40000 - 0x00007ff8a4b40000 	C:\WINDOWS\System32\ucrtbase.dll
0x00007ff89ed20000 - 0x00007ff89ed37000 	C:\Program Files\Java\jdk-11.0.14.1\bin\jli.dll
0x00007ff8a50b0000 - 0x00007ff8a5250000 	C:\WINDOWS\System32\USER32.dll
0x00007ff8a4a10000 - 0x00007ff8a4a32000 	C:\WINDOWS\System32\win32u.dll
0x00007ff8a57f0000 - 0x00007ff8a581b000 	C:\WINDOWS\System32\GDI32.dll
0x00007ff8a4b70000 - 0x00007ff8a4c7b000 	C:\WINDOWS\System32\gdi32full.dll
0x00007ff8a4850000 - 0x00007ff8a48ed000 	C:\WINDOWS\System32\msvcp_win.dll
0x00007ff89ed00000 - 0x00007ff89ed19000 	C:\Program Files\Java\jdk-11.0.14.1\bin\VCRUNTIME140.dll
0x00007ff88b7a0000 - 0x00007ff88ba3a000 	C:\WINDOWS\WinSxS\amd64_microsoft.windows.common-controls_6595b64144ccf1df_6.0.19041.1110_none_60b5254171f9507e\COMCTL32.dll
0x00007ff8a56e0000 - 0x00007ff8a577e000 	C:\WINDOWS\System32\msvcrt.dll
0x00007ff8a6110000 - 0x00007ff8a6140000 	C:\WINDOWS\System32\IMM32.DLL
0x00007ff882d10000 - 0x00007ff882e46000 	C:\Program Files (x86)\Citrix\ICA Client\epclient64.dll
0x00007ff8a4b40000 - 0x00007ff8a4b67000 	C:\WINDOWS\System32\bcrypt.dll
0x00007ff8941a0000 - 0x00007ff8941aa000 	C:\WINDOWS\SYSTEM32\VERSION.dll
0x00007ff8a4d80000 - 0x00007ff8a4e2e000 	C:\WINDOWS\System32\ADVAPI32.dll
0x00007ff8a5630000 - 0x00007ff8a56cc000 	C:\WINDOWS\System32\sechost.dll
0x00007ff8a4e30000 - 0x00007ff8a4f55000 	C:\WINDOWS\System32\RPCRT4.dll
0x00007ff8a3090000 - 0x00007ff8a30c3000 	C:\WINDOWS\SYSTEM32\ntmarta.dll
0x00007ff887940000 - 0x00007ff8879db000 	C:\Program Files\Java\jdk-11.0.14.1\bin\msvcp140.dll
0x00007ff866bc0000 - 0x00007ff867743000 	C:\Program Files\Java\jdk-11.0.14.1\bin\server\jvm.dll
0x00007ff8a56d0000 - 0x00007ff8a56d8000 	C:\WINDOWS\System32\PSAPI.DLL
0x00007ff8930c0000 - 0x00007ff8930c9000 	C:\WINDOWS\SYSTEM32\WSOCK32.dll
0x00007ff8a4f60000 - 0x00007ff8a4fcb000 	C:\WINDOWS\System32\WS2_32.dll
0x00007ff896780000 - 0x00007ff8967a7000 	C:\WINDOWS\SYSTEM32\WINMM.dll
0x00007ff8a2c60000 - 0x00007ff8a2c72000 	C:\WINDOWS\SYSTEM32\kernel.appcore.dll
0x00007ff89f8b0000 - 0x00007ff89f8c0000 	C:\Program Files\Java\jdk-11.0.14.1\bin\verify.dll
0x00007ff8992d0000 - 0x00007ff8994b4000 	C:\WINDOWS\SYSTEM32\DBGHELP.DLL
0x00007ff897fa0000 - 0x00007ff897fcc000 	C:\WINDOWS\SYSTEM32\dbgcore.DLL
0x00007ff8a4390000 - 0x00007ff8a4412000 	C:\WINDOWS\System32\bcryptPrimitives.dll
0x00007ff89d3f0000 - 0x00007ff89d418000 	C:\Program Files\Java\jdk-11.0.14.1\bin\java.dll
0x00007ff89eca0000 - 0x00007ff89ecaa000 	C:\Program Files\Java\jdk-11.0.14.1\bin\jimage.dll
0x00007ff89e350000 - 0x00007ff89e35e000 	C:\Program Files\Java\jdk-11.0.14.1\bin\instrument.dll
0x00007ff89d3d0000 - 0x00007ff89d3e8000 	C:\Program Files\Java\jdk-11.0.14.1\bin\zip.dll
0x00007ff8a6300000 - 0x00007ff8a6a44000 	C:\WINDOWS\System32\SHELL32.dll
0x00007ff8a2440000 - 0x00007ff8a2bd4000 	C:\WINDOWS\SYSTEM32\windows.storage.dll
0x0000021fdd030000 - 0x0000021fdd384000 	C:\WINDOWS\System32\combase.dll
0x00007ff8a3df0000 - 0x00007ff8a3e1c000 	C:\WINDOWS\SYSTEM32\Wldp.dll
0x00007ff8a4cd0000 - 0x00007ff8a4d7d000 	C:\WINDOWS\System32\SHCORE.dll
0x00007ff8a5a60000 - 0x00007ff8a5ab5000 	C:\WINDOWS\System32\shlwapi.dll
0x00007ff8a42d0000 - 0x00007ff8a42ef000 	C:\WINDOWS\SYSTEM32\profapi.dll
0x00007ff89d3b0000 - 0x00007ff89d3c9000 	C:\Program Files\Java\jdk-11.0.14.1\bin\net.dll
0x00007ff8976a0000 - 0x00007ff8977a9000 	C:\WINDOWS\SYSTEM32\WINHTTP.dll
0x00007ff8a3b50000 - 0x00007ff8a3bba000 	C:\WINDOWS\system32\mswsock.dll
0x00007ff89ba40000 - 0x00007ff89ba53000 	C:\Program Files\Java\jdk-11.0.14.1\bin\nio.dll
0x00007ff8994c0000 - 0x00007ff8994da000 	C:\Program Files\JetBrains\IntelliJ IDEA Community Edition 2021.3.2\bin\breakgen64.dll

dbghelp: loaded successfully - version: 4.0.5 - missing functions: none
symbol engine: initialized successfully - sym options: 0x614 - pdb path: .;C:\Program Files\Java\jdk-11.0.14.1\bin;C:\WINDOWS\SYSTEM32;C:\WINDOWS\WinSxS\amd64_microsoft.windows.common-controls_6595b64144ccf1df_6.0.19041.1110_none_60b5254171f9507e;C:\Program Files (x86)\Citrix\ICA Client;C:\Program Files\Java\jdk-11.0.14.1\bin\server;C:\Program Files\JetBrains\IntelliJ IDEA Community Edition 2021.3.2\bin

VM Arguments:
jvm_args: -javaagent:C:\Program Files\JetBrains\IntelliJ IDEA Community Edition 2021.3.2\lib\idea_rt.jar=65280:C:\Program Files\JetBrains\IntelliJ IDEA Community Edition 2021.3.2\bin -Dfile.encoding=UTF-8 
java_command: Main
java_class_path (initial): D:\GitHub\Java2HomeTask\target\classes;C:\Users\HP 2540P Intel I7\.m2\repository\com\github\javafaker\javafaker\1.0.2\javafaker-1.0.2.jar;C:\Users\HP 2540P Intel I7\.m2\repository\org\apache\commons\commons-lang3\3.5\commons-lang3-3.5.jar;C:\Users\HP 2540P Intel I7\.m2\repository\org\yaml\snakeyaml\1.23\snakeyaml-1.23-android.jar;C:\Users\HP 2540P Intel I7\.m2\repository\com\github\mifmif\generex\1.0.2\generex-1.0.2.jar;C:\Users\HP 2540P Intel I7\.m2\repository\dk\brics\automaton\automaton\1.11-8\automaton-1.11-8.jar
Launcher Type: SUN_STANDARD

[Global flags]
     intx CICompilerCount                          = 3                                         {product} {ergonomic}
     uint ConcGCThreads                            = 1                                         {product} {ergonomic}
     uint G1ConcRefinementThreads                  = 4                                         {product} {ergonomic}
   size_t G1HeapRegionSize                         = 1048576                                   {product} {ergonomic}
    uintx GCDrainStackTargetSize                   = 64                                        {product} {ergonomic}
   size_t InitialHeapSize                          = 65011712                                  {product} {ergonomic}
   size_t MarkStackSize                            = 4194304                                   {product} {ergonomic}
   size_t MaxHeapSize                              = 1019215872                                {product} {ergonomic}
   size_t MaxNewSize                               = 611319808                                 {product} {ergonomic}
   size_t MinHeapDeltaBytes                        = 1048576                                   {product} {ergonomic}
    uintx NonNMethodCodeHeapSize                   = 5830732                                {pd product} {ergonomic}
    uintx NonProfiledCodeHeapSize                  = 122913754                              {pd product} {ergonomic}
    uintx ProfiledCodeHeapSize                     = 122913754                              {pd product} {ergonomic}
    uintx ReservedCodeCacheSize                    = 251658240                              {pd product} {ergonomic}
     bool SegmentedCodeCache                       = true                                      {product} {ergonomic}
     bool UseCompressedClassPointers               = true                                 {lp64_product} {ergonomic}
     bool UseCompressedOops                        = true                                 {lp64_product} {ergonomic}
     bool UseG1GC                                  = true                                      {product} {ergonomic}
     bool UseLargePagesIndividualAllocation        = false                                  {pd product} {ergonomic}

Logging:
Log output configuration:
 #0: stdout all=warning uptime,level,tags
 #1: stderr all=off uptime,level,tags

Environment Variables:
PATH=C:\Program Files\Common Files\Oracle\Java\javapath;C:\Windows\system32;C:\Windows;C:\Windows\System32\Wbem;C:\Windows\System32\WindowsPowerShell\v1.0\;C:\Program Files (x86)\Git\cmd;C:\Program Files (x86)\Git\bin;C:\WINDOWS\system32;C:\WINDOWS;C:\WINDOWS\System32\Wbem;C:\WINDOWS\System32\WindowsPowerShell\v1.0\;C:\Program Files\Java\tools\apache-maven-3.8.4\bin;D:\App\FarCommander;C:\Users\HP 2540P Intel I7\AppData\Local\Microsoft\WindowsApps;C:\Users\HP 2540P Intel I7\AppData\Local\GitHubDesktop\bin;;C:\Users\HP 2540P Intel I7\AppData\Local\Programs\Microsoft VS Code\bin;C:\Program Files\JetBrains\IntelliJ IDEA Community Edition 2021.3.2\bin;
USERNAME=HP 2540P Intel I7
OS=Windows_NT
PROCESSOR_IDENTIFIER=Intel64 Family 6 Model 37 Stepping 5, GenuineIntel



---------------  S Y S T E M  ---------------

OS: Windows 10 , 64 bit Build 19041 (10.0.19041.1566)
OS uptime: 4 days 21:47 hours

CPU:total 4 (initial active 4) (2 cores per cpu, 2 threads per core) family 6 model 37 stepping 5 microcode 0x7, cmov, cx8, fxsr, mmx, sse, sse2, sse3, ssse3, sse4.1, sse4.2, popcnt, aes, clmul, ht, tsc, tscinvbit

Memory: 4k page, system-wide physical 3887M (381M free)
TotalPageFile size 10802M (AvailPageFile size 91M)
current process WorkingSet (physical memory assigned to process): 215M, peak: 222M
current process commit charge ("private bytes"): 249M, peak: 410M

vm_info: OpenJDK 64-Bit Server VM (11.0.14.1+10-LTS) for windows-amd64 JRE (11.0.14.1+10-LTS), built on Feb  8 2022 00:13:20 by "Administrator" with unknown MS VC++:1916

END.
